2022-10-25 19:54:30,507 - auto_trading_logger - INFO - Starting
2022-10-25 19:55:22,552 - auto_trading_logger - INFO - Starting
2022-10-25 19:56:54,337 - auto_trading_logger - INFO - Starting
2022-10-25 19:57:58,701 - auto_trading_logger - INFO - Starting
2022-10-25 20:00:13,813 - auto_trading_logger - INFO - Starting
2022-10-25 20:01:15,000 - auto_trading_logger - INFO - Starting
2022-10-25 20:04:46,510 - auto_trading_logger - INFO - Starting
2022-10-25 20:11:32,916 - auto_trading_logger - INFO - Starting
2022-10-25 20:58:21,923 - auto_trading_logger - INFO - Starting
2022-10-25 20:59:57,803 - auto_trading_logger - INFO - Starting
2022-10-25 21:05:46,065 - auto_trading_logger - INFO - Starting
2022-10-25 21:09:00,354 - auto_trading_logger - INFO - Starting
2022-10-25 21:09:03,515 - auto_trading_logger - ERROR - Error while test stage......
Traceback (most recent call last):
  File "c:\Users\mhy54\binance-auto-trading\binance-auto-trading\scheduler.py", line 18, in _run_job
    super()._run_job(job)
  File "C:\Users\mhy54\anaconda3\lib\site-packages\schedule\__init__.py", line 172, in _run_job
    ret = job.run()
  File "C:\Users\mhy54\anaconda3\lib\site-packages\schedule\__init__.py", line 661, in run
    ret = self.job_func()
TypeError: testing() missing 1 required positional argument: 'self'

2022-10-25 21:09:04,532 - auto_trading_logger - ERROR - Error while test stage......
Traceback (most recent call last):
  File "c:\Users\mhy54\binance-auto-trading\binance-auto-trading\scheduler.py", line 18, in _run_job
    super()._run_job(job)
  File "C:\Users\mhy54\anaconda3\lib\site-packages\schedule\__init__.py", line 172, in _run_job
    ret = job.run()
  File "C:\Users\mhy54\anaconda3\lib\site-packages\schedule\__init__.py", line 661, in run
    ret = self.job_func()
TypeError: testing() missing 1 required positional argument: 'self'

2022-10-25 21:09:05,548 - auto_trading_logger - ERROR - Error while test stage......
Traceback (most recent call last):
  File "c:\Users\mhy54\binance-auto-trading\binance-auto-trading\scheduler.py", line 18, in _run_job
    super()._run_job(job)
  File "C:\Users\mhy54\anaconda3\lib\site-packages\schedule\__init__.py", line 172, in _run_job
    ret = job.run()
  File "C:\Users\mhy54\anaconda3\lib\site-packages\schedule\__init__.py", line 661, in run
    ret = self.job_func()
TypeError: testing() missing 1 required positional argument: 'self'

2022-10-25 21:09:06,559 - auto_trading_logger - ERROR - Error while test stage......
Traceback (most recent call last):
  File "c:\Users\mhy54\binance-auto-trading\binance-auto-trading\scheduler.py", line 18, in _run_job
    super()._run_job(job)
  File "C:\Users\mhy54\anaconda3\lib\site-packages\schedule\__init__.py", line 172, in _run_job
    ret = job.run()
  File "C:\Users\mhy54\anaconda3\lib\site-packages\schedule\__init__.py", line 661, in run
    ret = self.job_func()
TypeError: testing() missing 1 required positional argument: 'self'

2022-10-25 21:09:07,572 - auto_trading_logger - ERROR - Error while test stage......
Traceback (most recent call last):
  File "c:\Users\mhy54\binance-auto-trading\binance-auto-trading\scheduler.py", line 18, in _run_job
    super()._run_job(job)
  File "C:\Users\mhy54\anaconda3\lib\site-packages\schedule\__init__.py", line 172, in _run_job
    ret = job.run()
  File "C:\Users\mhy54\anaconda3\lib\site-packages\schedule\__init__.py", line 661, in run
    ret = self.job_func()
TypeError: testing() missing 1 required positional argument: 'self'

2022-10-25 21:09:08,581 - auto_trading_logger - ERROR - Error while test stage......
Traceback (most recent call last):
  File "c:\Users\mhy54\binance-auto-trading\binance-auto-trading\scheduler.py", line 18, in _run_job
    super()._run_job(job)
  File "C:\Users\mhy54\anaconda3\lib\site-packages\schedule\__init__.py", line 172, in _run_job
    ret = job.run()
  File "C:\Users\mhy54\anaconda3\lib\site-packages\schedule\__init__.py", line 661, in run
    ret = self.job_func()
TypeError: testing() missing 1 required positional argument: 'self'

2022-10-25 21:09:38,683 - auto_trading_logger - INFO - Starting
2022-10-25 21:18:44,900 - auto_trading_logger - INFO - Starting
2022-10-25 21:23:45,972 - auto_trading_logger - ERROR - Error while test stage......
Traceback (most recent call last):
  File "c:\Users\mhy54\binance-auto-trading\binance-auto-trading\scheduler.py", line 18, in _run_job
    super()._run_job(job)
  File "C:\Users\mhy54\anaconda3\lib\site-packages\schedule\__init__.py", line 172, in _run_job
    ret = job.run()
  File "C:\Users\mhy54\anaconda3\lib\site-packages\schedule\__init__.py", line 661, in run
    ret = self.job_func()
TypeError: testing() missing 1 required positional argument: 'self'

2022-10-25 21:23:46,980 - auto_trading_logger - ERROR - Error while test stage......
Traceback (most recent call last):
  File "c:\Users\mhy54\binance-auto-trading\binance-auto-trading\scheduler.py", line 18, in _run_job
    super()._run_job(job)
  File "C:\Users\mhy54\anaconda3\lib\site-packages\schedule\__init__.py", line 172, in _run_job
    ret = job.run()
  File "C:\Users\mhy54\anaconda3\lib\site-packages\schedule\__init__.py", line 661, in run
    ret = self.job_func()
TypeError: testing() missing 1 required positional argument: 'self'

2022-10-25 21:23:47,993 - auto_trading_logger - ERROR - Error while test stage......
Traceback (most recent call last):
  File "c:\Users\mhy54\binance-auto-trading\binance-auto-trading\scheduler.py", line 18, in _run_job
    super()._run_job(job)
  File "C:\Users\mhy54\anaconda3\lib\site-packages\schedule\__init__.py", line 172, in _run_job
    ret = job.run()
  File "C:\Users\mhy54\anaconda3\lib\site-packages\schedule\__init__.py", line 661, in run
    ret = self.job_func()
TypeError: testing() missing 1 required positional argument: 'self'

2022-10-25 21:23:49,004 - auto_trading_logger - ERROR - Error while test stage......
Traceback (most recent call last):
  File "c:\Users\mhy54\binance-auto-trading\binance-auto-trading\scheduler.py", line 18, in _run_job
    super()._run_job(job)
  File "C:\Users\mhy54\anaconda3\lib\site-packages\schedule\__init__.py", line 172, in _run_job
    ret = job.run()
  File "C:\Users\mhy54\anaconda3\lib\site-packages\schedule\__init__.py", line 661, in run
    ret = self.job_func()
TypeError: testing() missing 1 required positional argument: 'self'

2022-10-25 21:23:50,019 - auto_trading_logger - ERROR - Error while test stage......
Traceback (most recent call last):
  File "c:\Users\mhy54\binance-auto-trading\binance-auto-trading\scheduler.py", line 18, in _run_job
    super()._run_job(job)
  File "C:\Users\mhy54\anaconda3\lib\site-packages\schedule\__init__.py", line 172, in _run_job
    ret = job.run()
  File "C:\Users\mhy54\anaconda3\lib\site-packages\schedule\__init__.py", line 661, in run
    ret = self.job_func()
TypeError: testing() missing 1 required positional argument: 'self'

2022-10-25 21:23:51,031 - auto_trading_logger - ERROR - Error while test stage......
Traceback (most recent call last):
  File "c:\Users\mhy54\binance-auto-trading\binance-auto-trading\scheduler.py", line 18, in _run_job
    super()._run_job(job)
  File "C:\Users\mhy54\anaconda3\lib\site-packages\schedule\__init__.py", line 172, in _run_job
    ret = job.run()
  File "C:\Users\mhy54\anaconda3\lib\site-packages\schedule\__init__.py", line 661, in run
    ret = self.job_func()
TypeError: testing() missing 1 required positional argument: 'self'

2022-10-25 21:23:52,040 - auto_trading_logger - ERROR - Error while test stage......
Traceback (most recent call last):
  File "c:\Users\mhy54\binance-auto-trading\binance-auto-trading\scheduler.py", line 18, in _run_job
    super()._run_job(job)
  File "C:\Users\mhy54\anaconda3\lib\site-packages\schedule\__init__.py", line 172, in _run_job
    ret = job.run()
  File "C:\Users\mhy54\anaconda3\lib\site-packages\schedule\__init__.py", line 661, in run
    ret = self.job_func()
TypeError: testing() missing 1 required positional argument: 'self'

2022-10-25 21:23:53,048 - auto_trading_logger - ERROR - Error while test stage......
Traceback (most recent call last):
  File "c:\Users\mhy54\binance-auto-trading\binance-auto-trading\scheduler.py", line 18, in _run_job
    super()._run_job(job)
  File "C:\Users\mhy54\anaconda3\lib\site-packages\schedule\__init__.py", line 172, in _run_job
    ret = job.run()
  File "C:\Users\mhy54\anaconda3\lib\site-packages\schedule\__init__.py", line 661, in run
    ret = self.job_func()
TypeError: testing() missing 1 required positional argument: 'self'

2022-10-25 21:23:54,060 - auto_trading_logger - ERROR - Error while test stage......
Traceback (most recent call last):
  File "c:\Users\mhy54\binance-auto-trading\binance-auto-trading\scheduler.py", line 18, in _run_job
    super()._run_job(job)
  File "C:\Users\mhy54\anaconda3\lib\site-packages\schedule\__init__.py", line 172, in _run_job
    ret = job.run()
  File "C:\Users\mhy54\anaconda3\lib\site-packages\schedule\__init__.py", line 661, in run
    ret = self.job_func()
TypeError: testing() missing 1 required positional argument: 'self'

2022-10-25 21:23:55,074 - auto_trading_logger - ERROR - Error while test stage......
Traceback (most recent call last):
  File "c:\Users\mhy54\binance-auto-trading\binance-auto-trading\scheduler.py", line 18, in _run_job
    super()._run_job(job)
  File "C:\Users\mhy54\anaconda3\lib\site-packages\schedule\__init__.py", line 172, in _run_job
    ret = job.run()
  File "C:\Users\mhy54\anaconda3\lib\site-packages\schedule\__init__.py", line 661, in run
    ret = self.job_func()
TypeError: testing() missing 1 required positional argument: 'self'

2022-10-25 21:23:56,083 - auto_trading_logger - ERROR - Error while test stage......
Traceback (most recent call last):
  File "c:\Users\mhy54\binance-auto-trading\binance-auto-trading\scheduler.py", line 18, in _run_job
    super()._run_job(job)
  File "C:\Users\mhy54\anaconda3\lib\site-packages\schedule\__init__.py", line 172, in _run_job
    ret = job.run()
  File "C:\Users\mhy54\anaconda3\lib\site-packages\schedule\__init__.py", line 661, in run
    ret = self.job_func()
TypeError: testing() missing 1 required positional argument: 'self'

2022-10-25 21:23:57,093 - auto_trading_logger - ERROR - Error while test stage......
Traceback (most recent call last):
  File "c:\Users\mhy54\binance-auto-trading\binance-auto-trading\scheduler.py", line 18, in _run_job
    super()._run_job(job)
  File "C:\Users\mhy54\anaconda3\lib\site-packages\schedule\__init__.py", line 172, in _run_job
    ret = job.run()
  File "C:\Users\mhy54\anaconda3\lib\site-packages\schedule\__init__.py", line 661, in run
    ret = self.job_func()
TypeError: testing() missing 1 required positional argument: 'self'

2022-10-25 21:23:58,106 - auto_trading_logger - ERROR - Error while test stage......
Traceback (most recent call last):
  File "c:\Users\mhy54\binance-auto-trading\binance-auto-trading\scheduler.py", line 18, in _run_job
    super()._run_job(job)
  File "C:\Users\mhy54\anaconda3\lib\site-packages\schedule\__init__.py", line 172, in _run_job
    ret = job.run()
  File "C:\Users\mhy54\anaconda3\lib\site-packages\schedule\__init__.py", line 661, in run
    ret = self.job_func()
TypeError: testing() missing 1 required positional argument: 'self'

2022-10-25 21:23:59,119 - auto_trading_logger - ERROR - Error while test stage......
Traceback (most recent call last):
  File "c:\Users\mhy54\binance-auto-trading\binance-auto-trading\scheduler.py", line 18, in _run_job
    super()._run_job(job)
  File "C:\Users\mhy54\anaconda3\lib\site-packages\schedule\__init__.py", line 172, in _run_job
    ret = job.run()
  File "C:\Users\mhy54\anaconda3\lib\site-packages\schedule\__init__.py", line 661, in run
    ret = self.job_func()
TypeError: testing() missing 1 required positional argument: 'self'

2022-10-25 21:24:00,128 - auto_trading_logger - ERROR - Error while test stage......
Traceback (most recent call last):
  File "c:\Users\mhy54\binance-auto-trading\binance-auto-trading\scheduler.py", line 18, in _run_job
    super()._run_job(job)
  File "C:\Users\mhy54\anaconda3\lib\site-packages\schedule\__init__.py", line 172, in _run_job
    ret = job.run()
  File "C:\Users\mhy54\anaconda3\lib\site-packages\schedule\__init__.py", line 661, in run
    ret = self.job_func()
TypeError: testing() missing 1 required positional argument: 'self'

2022-10-25 21:24:01,139 - auto_trading_logger - ERROR - Error while test stage......
Traceback (most recent call last):
  File "c:\Users\mhy54\binance-auto-trading\binance-auto-trading\scheduler.py", line 18, in _run_job
    super()._run_job(job)
  File "C:\Users\mhy54\anaconda3\lib\site-packages\schedule\__init__.py", line 172, in _run_job
    ret = job.run()
  File "C:\Users\mhy54\anaconda3\lib\site-packages\schedule\__init__.py", line 661, in run
    ret = self.job_func()
TypeError: testing() missing 1 required positional argument: 'self'

2022-10-25 21:24:02,148 - auto_trading_logger - ERROR - Error while test stage......
Traceback (most recent call last):
  File "c:\Users\mhy54\binance-auto-trading\binance-auto-trading\scheduler.py", line 18, in _run_job
    super()._run_job(job)
  File "C:\Users\mhy54\anaconda3\lib\site-packages\schedule\__init__.py", line 172, in _run_job
    ret = job.run()
  File "C:\Users\mhy54\anaconda3\lib\site-packages\schedule\__init__.py", line 661, in run
    ret = self.job_func()
TypeError: testing() missing 1 required positional argument: 'self'

2022-10-25 21:24:03,163 - auto_trading_logger - ERROR - Error while test stage......
Traceback (most recent call last):
  File "c:\Users\mhy54\binance-auto-trading\binance-auto-trading\scheduler.py", line 18, in _run_job
    super()._run_job(job)
  File "C:\Users\mhy54\anaconda3\lib\site-packages\schedule\__init__.py", line 172, in _run_job
    ret = job.run()
  File "C:\Users\mhy54\anaconda3\lib\site-packages\schedule\__init__.py", line 661, in run
    ret = self.job_func()
TypeError: testing() missing 1 required positional argument: 'self'

2022-10-25 21:24:04,173 - auto_trading_logger - ERROR - Error while test stage......
Traceback (most recent call last):
  File "c:\Users\mhy54\binance-auto-trading\binance-auto-trading\scheduler.py", line 18, in _run_job
    super()._run_job(job)
  File "C:\Users\mhy54\anaconda3\lib\site-packages\schedule\__init__.py", line 172, in _run_job
    ret = job.run()
  File "C:\Users\mhy54\anaconda3\lib\site-packages\schedule\__init__.py", line 661, in run
    ret = self.job_func()
TypeError: testing() missing 1 required positional argument: 'self'

2022-10-25 21:24:05,191 - auto_trading_logger - ERROR - Error while test stage......
Traceback (most recent call last):
  File "c:\Users\mhy54\binance-auto-trading\binance-auto-trading\scheduler.py", line 18, in _run_job
    super()._run_job(job)
  File "C:\Users\mhy54\anaconda3\lib\site-packages\schedule\__init__.py", line 172, in _run_job
    ret = job.run()
  File "C:\Users\mhy54\anaconda3\lib\site-packages\schedule\__init__.py", line 661, in run
    ret = self.job_func()
TypeError: testing() missing 1 required positional argument: 'self'

2022-10-25 21:24:06,202 - auto_trading_logger - ERROR - Error while test stage......
Traceback (most recent call last):
  File "c:\Users\mhy54\binance-auto-trading\binance-auto-trading\scheduler.py", line 18, in _run_job
    super()._run_job(job)
  File "C:\Users\mhy54\anaconda3\lib\site-packages\schedule\__init__.py", line 172, in _run_job
    ret = job.run()
  File "C:\Users\mhy54\anaconda3\lib\site-packages\schedule\__init__.py", line 661, in run
    ret = self.job_func()
TypeError: testing() missing 1 required positional argument: 'self'

2022-10-25 21:24:07,207 - auto_trading_logger - ERROR - Error while test stage......
Traceback (most recent call last):
  File "c:\Users\mhy54\binance-auto-trading\binance-auto-trading\scheduler.py", line 18, in _run_job
    super()._run_job(job)
  File "C:\Users\mhy54\anaconda3\lib\site-packages\schedule\__init__.py", line 172, in _run_job
    ret = job.run()
  File "C:\Users\mhy54\anaconda3\lib\site-packages\schedule\__init__.py", line 661, in run
    ret = self.job_func()
TypeError: testing() missing 1 required positional argument: 'self'

2022-10-25 21:24:08,221 - auto_trading_logger - ERROR - Error while test stage......
Traceback (most recent call last):
  File "c:\Users\mhy54\binance-auto-trading\binance-auto-trading\scheduler.py", line 18, in _run_job
    super()._run_job(job)
  File "C:\Users\mhy54\anaconda3\lib\site-packages\schedule\__init__.py", line 172, in _run_job
    ret = job.run()
  File "C:\Users\mhy54\anaconda3\lib\site-packages\schedule\__init__.py", line 661, in run
    ret = self.job_func()
TypeError: testing() missing 1 required positional argument: 'self'

2022-10-25 21:24:09,226 - auto_trading_logger - ERROR - Error while test stage......
Traceback (most recent call last):
  File "c:\Users\mhy54\binance-auto-trading\binance-auto-trading\scheduler.py", line 18, in _run_job
    super()._run_job(job)
  File "C:\Users\mhy54\anaconda3\lib\site-packages\schedule\__init__.py", line 172, in _run_job
    ret = job.run()
  File "C:\Users\mhy54\anaconda3\lib\site-packages\schedule\__init__.py", line 661, in run
    ret = self.job_func()
TypeError: testing() missing 1 required positional argument: 'self'

2022-10-25 21:24:10,242 - auto_trading_logger - ERROR - Error while test stage......
Traceback (most recent call last):
  File "c:\Users\mhy54\binance-auto-trading\binance-auto-trading\scheduler.py", line 18, in _run_job
    super()._run_job(job)
  File "C:\Users\mhy54\anaconda3\lib\site-packages\schedule\__init__.py", line 172, in _run_job
    ret = job.run()
  File "C:\Users\mhy54\anaconda3\lib\site-packages\schedule\__init__.py", line 661, in run
    ret = self.job_func()
TypeError: testing() missing 1 required positional argument: 'self'

2022-10-25 21:24:11,252 - auto_trading_logger - ERROR - Error while test stage......
Traceback (most recent call last):
  File "c:\Users\mhy54\binance-auto-trading\binance-auto-trading\scheduler.py", line 18, in _run_job
    super()._run_job(job)
  File "C:\Users\mhy54\anaconda3\lib\site-packages\schedule\__init__.py", line 172, in _run_job
    ret = job.run()
  File "C:\Users\mhy54\anaconda3\lib\site-packages\schedule\__init__.py", line 661, in run
    ret = self.job_func()
TypeError: testing() missing 1 required positional argument: 'self'

2022-10-25 21:24:12,269 - auto_trading_logger - ERROR - Error while test stage......
Traceback (most recent call last):
  File "c:\Users\mhy54\binance-auto-trading\binance-auto-trading\scheduler.py", line 18, in _run_job
    super()._run_job(job)
  File "C:\Users\mhy54\anaconda3\lib\site-packages\schedule\__init__.py", line 172, in _run_job
    ret = job.run()
  File "C:\Users\mhy54\anaconda3\lib\site-packages\schedule\__init__.py", line 661, in run
    ret = self.job_func()
TypeError: testing() missing 1 required positional argument: 'self'

2022-10-25 21:24:13,284 - auto_trading_logger - ERROR - Error while test stage......
Traceback (most recent call last):
  File "c:\Users\mhy54\binance-auto-trading\binance-auto-trading\scheduler.py", line 18, in _run_job
    super()._run_job(job)
  File "C:\Users\mhy54\anaconda3\lib\site-packages\schedule\__init__.py", line 172, in _run_job
    ret = job.run()
  File "C:\Users\mhy54\anaconda3\lib\site-packages\schedule\__init__.py", line 661, in run
    ret = self.job_func()
TypeError: testing() missing 1 required positional argument: 'self'

2022-10-25 21:24:14,298 - auto_trading_logger - ERROR - Error while test stage......
Traceback (most recent call last):
  File "c:\Users\mhy54\binance-auto-trading\binance-auto-trading\scheduler.py", line 18, in _run_job
    super()._run_job(job)
  File "C:\Users\mhy54\anaconda3\lib\site-packages\schedule\__init__.py", line 172, in _run_job
    ret = job.run()
  File "C:\Users\mhy54\anaconda3\lib\site-packages\schedule\__init__.py", line 661, in run
    ret = self.job_func()
TypeError: testing() missing 1 required positional argument: 'self'

2022-10-25 21:24:15,313 - auto_trading_logger - ERROR - Error while test stage......
Traceback (most recent call last):
  File "c:\Users\mhy54\binance-auto-trading\binance-auto-trading\scheduler.py", line 18, in _run_job
    super()._run_job(job)
  File "C:\Users\mhy54\anaconda3\lib\site-packages\schedule\__init__.py", line 172, in _run_job
    ret = job.run()
  File "C:\Users\mhy54\anaconda3\lib\site-packages\schedule\__init__.py", line 661, in run
    ret = self.job_func()
TypeError: testing() missing 1 required positional argument: 'self'

2022-10-25 21:24:16,316 - auto_trading_logger - ERROR - Error while test stage......
Traceback (most recent call last):
  File "c:\Users\mhy54\binance-auto-trading\binance-auto-trading\scheduler.py", line 18, in _run_job
    super()._run_job(job)
  File "C:\Users\mhy54\anaconda3\lib\site-packages\schedule\__init__.py", line 172, in _run_job
    ret = job.run()
  File "C:\Users\mhy54\anaconda3\lib\site-packages\schedule\__init__.py", line 661, in run
    ret = self.job_func()
TypeError: testing() missing 1 required positional argument: 'self'

2022-10-25 21:24:17,323 - auto_trading_logger - ERROR - Error while test stage......
Traceback (most recent call last):
  File "c:\Users\mhy54\binance-auto-trading\binance-auto-trading\scheduler.py", line 18, in _run_job
    super()._run_job(job)
  File "C:\Users\mhy54\anaconda3\lib\site-packages\schedule\__init__.py", line 172, in _run_job
    ret = job.run()
  File "C:\Users\mhy54\anaconda3\lib\site-packages\schedule\__init__.py", line 661, in run
    ret = self.job_func()
TypeError: testing() missing 1 required positional argument: 'self'

2022-10-25 21:24:18,335 - auto_trading_logger - ERROR - Error while test stage......
Traceback (most recent call last):
  File "c:\Users\mhy54\binance-auto-trading\binance-auto-trading\scheduler.py", line 18, in _run_job
    super()._run_job(job)
  File "C:\Users\mhy54\anaconda3\lib\site-packages\schedule\__init__.py", line 172, in _run_job
    ret = job.run()
  File "C:\Users\mhy54\anaconda3\lib\site-packages\schedule\__init__.py", line 661, in run
    ret = self.job_func()
TypeError: testing() missing 1 required positional argument: 'self'

2022-10-25 21:24:19,346 - auto_trading_logger - ERROR - Error while test stage......
Traceback (most recent call last):
  File "c:\Users\mhy54\binance-auto-trading\binance-auto-trading\scheduler.py", line 18, in _run_job
    super()._run_job(job)
  File "C:\Users\mhy54\anaconda3\lib\site-packages\schedule\__init__.py", line 172, in _run_job
    ret = job.run()
  File "C:\Users\mhy54\anaconda3\lib\site-packages\schedule\__init__.py", line 661, in run
    ret = self.job_func()
TypeError: testing() missing 1 required positional argument: 'self'

2022-10-25 21:24:20,353 - auto_trading_logger - ERROR - Error while test stage......
Traceback (most recent call last):
  File "c:\Users\mhy54\binance-auto-trading\binance-auto-trading\scheduler.py", line 18, in _run_job
    super()._run_job(job)
  File "C:\Users\mhy54\anaconda3\lib\site-packages\schedule\__init__.py", line 172, in _run_job
    ret = job.run()
  File "C:\Users\mhy54\anaconda3\lib\site-packages\schedule\__init__.py", line 661, in run
    ret = self.job_func()
TypeError: testing() missing 1 required positional argument: 'self'

2022-10-25 21:24:21,364 - auto_trading_logger - ERROR - Error while test stage......
Traceback (most recent call last):
  File "c:\Users\mhy54\binance-auto-trading\binance-auto-trading\scheduler.py", line 18, in _run_job
    super()._run_job(job)
  File "C:\Users\mhy54\anaconda3\lib\site-packages\schedule\__init__.py", line 172, in _run_job
    ret = job.run()
  File "C:\Users\mhy54\anaconda3\lib\site-packages\schedule\__init__.py", line 661, in run
    ret = self.job_func()
TypeError: testing() missing 1 required positional argument: 'self'

2022-10-25 21:24:22,373 - auto_trading_logger - ERROR - Error while test stage......
Traceback (most recent call last):
  File "c:\Users\mhy54\binance-auto-trading\binance-auto-trading\scheduler.py", line 18, in _run_job
    super()._run_job(job)
  File "C:\Users\mhy54\anaconda3\lib\site-packages\schedule\__init__.py", line 172, in _run_job
    ret = job.run()
  File "C:\Users\mhy54\anaconda3\lib\site-packages\schedule\__init__.py", line 661, in run
    ret = self.job_func()
TypeError: testing() missing 1 required positional argument: 'self'

2022-10-25 21:24:23,383 - auto_trading_logger - ERROR - Error while test stage......
Traceback (most recent call last):
  File "c:\Users\mhy54\binance-auto-trading\binance-auto-trading\scheduler.py", line 18, in _run_job
    super()._run_job(job)
  File "C:\Users\mhy54\anaconda3\lib\site-packages\schedule\__init__.py", line 172, in _run_job
    ret = job.run()
  File "C:\Users\mhy54\anaconda3\lib\site-packages\schedule\__init__.py", line 661, in run
    ret = self.job_func()
TypeError: testing() missing 1 required positional argument: 'self'

2022-10-25 21:24:24,395 - auto_trading_logger - ERROR - Error while test stage......
Traceback (most recent call last):
  File "c:\Users\mhy54\binance-auto-trading\binance-auto-trading\scheduler.py", line 18, in _run_job
    super()._run_job(job)
  File "C:\Users\mhy54\anaconda3\lib\site-packages\schedule\__init__.py", line 172, in _run_job
    ret = job.run()
  File "C:\Users\mhy54\anaconda3\lib\site-packages\schedule\__init__.py", line 661, in run
    ret = self.job_func()
TypeError: testing() missing 1 required positional argument: 'self'

2022-10-25 21:24:25,408 - auto_trading_logger - ERROR - Error while test stage......
Traceback (most recent call last):
  File "c:\Users\mhy54\binance-auto-trading\binance-auto-trading\scheduler.py", line 18, in _run_job
    super()._run_job(job)
  File "C:\Users\mhy54\anaconda3\lib\site-packages\schedule\__init__.py", line 172, in _run_job
    ret = job.run()
  File "C:\Users\mhy54\anaconda3\lib\site-packages\schedule\__init__.py", line 661, in run
    ret = self.job_func()
TypeError: testing() missing 1 required positional argument: 'self'

2022-10-25 21:24:26,415 - auto_trading_logger - ERROR - Error while test stage......
Traceback (most recent call last):
  File "c:\Users\mhy54\binance-auto-trading\binance-auto-trading\scheduler.py", line 18, in _run_job
    super()._run_job(job)
  File "C:\Users\mhy54\anaconda3\lib\site-packages\schedule\__init__.py", line 172, in _run_job
    ret = job.run()
  File "C:\Users\mhy54\anaconda3\lib\site-packages\schedule\__init__.py", line 661, in run
    ret = self.job_func()
TypeError: testing() missing 1 required positional argument: 'self'

2022-10-25 21:24:27,425 - auto_trading_logger - ERROR - Error while test stage......
Traceback (most recent call last):
  File "c:\Users\mhy54\binance-auto-trading\binance-auto-trading\scheduler.py", line 18, in _run_job
    super()._run_job(job)
  File "C:\Users\mhy54\anaconda3\lib\site-packages\schedule\__init__.py", line 172, in _run_job
    ret = job.run()
  File "C:\Users\mhy54\anaconda3\lib\site-packages\schedule\__init__.py", line 661, in run
    ret = self.job_func()
TypeError: testing() missing 1 required positional argument: 'self'

2022-10-25 21:24:28,432 - auto_trading_logger - ERROR - Error while test stage......
Traceback (most recent call last):
  File "c:\Users\mhy54\binance-auto-trading\binance-auto-trading\scheduler.py", line 18, in _run_job
    super()._run_job(job)
  File "C:\Users\mhy54\anaconda3\lib\site-packages\schedule\__init__.py", line 172, in _run_job
    ret = job.run()
  File "C:\Users\mhy54\anaconda3\lib\site-packages\schedule\__init__.py", line 661, in run
    ret = self.job_func()
TypeError: testing() missing 1 required positional argument: 'self'

2022-10-25 21:24:29,449 - auto_trading_logger - ERROR - Error while test stage......
Traceback (most recent call last):
  File "c:\Users\mhy54\binance-auto-trading\binance-auto-trading\scheduler.py", line 18, in _run_job
    super()._run_job(job)
  File "C:\Users\mhy54\anaconda3\lib\site-packages\schedule\__init__.py", line 172, in _run_job
    ret = job.run()
  File "C:\Users\mhy54\anaconda3\lib\site-packages\schedule\__init__.py", line 661, in run
    ret = self.job_func()
TypeError: testing() missing 1 required positional argument: 'self'

2022-10-25 21:24:30,457 - auto_trading_logger - ERROR - Error while test stage......
Traceback (most recent call last):
  File "c:\Users\mhy54\binance-auto-trading\binance-auto-trading\scheduler.py", line 18, in _run_job
    super()._run_job(job)
  File "C:\Users\mhy54\anaconda3\lib\site-packages\schedule\__init__.py", line 172, in _run_job
    ret = job.run()
  File "C:\Users\mhy54\anaconda3\lib\site-packages\schedule\__init__.py", line 661, in run
    ret = self.job_func()
TypeError: testing() missing 1 required positional argument: 'self'

2022-10-25 21:24:31,467 - auto_trading_logger - ERROR - Error while test stage......
Traceback (most recent call last):
  File "c:\Users\mhy54\binance-auto-trading\binance-auto-trading\scheduler.py", line 18, in _run_job
    super()._run_job(job)
  File "C:\Users\mhy54\anaconda3\lib\site-packages\schedule\__init__.py", line 172, in _run_job
    ret = job.run()
  File "C:\Users\mhy54\anaconda3\lib\site-packages\schedule\__init__.py", line 661, in run
    ret = self.job_func()
TypeError: testing() missing 1 required positional argument: 'self'

2022-10-25 21:24:32,486 - auto_trading_logger - ERROR - Error while test stage......
Traceback (most recent call last):
  File "c:\Users\mhy54\binance-auto-trading\binance-auto-trading\scheduler.py", line 18, in _run_job
    super()._run_job(job)
  File "C:\Users\mhy54\anaconda3\lib\site-packages\schedule\__init__.py", line 172, in _run_job
    ret = job.run()
  File "C:\Users\mhy54\anaconda3\lib\site-packages\schedule\__init__.py", line 661, in run
    ret = self.job_func()
TypeError: testing() missing 1 required positional argument: 'self'

2022-10-25 21:24:33,488 - auto_trading_logger - ERROR - Error while test stage......
Traceback (most recent call last):
  File "c:\Users\mhy54\binance-auto-trading\binance-auto-trading\scheduler.py", line 18, in _run_job
    super()._run_job(job)
  File "C:\Users\mhy54\anaconda3\lib\site-packages\schedule\__init__.py", line 172, in _run_job
    ret = job.run()
  File "C:\Users\mhy54\anaconda3\lib\site-packages\schedule\__init__.py", line 661, in run
    ret = self.job_func()
TypeError: testing() missing 1 required positional argument: 'self'

2022-10-25 21:24:34,499 - auto_trading_logger - ERROR - Error while test stage......
Traceback (most recent call last):
  File "c:\Users\mhy54\binance-auto-trading\binance-auto-trading\scheduler.py", line 18, in _run_job
    super()._run_job(job)
  File "C:\Users\mhy54\anaconda3\lib\site-packages\schedule\__init__.py", line 172, in _run_job
    ret = job.run()
  File "C:\Users\mhy54\anaconda3\lib\site-packages\schedule\__init__.py", line 661, in run
    ret = self.job_func()
TypeError: testing() missing 1 required positional argument: 'self'

2022-10-25 21:24:35,507 - auto_trading_logger - ERROR - Error while test stage......
Traceback (most recent call last):
  File "c:\Users\mhy54\binance-auto-trading\binance-auto-trading\scheduler.py", line 18, in _run_job
    super()._run_job(job)
  File "C:\Users\mhy54\anaconda3\lib\site-packages\schedule\__init__.py", line 172, in _run_job
    ret = job.run()
  File "C:\Users\mhy54\anaconda3\lib\site-packages\schedule\__init__.py", line 661, in run
    ret = self.job_func()
TypeError: testing() missing 1 required positional argument: 'self'

2022-10-25 21:24:36,518 - auto_trading_logger - ERROR - Error while test stage......
Traceback (most recent call last):
  File "c:\Users\mhy54\binance-auto-trading\binance-auto-trading\scheduler.py", line 18, in _run_job
    super()._run_job(job)
  File "C:\Users\mhy54\anaconda3\lib\site-packages\schedule\__init__.py", line 172, in _run_job
    ret = job.run()
  File "C:\Users\mhy54\anaconda3\lib\site-packages\schedule\__init__.py", line 661, in run
    ret = self.job_func()
TypeError: testing() missing 1 required positional argument: 'self'

2022-10-25 21:24:37,533 - auto_trading_logger - ERROR - Error while test stage......
Traceback (most recent call last):
  File "c:\Users\mhy54\binance-auto-trading\binance-auto-trading\scheduler.py", line 18, in _run_job
    super()._run_job(job)
  File "C:\Users\mhy54\anaconda3\lib\site-packages\schedule\__init__.py", line 172, in _run_job
    ret = job.run()
  File "C:\Users\mhy54\anaconda3\lib\site-packages\schedule\__init__.py", line 661, in run
    ret = self.job_func()
TypeError: testing() missing 1 required positional argument: 'self'

2022-10-25 21:24:38,548 - auto_trading_logger - ERROR - Error while test stage......
Traceback (most recent call last):
  File "c:\Users\mhy54\binance-auto-trading\binance-auto-trading\scheduler.py", line 18, in _run_job
    super()._run_job(job)
  File "C:\Users\mhy54\anaconda3\lib\site-packages\schedule\__init__.py", line 172, in _run_job
    ret = job.run()
  File "C:\Users\mhy54\anaconda3\lib\site-packages\schedule\__init__.py", line 661, in run
    ret = self.job_func()
TypeError: testing() missing 1 required positional argument: 'self'

2022-10-25 21:24:39,556 - auto_trading_logger - ERROR - Error while test stage......
Traceback (most recent call last):
  File "c:\Users\mhy54\binance-auto-trading\binance-auto-trading\scheduler.py", line 18, in _run_job
    super()._run_job(job)
  File "C:\Users\mhy54\anaconda3\lib\site-packages\schedule\__init__.py", line 172, in _run_job
    ret = job.run()
  File "C:\Users\mhy54\anaconda3\lib\site-packages\schedule\__init__.py", line 661, in run
    ret = self.job_func()
TypeError: testing() missing 1 required positional argument: 'self'

2022-10-25 21:24:40,565 - auto_trading_logger - ERROR - Error while test stage......
Traceback (most recent call last):
  File "c:\Users\mhy54\binance-auto-trading\binance-auto-trading\scheduler.py", line 18, in _run_job
    super()._run_job(job)
  File "C:\Users\mhy54\anaconda3\lib\site-packages\schedule\__init__.py", line 172, in _run_job
    ret = job.run()
  File "C:\Users\mhy54\anaconda3\lib\site-packages\schedule\__init__.py", line 661, in run
    ret = self.job_func()
TypeError: testing() missing 1 required positional argument: 'self'

2022-10-25 21:24:41,582 - auto_trading_logger - ERROR - Error while test stage......
Traceback (most recent call last):
  File "c:\Users\mhy54\binance-auto-trading\binance-auto-trading\scheduler.py", line 18, in _run_job
    super()._run_job(job)
  File "C:\Users\mhy54\anaconda3\lib\site-packages\schedule\__init__.py", line 172, in _run_job
    ret = job.run()
  File "C:\Users\mhy54\anaconda3\lib\site-packages\schedule\__init__.py", line 661, in run
    ret = self.job_func()
TypeError: testing() missing 1 required positional argument: 'self'

2022-10-25 21:24:42,592 - auto_trading_logger - ERROR - Error while test stage......
Traceback (most recent call last):
  File "c:\Users\mhy54\binance-auto-trading\binance-auto-trading\scheduler.py", line 18, in _run_job
    super()._run_job(job)
  File "C:\Users\mhy54\anaconda3\lib\site-packages\schedule\__init__.py", line 172, in _run_job
    ret = job.run()
  File "C:\Users\mhy54\anaconda3\lib\site-packages\schedule\__init__.py", line 661, in run
    ret = self.job_func()
TypeError: testing() missing 1 required positional argument: 'self'

2022-10-25 21:24:43,598 - auto_trading_logger - ERROR - Error while test stage......
Traceback (most recent call last):
  File "c:\Users\mhy54\binance-auto-trading\binance-auto-trading\scheduler.py", line 18, in _run_job
    super()._run_job(job)
  File "C:\Users\mhy54\anaconda3\lib\site-packages\schedule\__init__.py", line 172, in _run_job
    ret = job.run()
  File "C:\Users\mhy54\anaconda3\lib\site-packages\schedule\__init__.py", line 661, in run
    ret = self.job_func()
TypeError: testing() missing 1 required positional argument: 'self'

2022-10-25 21:24:44,610 - auto_trading_logger - ERROR - Error while test stage......
Traceback (most recent call last):
  File "c:\Users\mhy54\binance-auto-trading\binance-auto-trading\scheduler.py", line 18, in _run_job
    super()._run_job(job)
  File "C:\Users\mhy54\anaconda3\lib\site-packages\schedule\__init__.py", line 172, in _run_job
    ret = job.run()
  File "C:\Users\mhy54\anaconda3\lib\site-packages\schedule\__init__.py", line 661, in run
    ret = self.job_func()
TypeError: testing() missing 1 required positional argument: 'self'

2022-10-25 21:24:45,621 - auto_trading_logger - ERROR - Error while test stage......
Traceback (most recent call last):
  File "c:\Users\mhy54\binance-auto-trading\binance-auto-trading\scheduler.py", line 18, in _run_job
    super()._run_job(job)
  File "C:\Users\mhy54\anaconda3\lib\site-packages\schedule\__init__.py", line 172, in _run_job
    ret = job.run()
  File "C:\Users\mhy54\anaconda3\lib\site-packages\schedule\__init__.py", line 661, in run
    ret = self.job_func()
TypeError: testing() missing 1 required positional argument: 'self'

2022-10-25 21:24:46,637 - auto_trading_logger - ERROR - Error while test stage......
Traceback (most recent call last):
  File "c:\Users\mhy54\binance-auto-trading\binance-auto-trading\scheduler.py", line 18, in _run_job
    super()._run_job(job)
  File "C:\Users\mhy54\anaconda3\lib\site-packages\schedule\__init__.py", line 172, in _run_job
    ret = job.run()
  File "C:\Users\mhy54\anaconda3\lib\site-packages\schedule\__init__.py", line 661, in run
    ret = self.job_func()
TypeError: testing() missing 1 required positional argument: 'self'

2022-10-25 21:24:47,654 - auto_trading_logger - ERROR - Error while test stage......
Traceback (most recent call last):
  File "c:\Users\mhy54\binance-auto-trading\binance-auto-trading\scheduler.py", line 18, in _run_job
    super()._run_job(job)
  File "C:\Users\mhy54\anaconda3\lib\site-packages\schedule\__init__.py", line 172, in _run_job
    ret = job.run()
  File "C:\Users\mhy54\anaconda3\lib\site-packages\schedule\__init__.py", line 661, in run
    ret = self.job_func()
TypeError: testing() missing 1 required positional argument: 'self'

2022-10-25 21:24:48,682 - auto_trading_logger - ERROR - Error while test stage......
Traceback (most recent call last):
  File "c:\Users\mhy54\binance-auto-trading\binance-auto-trading\scheduler.py", line 18, in _run_job
    super()._run_job(job)
  File "C:\Users\mhy54\anaconda3\lib\site-packages\schedule\__init__.py", line 172, in _run_job
    ret = job.run()
  File "C:\Users\mhy54\anaconda3\lib\site-packages\schedule\__init__.py", line 661, in run
    ret = self.job_func()
TypeError: testing() missing 1 required positional argument: 'self'

2022-10-25 21:24:49,694 - auto_trading_logger - ERROR - Error while test stage......
Traceback (most recent call last):
  File "c:\Users\mhy54\binance-auto-trading\binance-auto-trading\scheduler.py", line 18, in _run_job
    super()._run_job(job)
  File "C:\Users\mhy54\anaconda3\lib\site-packages\schedule\__init__.py", line 172, in _run_job
    ret = job.run()
  File "C:\Users\mhy54\anaconda3\lib\site-packages\schedule\__init__.py", line 661, in run
    ret = self.job_func()
TypeError: testing() missing 1 required positional argument: 'self'

2022-10-25 21:24:50,702 - auto_trading_logger - ERROR - Error while test stage......
Traceback (most recent call last):
  File "c:\Users\mhy54\binance-auto-trading\binance-auto-trading\scheduler.py", line 18, in _run_job
    super()._run_job(job)
  File "C:\Users\mhy54\anaconda3\lib\site-packages\schedule\__init__.py", line 172, in _run_job
    ret = job.run()
  File "C:\Users\mhy54\anaconda3\lib\site-packages\schedule\__init__.py", line 661, in run
    ret = self.job_func()
TypeError: testing() missing 1 required positional argument: 'self'

2022-10-25 21:24:51,717 - auto_trading_logger - ERROR - Error while test stage......
Traceback (most recent call last):
  File "c:\Users\mhy54\binance-auto-trading\binance-auto-trading\scheduler.py", line 18, in _run_job
    super()._run_job(job)
  File "C:\Users\mhy54\anaconda3\lib\site-packages\schedule\__init__.py", line 172, in _run_job
    ret = job.run()
  File "C:\Users\mhy54\anaconda3\lib\site-packages\schedule\__init__.py", line 661, in run
    ret = self.job_func()
TypeError: testing() missing 1 required positional argument: 'self'

2022-10-25 21:24:52,721 - auto_trading_logger - ERROR - Error while test stage......
Traceback (most recent call last):
  File "c:\Users\mhy54\binance-auto-trading\binance-auto-trading\scheduler.py", line 18, in _run_job
    super()._run_job(job)
  File "C:\Users\mhy54\anaconda3\lib\site-packages\schedule\__init__.py", line 172, in _run_job
    ret = job.run()
  File "C:\Users\mhy54\anaconda3\lib\site-packages\schedule\__init__.py", line 661, in run
    ret = self.job_func()
TypeError: testing() missing 1 required positional argument: 'self'

2022-10-25 21:24:53,733 - auto_trading_logger - ERROR - Error while test stage......
Traceback (most recent call last):
  File "c:\Users\mhy54\binance-auto-trading\binance-auto-trading\scheduler.py", line 18, in _run_job
    super()._run_job(job)
  File "C:\Users\mhy54\anaconda3\lib\site-packages\schedule\__init__.py", line 172, in _run_job
    ret = job.run()
  File "C:\Users\mhy54\anaconda3\lib\site-packages\schedule\__init__.py", line 661, in run
    ret = self.job_func()
TypeError: testing() missing 1 required positional argument: 'self'

2022-10-25 21:24:54,740 - auto_trading_logger - ERROR - Error while test stage......
Traceback (most recent call last):
  File "c:\Users\mhy54\binance-auto-trading\binance-auto-trading\scheduler.py", line 18, in _run_job
    super()._run_job(job)
  File "C:\Users\mhy54\anaconda3\lib\site-packages\schedule\__init__.py", line 172, in _run_job
    ret = job.run()
  File "C:\Users\mhy54\anaconda3\lib\site-packages\schedule\__init__.py", line 661, in run
    ret = self.job_func()
TypeError: testing() missing 1 required positional argument: 'self'

2022-10-25 21:24:55,748 - auto_trading_logger - ERROR - Error while test stage......
Traceback (most recent call last):
  File "c:\Users\mhy54\binance-auto-trading\binance-auto-trading\scheduler.py", line 18, in _run_job
    super()._run_job(job)
  File "C:\Users\mhy54\anaconda3\lib\site-packages\schedule\__init__.py", line 172, in _run_job
    ret = job.run()
  File "C:\Users\mhy54\anaconda3\lib\site-packages\schedule\__init__.py", line 661, in run
    ret = self.job_func()
TypeError: testing() missing 1 required positional argument: 'self'

2022-10-25 21:24:56,753 - auto_trading_logger - ERROR - Error while test stage......
Traceback (most recent call last):
  File "c:\Users\mhy54\binance-auto-trading\binance-auto-trading\scheduler.py", line 18, in _run_job
    super()._run_job(job)
  File "C:\Users\mhy54\anaconda3\lib\site-packages\schedule\__init__.py", line 172, in _run_job
    ret = job.run()
  File "C:\Users\mhy54\anaconda3\lib\site-packages\schedule\__init__.py", line 661, in run
    ret = self.job_func()
TypeError: testing() missing 1 required positional argument: 'self'

2022-10-25 21:24:57,758 - auto_trading_logger - ERROR - Error while test stage......
Traceback (most recent call last):
  File "c:\Users\mhy54\binance-auto-trading\binance-auto-trading\scheduler.py", line 18, in _run_job
    super()._run_job(job)
  File "C:\Users\mhy54\anaconda3\lib\site-packages\schedule\__init__.py", line 172, in _run_job
    ret = job.run()
  File "C:\Users\mhy54\anaconda3\lib\site-packages\schedule\__init__.py", line 661, in run
    ret = self.job_func()
TypeError: testing() missing 1 required positional argument: 'self'

2022-10-25 21:24:58,778 - auto_trading_logger - ERROR - Error while test stage......
Traceback (most recent call last):
  File "c:\Users\mhy54\binance-auto-trading\binance-auto-trading\scheduler.py", line 18, in _run_job
    super()._run_job(job)
  File "C:\Users\mhy54\anaconda3\lib\site-packages\schedule\__init__.py", line 172, in _run_job
    ret = job.run()
  File "C:\Users\mhy54\anaconda3\lib\site-packages\schedule\__init__.py", line 661, in run
    ret = self.job_func()
TypeError: testing() missing 1 required positional argument: 'self'

2022-10-25 21:24:59,787 - auto_trading_logger - ERROR - Error while test stage......
Traceback (most recent call last):
  File "c:\Users\mhy54\binance-auto-trading\binance-auto-trading\scheduler.py", line 18, in _run_job
    super()._run_job(job)
  File "C:\Users\mhy54\anaconda3\lib\site-packages\schedule\__init__.py", line 172, in _run_job
    ret = job.run()
  File "C:\Users\mhy54\anaconda3\lib\site-packages\schedule\__init__.py", line 661, in run
    ret = self.job_func()
TypeError: testing() missing 1 required positional argument: 'self'

2022-10-25 21:25:00,803 - auto_trading_logger - ERROR - Error while test stage......
Traceback (most recent call last):
  File "c:\Users\mhy54\binance-auto-trading\binance-auto-trading\scheduler.py", line 18, in _run_job
    super()._run_job(job)
  File "C:\Users\mhy54\anaconda3\lib\site-packages\schedule\__init__.py", line 172, in _run_job
    ret = job.run()
  File "C:\Users\mhy54\anaconda3\lib\site-packages\schedule\__init__.py", line 661, in run
    ret = self.job_func()
TypeError: testing() missing 1 required positional argument: 'self'

2022-10-25 21:25:01,812 - auto_trading_logger - ERROR - Error while test stage......
Traceback (most recent call last):
  File "c:\Users\mhy54\binance-auto-trading\binance-auto-trading\scheduler.py", line 18, in _run_job
    super()._run_job(job)
  File "C:\Users\mhy54\anaconda3\lib\site-packages\schedule\__init__.py", line 172, in _run_job
    ret = job.run()
  File "C:\Users\mhy54\anaconda3\lib\site-packages\schedule\__init__.py", line 661, in run
    ret = self.job_func()
TypeError: testing() missing 1 required positional argument: 'self'

2022-10-25 21:25:02,818 - auto_trading_logger - ERROR - Error while test stage......
Traceback (most recent call last):
  File "c:\Users\mhy54\binance-auto-trading\binance-auto-trading\scheduler.py", line 18, in _run_job
    super()._run_job(job)
  File "C:\Users\mhy54\anaconda3\lib\site-packages\schedule\__init__.py", line 172, in _run_job
    ret = job.run()
  File "C:\Users\mhy54\anaconda3\lib\site-packages\schedule\__init__.py", line 661, in run
    ret = self.job_func()
TypeError: testing() missing 1 required positional argument: 'self'

2022-10-25 21:25:03,835 - auto_trading_logger - ERROR - Error while test stage......
Traceback (most recent call last):
  File "c:\Users\mhy54\binance-auto-trading\binance-auto-trading\scheduler.py", line 18, in _run_job
    super()._run_job(job)
  File "C:\Users\mhy54\anaconda3\lib\site-packages\schedule\__init__.py", line 172, in _run_job
    ret = job.run()
  File "C:\Users\mhy54\anaconda3\lib\site-packages\schedule\__init__.py", line 661, in run
    ret = self.job_func()
TypeError: testing() missing 1 required positional argument: 'self'

2022-10-25 21:25:04,849 - auto_trading_logger - ERROR - Error while test stage......
Traceback (most recent call last):
  File "c:\Users\mhy54\binance-auto-trading\binance-auto-trading\scheduler.py", line 18, in _run_job
    super()._run_job(job)
  File "C:\Users\mhy54\anaconda3\lib\site-packages\schedule\__init__.py", line 172, in _run_job
    ret = job.run()
  File "C:\Users\mhy54\anaconda3\lib\site-packages\schedule\__init__.py", line 661, in run
    ret = self.job_func()
TypeError: testing() missing 1 required positional argument: 'self'

2022-10-25 21:25:05,857 - auto_trading_logger - ERROR - Error while test stage......
Traceback (most recent call last):
  File "c:\Users\mhy54\binance-auto-trading\binance-auto-trading\scheduler.py", line 18, in _run_job
    super()._run_job(job)
  File "C:\Users\mhy54\anaconda3\lib\site-packages\schedule\__init__.py", line 172, in _run_job
    ret = job.run()
  File "C:\Users\mhy54\anaconda3\lib\site-packages\schedule\__init__.py", line 661, in run
    ret = self.job_func()
TypeError: testing() missing 1 required positional argument: 'self'

2022-10-25 21:25:06,863 - auto_trading_logger - ERROR - Error while test stage......
Traceback (most recent call last):
  File "c:\Users\mhy54\binance-auto-trading\binance-auto-trading\scheduler.py", line 18, in _run_job
    super()._run_job(job)
  File "C:\Users\mhy54\anaconda3\lib\site-packages\schedule\__init__.py", line 172, in _run_job
    ret = job.run()
  File "C:\Users\mhy54\anaconda3\lib\site-packages\schedule\__init__.py", line 661, in run
    ret = self.job_func()
TypeError: testing() missing 1 required positional argument: 'self'

2022-10-25 21:25:07,879 - auto_trading_logger - ERROR - Error while test stage......
Traceback (most recent call last):
  File "c:\Users\mhy54\binance-auto-trading\binance-auto-trading\scheduler.py", line 18, in _run_job
    super()._run_job(job)
  File "C:\Users\mhy54\anaconda3\lib\site-packages\schedule\__init__.py", line 172, in _run_job
    ret = job.run()
  File "C:\Users\mhy54\anaconda3\lib\site-packages\schedule\__init__.py", line 661, in run
    ret = self.job_func()
TypeError: testing() missing 1 required positional argument: 'self'

2022-10-25 21:25:08,887 - auto_trading_logger - ERROR - Error while test stage......
Traceback (most recent call last):
  File "c:\Users\mhy54\binance-auto-trading\binance-auto-trading\scheduler.py", line 18, in _run_job
    super()._run_job(job)
  File "C:\Users\mhy54\anaconda3\lib\site-packages\schedule\__init__.py", line 172, in _run_job
    ret = job.run()
  File "C:\Users\mhy54\anaconda3\lib\site-packages\schedule\__init__.py", line 661, in run
    ret = self.job_func()
TypeError: testing() missing 1 required positional argument: 'self'

2022-10-25 21:25:09,908 - auto_trading_logger - ERROR - Error while test stage......
Traceback (most recent call last):
  File "c:\Users\mhy54\binance-auto-trading\binance-auto-trading\scheduler.py", line 18, in _run_job
    super()._run_job(job)
  File "C:\Users\mhy54\anaconda3\lib\site-packages\schedule\__init__.py", line 172, in _run_job
    ret = job.run()
  File "C:\Users\mhy54\anaconda3\lib\site-packages\schedule\__init__.py", line 661, in run
    ret = self.job_func()
TypeError: testing() missing 1 required positional argument: 'self'

2022-10-25 21:25:10,920 - auto_trading_logger - ERROR - Error while test stage......
Traceback (most recent call last):
  File "c:\Users\mhy54\binance-auto-trading\binance-auto-trading\scheduler.py", line 18, in _run_job
    super()._run_job(job)
  File "C:\Users\mhy54\anaconda3\lib\site-packages\schedule\__init__.py", line 172, in _run_job
    ret = job.run()
  File "C:\Users\mhy54\anaconda3\lib\site-packages\schedule\__init__.py", line 661, in run
    ret = self.job_func()
TypeError: testing() missing 1 required positional argument: 'self'

2022-10-25 21:25:11,938 - auto_trading_logger - ERROR - Error while test stage......
Traceback (most recent call last):
  File "c:\Users\mhy54\binance-auto-trading\binance-auto-trading\scheduler.py", line 18, in _run_job
    super()._run_job(job)
  File "C:\Users\mhy54\anaconda3\lib\site-packages\schedule\__init__.py", line 172, in _run_job
    ret = job.run()
  File "C:\Users\mhy54\anaconda3\lib\site-packages\schedule\__init__.py", line 661, in run
    ret = self.job_func()
TypeError: testing() missing 1 required positional argument: 'self'

2022-10-25 21:25:12,954 - auto_trading_logger - ERROR - Error while test stage......
Traceback (most recent call last):
  File "c:\Users\mhy54\binance-auto-trading\binance-auto-trading\scheduler.py", line 18, in _run_job
    super()._run_job(job)
  File "C:\Users\mhy54\anaconda3\lib\site-packages\schedule\__init__.py", line 172, in _run_job
    ret = job.run()
  File "C:\Users\mhy54\anaconda3\lib\site-packages\schedule\__init__.py", line 661, in run
    ret = self.job_func()
TypeError: testing() missing 1 required positional argument: 'self'

2022-10-25 21:25:13,960 - auto_trading_logger - ERROR - Error while test stage......
Traceback (most recent call last):
  File "c:\Users\mhy54\binance-auto-trading\binance-auto-trading\scheduler.py", line 18, in _run_job
    super()._run_job(job)
  File "C:\Users\mhy54\anaconda3\lib\site-packages\schedule\__init__.py", line 172, in _run_job
    ret = job.run()
  File "C:\Users\mhy54\anaconda3\lib\site-packages\schedule\__init__.py", line 661, in run
    ret = self.job_func()
TypeError: testing() missing 1 required positional argument: 'self'

2022-10-25 21:25:14,964 - auto_trading_logger - ERROR - Error while test stage......
Traceback (most recent call last):
  File "c:\Users\mhy54\binance-auto-trading\binance-auto-trading\scheduler.py", line 18, in _run_job
    super()._run_job(job)
  File "C:\Users\mhy54\anaconda3\lib\site-packages\schedule\__init__.py", line 172, in _run_job
    ret = job.run()
  File "C:\Users\mhy54\anaconda3\lib\site-packages\schedule\__init__.py", line 661, in run
    ret = self.job_func()
TypeError: testing() missing 1 required positional argument: 'self'

2022-10-25 21:25:15,973 - auto_trading_logger - ERROR - Error while test stage......
Traceback (most recent call last):
  File "c:\Users\mhy54\binance-auto-trading\binance-auto-trading\scheduler.py", line 18, in _run_job
    super()._run_job(job)
  File "C:\Users\mhy54\anaconda3\lib\site-packages\schedule\__init__.py", line 172, in _run_job
    ret = job.run()
  File "C:\Users\mhy54\anaconda3\lib\site-packages\schedule\__init__.py", line 661, in run
    ret = self.job_func()
TypeError: testing() missing 1 required positional argument: 'self'

2022-10-25 21:25:16,980 - auto_trading_logger - ERROR - Error while test stage......
Traceback (most recent call last):
  File "c:\Users\mhy54\binance-auto-trading\binance-auto-trading\scheduler.py", line 18, in _run_job
    super()._run_job(job)
  File "C:\Users\mhy54\anaconda3\lib\site-packages\schedule\__init__.py", line 172, in _run_job
    ret = job.run()
  File "C:\Users\mhy54\anaconda3\lib\site-packages\schedule\__init__.py", line 661, in run
    ret = self.job_func()
TypeError: testing() missing 1 required positional argument: 'self'

2022-10-25 21:25:17,989 - auto_trading_logger - ERROR - Error while test stage......
Traceback (most recent call last):
  File "c:\Users\mhy54\binance-auto-trading\binance-auto-trading\scheduler.py", line 18, in _run_job
    super()._run_job(job)
  File "C:\Users\mhy54\anaconda3\lib\site-packages\schedule\__init__.py", line 172, in _run_job
    ret = job.run()
  File "C:\Users\mhy54\anaconda3\lib\site-packages\schedule\__init__.py", line 661, in run
    ret = self.job_func()
TypeError: testing() missing 1 required positional argument: 'self'

2022-10-25 21:25:18,998 - auto_trading_logger - ERROR - Error while test stage......
Traceback (most recent call last):
  File "c:\Users\mhy54\binance-auto-trading\binance-auto-trading\scheduler.py", line 18, in _run_job
    super()._run_job(job)
  File "C:\Users\mhy54\anaconda3\lib\site-packages\schedule\__init__.py", line 172, in _run_job
    ret = job.run()
  File "C:\Users\mhy54\anaconda3\lib\site-packages\schedule\__init__.py", line 661, in run
    ret = self.job_func()
TypeError: testing() missing 1 required positional argument: 'self'

2022-10-25 21:25:20,005 - auto_trading_logger - ERROR - Error while test stage......
Traceback (most recent call last):
  File "c:\Users\mhy54\binance-auto-trading\binance-auto-trading\scheduler.py", line 18, in _run_job
    super()._run_job(job)
  File "C:\Users\mhy54\anaconda3\lib\site-packages\schedule\__init__.py", line 172, in _run_job
    ret = job.run()
  File "C:\Users\mhy54\anaconda3\lib\site-packages\schedule\__init__.py", line 661, in run
    ret = self.job_func()
TypeError: testing() missing 1 required positional argument: 'self'

2022-10-25 21:25:21,014 - auto_trading_logger - ERROR - Error while test stage......
Traceback (most recent call last):
  File "c:\Users\mhy54\binance-auto-trading\binance-auto-trading\scheduler.py", line 18, in _run_job
    super()._run_job(job)
  File "C:\Users\mhy54\anaconda3\lib\site-packages\schedule\__init__.py", line 172, in _run_job
    ret = job.run()
  File "C:\Users\mhy54\anaconda3\lib\site-packages\schedule\__init__.py", line 661, in run
    ret = self.job_func()
TypeError: testing() missing 1 required positional argument: 'self'

2022-10-25 21:25:22,022 - auto_trading_logger - ERROR - Error while test stage......
Traceback (most recent call last):
  File "c:\Users\mhy54\binance-auto-trading\binance-auto-trading\scheduler.py", line 18, in _run_job
    super()._run_job(job)
  File "C:\Users\mhy54\anaconda3\lib\site-packages\schedule\__init__.py", line 172, in _run_job
    ret = job.run()
  File "C:\Users\mhy54\anaconda3\lib\site-packages\schedule\__init__.py", line 661, in run
    ret = self.job_func()
TypeError: testing() missing 1 required positional argument: 'self'

2022-10-25 21:25:23,035 - auto_trading_logger - ERROR - Error while test stage......
Traceback (most recent call last):
  File "c:\Users\mhy54\binance-auto-trading\binance-auto-trading\scheduler.py", line 18, in _run_job
    super()._run_job(job)
  File "C:\Users\mhy54\anaconda3\lib\site-packages\schedule\__init__.py", line 172, in _run_job
    ret = job.run()
  File "C:\Users\mhy54\anaconda3\lib\site-packages\schedule\__init__.py", line 661, in run
    ret = self.job_func()
TypeError: testing() missing 1 required positional argument: 'self'

2022-10-25 21:25:24,055 - auto_trading_logger - ERROR - Error while test stage......
Traceback (most recent call last):
  File "c:\Users\mhy54\binance-auto-trading\binance-auto-trading\scheduler.py", line 18, in _run_job
    super()._run_job(job)
  File "C:\Users\mhy54\anaconda3\lib\site-packages\schedule\__init__.py", line 172, in _run_job
    ret = job.run()
  File "C:\Users\mhy54\anaconda3\lib\site-packages\schedule\__init__.py", line 661, in run
    ret = self.job_func()
TypeError: testing() missing 1 required positional argument: 'self'

2022-10-25 21:25:25,061 - auto_trading_logger - ERROR - Error while test stage......
Traceback (most recent call last):
  File "c:\Users\mhy54\binance-auto-trading\binance-auto-trading\scheduler.py", line 18, in _run_job
    super()._run_job(job)
  File "C:\Users\mhy54\anaconda3\lib\site-packages\schedule\__init__.py", line 172, in _run_job
    ret = job.run()
  File "C:\Users\mhy54\anaconda3\lib\site-packages\schedule\__init__.py", line 661, in run
    ret = self.job_func()
TypeError: testing() missing 1 required positional argument: 'self'

2022-10-25 21:25:26,067 - auto_trading_logger - ERROR - Error while test stage......
Traceback (most recent call last):
  File "c:\Users\mhy54\binance-auto-trading\binance-auto-trading\scheduler.py", line 18, in _run_job
    super()._run_job(job)
  File "C:\Users\mhy54\anaconda3\lib\site-packages\schedule\__init__.py", line 172, in _run_job
    ret = job.run()
  File "C:\Users\mhy54\anaconda3\lib\site-packages\schedule\__init__.py", line 661, in run
    ret = self.job_func()
TypeError: testing() missing 1 required positional argument: 'self'

2022-10-25 21:25:27,072 - auto_trading_logger - ERROR - Error while test stage......
Traceback (most recent call last):
  File "c:\Users\mhy54\binance-auto-trading\binance-auto-trading\scheduler.py", line 18, in _run_job
    super()._run_job(job)
  File "C:\Users\mhy54\anaconda3\lib\site-packages\schedule\__init__.py", line 172, in _run_job
    ret = job.run()
  File "C:\Users\mhy54\anaconda3\lib\site-packages\schedule\__init__.py", line 661, in run
    ret = self.job_func()
TypeError: testing() missing 1 required positional argument: 'self'

2022-10-25 21:25:28,088 - auto_trading_logger - ERROR - Error while test stage......
Traceback (most recent call last):
  File "c:\Users\mhy54\binance-auto-trading\binance-auto-trading\scheduler.py", line 18, in _run_job
    super()._run_job(job)
  File "C:\Users\mhy54\anaconda3\lib\site-packages\schedule\__init__.py", line 172, in _run_job
    ret = job.run()
  File "C:\Users\mhy54\anaconda3\lib\site-packages\schedule\__init__.py", line 661, in run
    ret = self.job_func()
TypeError: testing() missing 1 required positional argument: 'self'

2022-10-25 21:25:29,105 - auto_trading_logger - ERROR - Error while test stage......
Traceback (most recent call last):
  File "c:\Users\mhy54\binance-auto-trading\binance-auto-trading\scheduler.py", line 18, in _run_job
    super()._run_job(job)
  File "C:\Users\mhy54\anaconda3\lib\site-packages\schedule\__init__.py", line 172, in _run_job
    ret = job.run()
  File "C:\Users\mhy54\anaconda3\lib\site-packages\schedule\__init__.py", line 661, in run
    ret = self.job_func()
TypeError: testing() missing 1 required positional argument: 'self'

2022-10-25 21:25:30,111 - auto_trading_logger - ERROR - Error while test stage......
Traceback (most recent call last):
  File "c:\Users\mhy54\binance-auto-trading\binance-auto-trading\scheduler.py", line 18, in _run_job
    super()._run_job(job)
  File "C:\Users\mhy54\anaconda3\lib\site-packages\schedule\__init__.py", line 172, in _run_job
    ret = job.run()
  File "C:\Users\mhy54\anaconda3\lib\site-packages\schedule\__init__.py", line 661, in run
    ret = self.job_func()
TypeError: testing() missing 1 required positional argument: 'self'

2022-10-25 21:25:31,117 - auto_trading_logger - ERROR - Error while test stage......
Traceback (most recent call last):
  File "c:\Users\mhy54\binance-auto-trading\binance-auto-trading\scheduler.py", line 18, in _run_job
    super()._run_job(job)
  File "C:\Users\mhy54\anaconda3\lib\site-packages\schedule\__init__.py", line 172, in _run_job
    ret = job.run()
  File "C:\Users\mhy54\anaconda3\lib\site-packages\schedule\__init__.py", line 661, in run
    ret = self.job_func()
TypeError: testing() missing 1 required positional argument: 'self'

2022-10-25 21:25:32,123 - auto_trading_logger - ERROR - Error while test stage......
Traceback (most recent call last):
  File "c:\Users\mhy54\binance-auto-trading\binance-auto-trading\scheduler.py", line 18, in _run_job
    super()._run_job(job)
  File "C:\Users\mhy54\anaconda3\lib\site-packages\schedule\__init__.py", line 172, in _run_job
    ret = job.run()
  File "C:\Users\mhy54\anaconda3\lib\site-packages\schedule\__init__.py", line 661, in run
    ret = self.job_func()
TypeError: testing() missing 1 required positional argument: 'self'

2022-10-25 21:25:33,130 - auto_trading_logger - ERROR - Error while test stage......
Traceback (most recent call last):
  File "c:\Users\mhy54\binance-auto-trading\binance-auto-trading\scheduler.py", line 18, in _run_job
    super()._run_job(job)
  File "C:\Users\mhy54\anaconda3\lib\site-packages\schedule\__init__.py", line 172, in _run_job
    ret = job.run()
  File "C:\Users\mhy54\anaconda3\lib\site-packages\schedule\__init__.py", line 661, in run
    ret = self.job_func()
TypeError: testing() missing 1 required positional argument: 'self'

2022-10-25 21:25:34,136 - auto_trading_logger - ERROR - Error while test stage......
Traceback (most recent call last):
  File "c:\Users\mhy54\binance-auto-trading\binance-auto-trading\scheduler.py", line 18, in _run_job
    super()._run_job(job)
  File "C:\Users\mhy54\anaconda3\lib\site-packages\schedule\__init__.py", line 172, in _run_job
    ret = job.run()
  File "C:\Users\mhy54\anaconda3\lib\site-packages\schedule\__init__.py", line 661, in run
    ret = self.job_func()
TypeError: testing() missing 1 required positional argument: 'self'

2022-10-25 21:25:35,145 - auto_trading_logger - ERROR - Error while test stage......
Traceback (most recent call last):
  File "c:\Users\mhy54\binance-auto-trading\binance-auto-trading\scheduler.py", line 18, in _run_job
    super()._run_job(job)
  File "C:\Users\mhy54\anaconda3\lib\site-packages\schedule\__init__.py", line 172, in _run_job
    ret = job.run()
  File "C:\Users\mhy54\anaconda3\lib\site-packages\schedule\__init__.py", line 661, in run
    ret = self.job_func()
TypeError: testing() missing 1 required positional argument: 'self'

2022-10-25 21:25:36,149 - auto_trading_logger - ERROR - Error while test stage......
Traceback (most recent call last):
  File "c:\Users\mhy54\binance-auto-trading\binance-auto-trading\scheduler.py", line 18, in _run_job
    super()._run_job(job)
  File "C:\Users\mhy54\anaconda3\lib\site-packages\schedule\__init__.py", line 172, in _run_job
    ret = job.run()
  File "C:\Users\mhy54\anaconda3\lib\site-packages\schedule\__init__.py", line 661, in run
    ret = self.job_func()
TypeError: testing() missing 1 required positional argument: 'self'

2022-10-25 21:25:37,155 - auto_trading_logger - ERROR - Error while test stage......
Traceback (most recent call last):
  File "c:\Users\mhy54\binance-auto-trading\binance-auto-trading\scheduler.py", line 18, in _run_job
    super()._run_job(job)
  File "C:\Users\mhy54\anaconda3\lib\site-packages\schedule\__init__.py", line 172, in _run_job
    ret = job.run()
  File "C:\Users\mhy54\anaconda3\lib\site-packages\schedule\__init__.py", line 661, in run
    ret = self.job_func()
TypeError: testing() missing 1 required positional argument: 'self'

2022-10-25 21:25:38,161 - auto_trading_logger - ERROR - Error while test stage......
Traceback (most recent call last):
  File "c:\Users\mhy54\binance-auto-trading\binance-auto-trading\scheduler.py", line 18, in _run_job
    super()._run_job(job)
  File "C:\Users\mhy54\anaconda3\lib\site-packages\schedule\__init__.py", line 172, in _run_job
    ret = job.run()
  File "C:\Users\mhy54\anaconda3\lib\site-packages\schedule\__init__.py", line 661, in run
    ret = self.job_func()
TypeError: testing() missing 1 required positional argument: 'self'

2022-10-25 21:25:39,173 - auto_trading_logger - ERROR - Error while test stage......
Traceback (most recent call last):
  File "c:\Users\mhy54\binance-auto-trading\binance-auto-trading\scheduler.py", line 18, in _run_job
    super()._run_job(job)
  File "C:\Users\mhy54\anaconda3\lib\site-packages\schedule\__init__.py", line 172, in _run_job
    ret = job.run()
  File "C:\Users\mhy54\anaconda3\lib\site-packages\schedule\__init__.py", line 661, in run
    ret = self.job_func()
TypeError: testing() missing 1 required positional argument: 'self'

2022-10-25 21:25:40,187 - auto_trading_logger - ERROR - Error while test stage......
Traceback (most recent call last):
  File "c:\Users\mhy54\binance-auto-trading\binance-auto-trading\scheduler.py", line 18, in _run_job
    super()._run_job(job)
  File "C:\Users\mhy54\anaconda3\lib\site-packages\schedule\__init__.py", line 172, in _run_job
    ret = job.run()
  File "C:\Users\mhy54\anaconda3\lib\site-packages\schedule\__init__.py", line 661, in run
    ret = self.job_func()
TypeError: testing() missing 1 required positional argument: 'self'

2022-10-25 21:25:41,195 - auto_trading_logger - ERROR - Error while test stage......
Traceback (most recent call last):
  File "c:\Users\mhy54\binance-auto-trading\binance-auto-trading\scheduler.py", line 18, in _run_job
    super()._run_job(job)
  File "C:\Users\mhy54\anaconda3\lib\site-packages\schedule\__init__.py", line 172, in _run_job
    ret = job.run()
  File "C:\Users\mhy54\anaconda3\lib\site-packages\schedule\__init__.py", line 661, in run
    ret = self.job_func()
TypeError: testing() missing 1 required positional argument: 'self'

2022-10-25 21:25:42,211 - auto_trading_logger - ERROR - Error while test stage......
Traceback (most recent call last):
  File "c:\Users\mhy54\binance-auto-trading\binance-auto-trading\scheduler.py", line 18, in _run_job
    super()._run_job(job)
  File "C:\Users\mhy54\anaconda3\lib\site-packages\schedule\__init__.py", line 172, in _run_job
    ret = job.run()
  File "C:\Users\mhy54\anaconda3\lib\site-packages\schedule\__init__.py", line 661, in run
    ret = self.job_func()
TypeError: testing() missing 1 required positional argument: 'self'

2022-10-25 21:25:43,220 - auto_trading_logger - ERROR - Error while test stage......
Traceback (most recent call last):
  File "c:\Users\mhy54\binance-auto-trading\binance-auto-trading\scheduler.py", line 18, in _run_job
    super()._run_job(job)
  File "C:\Users\mhy54\anaconda3\lib\site-packages\schedule\__init__.py", line 172, in _run_job
    ret = job.run()
  File "C:\Users\mhy54\anaconda3\lib\site-packages\schedule\__init__.py", line 661, in run
    ret = self.job_func()
TypeError: testing() missing 1 required positional argument: 'self'

2022-10-25 21:25:44,235 - auto_trading_logger - ERROR - Error while test stage......
Traceback (most recent call last):
  File "c:\Users\mhy54\binance-auto-trading\binance-auto-trading\scheduler.py", line 18, in _run_job
    super()._run_job(job)
  File "C:\Users\mhy54\anaconda3\lib\site-packages\schedule\__init__.py", line 172, in _run_job
    ret = job.run()
  File "C:\Users\mhy54\anaconda3\lib\site-packages\schedule\__init__.py", line 661, in run
    ret = self.job_func()
TypeError: testing() missing 1 required positional argument: 'self'

2022-10-25 21:25:45,243 - auto_trading_logger - ERROR - Error while test stage......
Traceback (most recent call last):
  File "c:\Users\mhy54\binance-auto-trading\binance-auto-trading\scheduler.py", line 18, in _run_job
    super()._run_job(job)
  File "C:\Users\mhy54\anaconda3\lib\site-packages\schedule\__init__.py", line 172, in _run_job
    ret = job.run()
  File "C:\Users\mhy54\anaconda3\lib\site-packages\schedule\__init__.py", line 661, in run
    ret = self.job_func()
TypeError: testing() missing 1 required positional argument: 'self'

2022-10-25 21:25:46,252 - auto_trading_logger - ERROR - Error while test stage......
Traceback (most recent call last):
  File "c:\Users\mhy54\binance-auto-trading\binance-auto-trading\scheduler.py", line 18, in _run_job
    super()._run_job(job)
  File "C:\Users\mhy54\anaconda3\lib\site-packages\schedule\__init__.py", line 172, in _run_job
    ret = job.run()
  File "C:\Users\mhy54\anaconda3\lib\site-packages\schedule\__init__.py", line 661, in run
    ret = self.job_func()
TypeError: testing() missing 1 required positional argument: 'self'

2022-10-25 21:25:47,263 - auto_trading_logger - ERROR - Error while test stage......
Traceback (most recent call last):
  File "c:\Users\mhy54\binance-auto-trading\binance-auto-trading\scheduler.py", line 18, in _run_job
    super()._run_job(job)
  File "C:\Users\mhy54\anaconda3\lib\site-packages\schedule\__init__.py", line 172, in _run_job
    ret = job.run()
  File "C:\Users\mhy54\anaconda3\lib\site-packages\schedule\__init__.py", line 661, in run
    ret = self.job_func()
TypeError: testing() missing 1 required positional argument: 'self'

2022-10-25 21:25:48,274 - auto_trading_logger - ERROR - Error while test stage......
Traceback (most recent call last):
  File "c:\Users\mhy54\binance-auto-trading\binance-auto-trading\scheduler.py", line 18, in _run_job
    super()._run_job(job)
  File "C:\Users\mhy54\anaconda3\lib\site-packages\schedule\__init__.py", line 172, in _run_job
    ret = job.run()
  File "C:\Users\mhy54\anaconda3\lib\site-packages\schedule\__init__.py", line 661, in run
    ret = self.job_func()
TypeError: testing() missing 1 required positional argument: 'self'

2022-10-25 21:25:49,283 - auto_trading_logger - ERROR - Error while test stage......
Traceback (most recent call last):
  File "c:\Users\mhy54\binance-auto-trading\binance-auto-trading\scheduler.py", line 18, in _run_job
    super()._run_job(job)
  File "C:\Users\mhy54\anaconda3\lib\site-packages\schedule\__init__.py", line 172, in _run_job
    ret = job.run()
  File "C:\Users\mhy54\anaconda3\lib\site-packages\schedule\__init__.py", line 661, in run
    ret = self.job_func()
TypeError: testing() missing 1 required positional argument: 'self'

2022-10-25 21:25:50,285 - auto_trading_logger - ERROR - Error while test stage......
Traceback (most recent call last):
  File "c:\Users\mhy54\binance-auto-trading\binance-auto-trading\scheduler.py", line 18, in _run_job
    super()._run_job(job)
  File "C:\Users\mhy54\anaconda3\lib\site-packages\schedule\__init__.py", line 172, in _run_job
    ret = job.run()
  File "C:\Users\mhy54\anaconda3\lib\site-packages\schedule\__init__.py", line 661, in run
    ret = self.job_func()
TypeError: testing() missing 1 required positional argument: 'self'

2022-10-25 21:25:51,300 - auto_trading_logger - ERROR - Error while test stage......
Traceback (most recent call last):
  File "c:\Users\mhy54\binance-auto-trading\binance-auto-trading\scheduler.py", line 18, in _run_job
    super()._run_job(job)
  File "C:\Users\mhy54\anaconda3\lib\site-packages\schedule\__init__.py", line 172, in _run_job
    ret = job.run()
  File "C:\Users\mhy54\anaconda3\lib\site-packages\schedule\__init__.py", line 661, in run
    ret = self.job_func()
TypeError: testing() missing 1 required positional argument: 'self'

2022-10-25 21:25:52,310 - auto_trading_logger - ERROR - Error while test stage......
Traceback (most recent call last):
  File "c:\Users\mhy54\binance-auto-trading\binance-auto-trading\scheduler.py", line 18, in _run_job
    super()._run_job(job)
  File "C:\Users\mhy54\anaconda3\lib\site-packages\schedule\__init__.py", line 172, in _run_job
    ret = job.run()
  File "C:\Users\mhy54\anaconda3\lib\site-packages\schedule\__init__.py", line 661, in run
    ret = self.job_func()
TypeError: testing() missing 1 required positional argument: 'self'

2022-10-25 21:25:53,320 - auto_trading_logger - ERROR - Error while test stage......
Traceback (most recent call last):
  File "c:\Users\mhy54\binance-auto-trading\binance-auto-trading\scheduler.py", line 18, in _run_job
    super()._run_job(job)
  File "C:\Users\mhy54\anaconda3\lib\site-packages\schedule\__init__.py", line 172, in _run_job
    ret = job.run()
  File "C:\Users\mhy54\anaconda3\lib\site-packages\schedule\__init__.py", line 661, in run
    ret = self.job_func()
TypeError: testing() missing 1 required positional argument: 'self'

2022-10-25 21:25:54,329 - auto_trading_logger - ERROR - Error while test stage......
Traceback (most recent call last):
  File "c:\Users\mhy54\binance-auto-trading\binance-auto-trading\scheduler.py", line 18, in _run_job
    super()._run_job(job)
  File "C:\Users\mhy54\anaconda3\lib\site-packages\schedule\__init__.py", line 172, in _run_job
    ret = job.run()
  File "C:\Users\mhy54\anaconda3\lib\site-packages\schedule\__init__.py", line 661, in run
    ret = self.job_func()
TypeError: testing() missing 1 required positional argument: 'self'

2022-10-25 21:25:55,341 - auto_trading_logger - ERROR - Error while test stage......
Traceback (most recent call last):
  File "c:\Users\mhy54\binance-auto-trading\binance-auto-trading\scheduler.py", line 18, in _run_job
    super()._run_job(job)
  File "C:\Users\mhy54\anaconda3\lib\site-packages\schedule\__init__.py", line 172, in _run_job
    ret = job.run()
  File "C:\Users\mhy54\anaconda3\lib\site-packages\schedule\__init__.py", line 661, in run
    ret = self.job_func()
TypeError: testing() missing 1 required positional argument: 'self'

2022-10-25 21:25:56,355 - auto_trading_logger - ERROR - Error while test stage......
Traceback (most recent call last):
  File "c:\Users\mhy54\binance-auto-trading\binance-auto-trading\scheduler.py", line 18, in _run_job
    super()._run_job(job)
  File "C:\Users\mhy54\anaconda3\lib\site-packages\schedule\__init__.py", line 172, in _run_job
    ret = job.run()
  File "C:\Users\mhy54\anaconda3\lib\site-packages\schedule\__init__.py", line 661, in run
    ret = self.job_func()
TypeError: testing() missing 1 required positional argument: 'self'

2022-10-25 21:25:57,365 - auto_trading_logger - ERROR - Error while test stage......
Traceback (most recent call last):
  File "c:\Users\mhy54\binance-auto-trading\binance-auto-trading\scheduler.py", line 18, in _run_job
    super()._run_job(job)
  File "C:\Users\mhy54\anaconda3\lib\site-packages\schedule\__init__.py", line 172, in _run_job
    ret = job.run()
  File "C:\Users\mhy54\anaconda3\lib\site-packages\schedule\__init__.py", line 661, in run
    ret = self.job_func()
TypeError: testing() missing 1 required positional argument: 'self'

2022-10-25 21:25:58,371 - auto_trading_logger - ERROR - Error while test stage......
Traceback (most recent call last):
  File "c:\Users\mhy54\binance-auto-trading\binance-auto-trading\scheduler.py", line 18, in _run_job
    super()._run_job(job)
  File "C:\Users\mhy54\anaconda3\lib\site-packages\schedule\__init__.py", line 172, in _run_job
    ret = job.run()
  File "C:\Users\mhy54\anaconda3\lib\site-packages\schedule\__init__.py", line 661, in run
    ret = self.job_func()
TypeError: testing() missing 1 required positional argument: 'self'

2022-10-25 21:25:59,388 - auto_trading_logger - ERROR - Error while test stage......
Traceback (most recent call last):
  File "c:\Users\mhy54\binance-auto-trading\binance-auto-trading\scheduler.py", line 18, in _run_job
    super()._run_job(job)
  File "C:\Users\mhy54\anaconda3\lib\site-packages\schedule\__init__.py", line 172, in _run_job
    ret = job.run()
  File "C:\Users\mhy54\anaconda3\lib\site-packages\schedule\__init__.py", line 661, in run
    ret = self.job_func()
TypeError: testing() missing 1 required positional argument: 'self'

2022-10-25 21:26:00,399 - auto_trading_logger - ERROR - Error while test stage......
Traceback (most recent call last):
  File "c:\Users\mhy54\binance-auto-trading\binance-auto-trading\scheduler.py", line 18, in _run_job
    super()._run_job(job)
  File "C:\Users\mhy54\anaconda3\lib\site-packages\schedule\__init__.py", line 172, in _run_job
    ret = job.run()
  File "C:\Users\mhy54\anaconda3\lib\site-packages\schedule\__init__.py", line 661, in run
    ret = self.job_func()
TypeError: testing() missing 1 required positional argument: 'self'

2022-10-25 21:26:01,410 - auto_trading_logger - ERROR - Error while test stage......
Traceback (most recent call last):
  File "c:\Users\mhy54\binance-auto-trading\binance-auto-trading\scheduler.py", line 18, in _run_job
    super()._run_job(job)
  File "C:\Users\mhy54\anaconda3\lib\site-packages\schedule\__init__.py", line 172, in _run_job
    ret = job.run()
  File "C:\Users\mhy54\anaconda3\lib\site-packages\schedule\__init__.py", line 661, in run
    ret = self.job_func()
TypeError: testing() missing 1 required positional argument: 'self'

2022-10-25 21:26:02,427 - auto_trading_logger - ERROR - Error while test stage......
Traceback (most recent call last):
  File "c:\Users\mhy54\binance-auto-trading\binance-auto-trading\scheduler.py", line 18, in _run_job
    super()._run_job(job)
  File "C:\Users\mhy54\anaconda3\lib\site-packages\schedule\__init__.py", line 172, in _run_job
    ret = job.run()
  File "C:\Users\mhy54\anaconda3\lib\site-packages\schedule\__init__.py", line 661, in run
    ret = self.job_func()
TypeError: testing() missing 1 required positional argument: 'self'

2022-10-25 21:26:03,438 - auto_trading_logger - ERROR - Error while test stage......
Traceback (most recent call last):
  File "c:\Users\mhy54\binance-auto-trading\binance-auto-trading\scheduler.py", line 18, in _run_job
    super()._run_job(job)
  File "C:\Users\mhy54\anaconda3\lib\site-packages\schedule\__init__.py", line 172, in _run_job
    ret = job.run()
  File "C:\Users\mhy54\anaconda3\lib\site-packages\schedule\__init__.py", line 661, in run
    ret = self.job_func()
TypeError: testing() missing 1 required positional argument: 'self'

2022-10-25 21:26:04,446 - auto_trading_logger - ERROR - Error while test stage......
Traceback (most recent call last):
  File "c:\Users\mhy54\binance-auto-trading\binance-auto-trading\scheduler.py", line 18, in _run_job
    super()._run_job(job)
  File "C:\Users\mhy54\anaconda3\lib\site-packages\schedule\__init__.py", line 172, in _run_job
    ret = job.run()
  File "C:\Users\mhy54\anaconda3\lib\site-packages\schedule\__init__.py", line 661, in run
    ret = self.job_func()
TypeError: testing() missing 1 required positional argument: 'self'

2022-10-25 21:26:05,451 - auto_trading_logger - ERROR - Error while test stage......
Traceback (most recent call last):
  File "c:\Users\mhy54\binance-auto-trading\binance-auto-trading\scheduler.py", line 18, in _run_job
    super()._run_job(job)
  File "C:\Users\mhy54\anaconda3\lib\site-packages\schedule\__init__.py", line 172, in _run_job
    ret = job.run()
  File "C:\Users\mhy54\anaconda3\lib\site-packages\schedule\__init__.py", line 661, in run
    ret = self.job_func()
TypeError: testing() missing 1 required positional argument: 'self'

2022-10-25 21:26:06,464 - auto_trading_logger - ERROR - Error while test stage......
Traceback (most recent call last):
  File "c:\Users\mhy54\binance-auto-trading\binance-auto-trading\scheduler.py", line 18, in _run_job
    super()._run_job(job)
  File "C:\Users\mhy54\anaconda3\lib\site-packages\schedule\__init__.py", line 172, in _run_job
    ret = job.run()
  File "C:\Users\mhy54\anaconda3\lib\site-packages\schedule\__init__.py", line 661, in run
    ret = self.job_func()
TypeError: testing() missing 1 required positional argument: 'self'

2022-10-25 21:26:07,482 - auto_trading_logger - ERROR - Error while test stage......
Traceback (most recent call last):
  File "c:\Users\mhy54\binance-auto-trading\binance-auto-trading\scheduler.py", line 18, in _run_job
    super()._run_job(job)
  File "C:\Users\mhy54\anaconda3\lib\site-packages\schedule\__init__.py", line 172, in _run_job
    ret = job.run()
  File "C:\Users\mhy54\anaconda3\lib\site-packages\schedule\__init__.py", line 661, in run
    ret = self.job_func()
TypeError: testing() missing 1 required positional argument: 'self'

2022-10-25 21:26:08,494 - auto_trading_logger - ERROR - Error while test stage......
Traceback (most recent call last):
  File "c:\Users\mhy54\binance-auto-trading\binance-auto-trading\scheduler.py", line 18, in _run_job
    super()._run_job(job)
  File "C:\Users\mhy54\anaconda3\lib\site-packages\schedule\__init__.py", line 172, in _run_job
    ret = job.run()
  File "C:\Users\mhy54\anaconda3\lib\site-packages\schedule\__init__.py", line 661, in run
    ret = self.job_func()
TypeError: testing() missing 1 required positional argument: 'self'

2022-10-25 21:26:09,504 - auto_trading_logger - ERROR - Error while test stage......
Traceback (most recent call last):
  File "c:\Users\mhy54\binance-auto-trading\binance-auto-trading\scheduler.py", line 18, in _run_job
    super()._run_job(job)
  File "C:\Users\mhy54\anaconda3\lib\site-packages\schedule\__init__.py", line 172, in _run_job
    ret = job.run()
  File "C:\Users\mhy54\anaconda3\lib\site-packages\schedule\__init__.py", line 661, in run
    ret = self.job_func()
TypeError: testing() missing 1 required positional argument: 'self'

2022-10-25 21:26:10,514 - auto_trading_logger - ERROR - Error while test stage......
Traceback (most recent call last):
  File "c:\Users\mhy54\binance-auto-trading\binance-auto-trading\scheduler.py", line 18, in _run_job
    super()._run_job(job)
  File "C:\Users\mhy54\anaconda3\lib\site-packages\schedule\__init__.py", line 172, in _run_job
    ret = job.run()
  File "C:\Users\mhy54\anaconda3\lib\site-packages\schedule\__init__.py", line 661, in run
    ret = self.job_func()
TypeError: testing() missing 1 required positional argument: 'self'

2022-10-25 21:26:11,527 - auto_trading_logger - ERROR - Error while test stage......
Traceback (most recent call last):
  File "c:\Users\mhy54\binance-auto-trading\binance-auto-trading\scheduler.py", line 18, in _run_job
    super()._run_job(job)
  File "C:\Users\mhy54\anaconda3\lib\site-packages\schedule\__init__.py", line 172, in _run_job
    ret = job.run()
  File "C:\Users\mhy54\anaconda3\lib\site-packages\schedule\__init__.py", line 661, in run
    ret = self.job_func()
TypeError: testing() missing 1 required positional argument: 'self'

2022-10-25 21:26:12,534 - auto_trading_logger - ERROR - Error while test stage......
Traceback (most recent call last):
  File "c:\Users\mhy54\binance-auto-trading\binance-auto-trading\scheduler.py", line 18, in _run_job
    super()._run_job(job)
  File "C:\Users\mhy54\anaconda3\lib\site-packages\schedule\__init__.py", line 172, in _run_job
    ret = job.run()
  File "C:\Users\mhy54\anaconda3\lib\site-packages\schedule\__init__.py", line 661, in run
    ret = self.job_func()
TypeError: testing() missing 1 required positional argument: 'self'

2022-10-25 21:26:13,542 - auto_trading_logger - ERROR - Error while test stage......
Traceback (most recent call last):
  File "c:\Users\mhy54\binance-auto-trading\binance-auto-trading\scheduler.py", line 18, in _run_job
    super()._run_job(job)
  File "C:\Users\mhy54\anaconda3\lib\site-packages\schedule\__init__.py", line 172, in _run_job
    ret = job.run()
  File "C:\Users\mhy54\anaconda3\lib\site-packages\schedule\__init__.py", line 661, in run
    ret = self.job_func()
TypeError: testing() missing 1 required positional argument: 'self'

2022-10-25 21:26:14,549 - auto_trading_logger - ERROR - Error while test stage......
Traceback (most recent call last):
  File "c:\Users\mhy54\binance-auto-trading\binance-auto-trading\scheduler.py", line 18, in _run_job
    super()._run_job(job)
  File "C:\Users\mhy54\anaconda3\lib\site-packages\schedule\__init__.py", line 172, in _run_job
    ret = job.run()
  File "C:\Users\mhy54\anaconda3\lib\site-packages\schedule\__init__.py", line 661, in run
    ret = self.job_func()
TypeError: testing() missing 1 required positional argument: 'self'

2022-10-25 21:26:15,565 - auto_trading_logger - ERROR - Error while test stage......
Traceback (most recent call last):
  File "c:\Users\mhy54\binance-auto-trading\binance-auto-trading\scheduler.py", line 18, in _run_job
    super()._run_job(job)
  File "C:\Users\mhy54\anaconda3\lib\site-packages\schedule\__init__.py", line 172, in _run_job
    ret = job.run()
  File "C:\Users\mhy54\anaconda3\lib\site-packages\schedule\__init__.py", line 661, in run
    ret = self.job_func()
TypeError: testing() missing 1 required positional argument: 'self'

2022-10-25 21:26:16,587 - auto_trading_logger - ERROR - Error while test stage......
Traceback (most recent call last):
  File "c:\Users\mhy54\binance-auto-trading\binance-auto-trading\scheduler.py", line 18, in _run_job
    super()._run_job(job)
  File "C:\Users\mhy54\anaconda3\lib\site-packages\schedule\__init__.py", line 172, in _run_job
    ret = job.run()
  File "C:\Users\mhy54\anaconda3\lib\site-packages\schedule\__init__.py", line 661, in run
    ret = self.job_func()
TypeError: testing() missing 1 required positional argument: 'self'

2022-10-25 21:26:17,610 - auto_trading_logger - ERROR - Error while test stage......
Traceback (most recent call last):
  File "c:\Users\mhy54\binance-auto-trading\binance-auto-trading\scheduler.py", line 18, in _run_job
    super()._run_job(job)
  File "C:\Users\mhy54\anaconda3\lib\site-packages\schedule\__init__.py", line 172, in _run_job
    ret = job.run()
  File "C:\Users\mhy54\anaconda3\lib\site-packages\schedule\__init__.py", line 661, in run
    ret = self.job_func()
TypeError: testing() missing 1 required positional argument: 'self'

2022-10-25 21:26:18,628 - auto_trading_logger - ERROR - Error while test stage......
Traceback (most recent call last):
  File "c:\Users\mhy54\binance-auto-trading\binance-auto-trading\scheduler.py", line 18, in _run_job
    super()._run_job(job)
  File "C:\Users\mhy54\anaconda3\lib\site-packages\schedule\__init__.py", line 172, in _run_job
    ret = job.run()
  File "C:\Users\mhy54\anaconda3\lib\site-packages\schedule\__init__.py", line 661, in run
    ret = self.job_func()
TypeError: testing() missing 1 required positional argument: 'self'

2022-10-25 21:26:19,637 - auto_trading_logger - ERROR - Error while test stage......
Traceback (most recent call last):
  File "c:\Users\mhy54\binance-auto-trading\binance-auto-trading\scheduler.py", line 18, in _run_job
    super()._run_job(job)
  File "C:\Users\mhy54\anaconda3\lib\site-packages\schedule\__init__.py", line 172, in _run_job
    ret = job.run()
  File "C:\Users\mhy54\anaconda3\lib\site-packages\schedule\__init__.py", line 661, in run
    ret = self.job_func()
TypeError: testing() missing 1 required positional argument: 'self'

2022-10-25 21:26:20,647 - auto_trading_logger - ERROR - Error while test stage......
Traceback (most recent call last):
  File "c:\Users\mhy54\binance-auto-trading\binance-auto-trading\scheduler.py", line 18, in _run_job
    super()._run_job(job)
  File "C:\Users\mhy54\anaconda3\lib\site-packages\schedule\__init__.py", line 172, in _run_job
    ret = job.run()
  File "C:\Users\mhy54\anaconda3\lib\site-packages\schedule\__init__.py", line 661, in run
    ret = self.job_func()
TypeError: testing() missing 1 required positional argument: 'self'

2022-10-25 21:26:21,663 - auto_trading_logger - ERROR - Error while test stage......
Traceback (most recent call last):
  File "c:\Users\mhy54\binance-auto-trading\binance-auto-trading\scheduler.py", line 18, in _run_job
    super()._run_job(job)
  File "C:\Users\mhy54\anaconda3\lib\site-packages\schedule\__init__.py", line 172, in _run_job
    ret = job.run()
  File "C:\Users\mhy54\anaconda3\lib\site-packages\schedule\__init__.py", line 661, in run
    ret = self.job_func()
TypeError: testing() missing 1 required positional argument: 'self'

2022-10-25 21:26:22,669 - auto_trading_logger - ERROR - Error while test stage......
Traceback (most recent call last):
  File "c:\Users\mhy54\binance-auto-trading\binance-auto-trading\scheduler.py", line 18, in _run_job
    super()._run_job(job)
  File "C:\Users\mhy54\anaconda3\lib\site-packages\schedule\__init__.py", line 172, in _run_job
    ret = job.run()
  File "C:\Users\mhy54\anaconda3\lib\site-packages\schedule\__init__.py", line 661, in run
    ret = self.job_func()
TypeError: testing() missing 1 required positional argument: 'self'

2022-10-25 21:26:23,678 - auto_trading_logger - ERROR - Error while test stage......
Traceback (most recent call last):
  File "c:\Users\mhy54\binance-auto-trading\binance-auto-trading\scheduler.py", line 18, in _run_job
    super()._run_job(job)
  File "C:\Users\mhy54\anaconda3\lib\site-packages\schedule\__init__.py", line 172, in _run_job
    ret = job.run()
  File "C:\Users\mhy54\anaconda3\lib\site-packages\schedule\__init__.py", line 661, in run
    ret = self.job_func()
TypeError: testing() missing 1 required positional argument: 'self'

2022-10-25 21:26:24,690 - auto_trading_logger - ERROR - Error while test stage......
Traceback (most recent call last):
  File "c:\Users\mhy54\binance-auto-trading\binance-auto-trading\scheduler.py", line 18, in _run_job
    super()._run_job(job)
  File "C:\Users\mhy54\anaconda3\lib\site-packages\schedule\__init__.py", line 172, in _run_job
    ret = job.run()
  File "C:\Users\mhy54\anaconda3\lib\site-packages\schedule\__init__.py", line 661, in run
    ret = self.job_func()
TypeError: testing() missing 1 required positional argument: 'self'

2022-10-25 21:26:25,697 - auto_trading_logger - ERROR - Error while test stage......
Traceback (most recent call last):
  File "c:\Users\mhy54\binance-auto-trading\binance-auto-trading\scheduler.py", line 18, in _run_job
    super()._run_job(job)
  File "C:\Users\mhy54\anaconda3\lib\site-packages\schedule\__init__.py", line 172, in _run_job
    ret = job.run()
  File "C:\Users\mhy54\anaconda3\lib\site-packages\schedule\__init__.py", line 661, in run
    ret = self.job_func()
TypeError: testing() missing 1 required positional argument: 'self'

2022-10-25 21:26:26,706 - auto_trading_logger - ERROR - Error while test stage......
Traceback (most recent call last):
  File "c:\Users\mhy54\binance-auto-trading\binance-auto-trading\scheduler.py", line 18, in _run_job
    super()._run_job(job)
  File "C:\Users\mhy54\anaconda3\lib\site-packages\schedule\__init__.py", line 172, in _run_job
    ret = job.run()
  File "C:\Users\mhy54\anaconda3\lib\site-packages\schedule\__init__.py", line 661, in run
    ret = self.job_func()
TypeError: testing() missing 1 required positional argument: 'self'

2022-10-25 21:26:27,716 - auto_trading_logger - ERROR - Error while test stage......
Traceback (most recent call last):
  File "c:\Users\mhy54\binance-auto-trading\binance-auto-trading\scheduler.py", line 18, in _run_job
    super()._run_job(job)
  File "C:\Users\mhy54\anaconda3\lib\site-packages\schedule\__init__.py", line 172, in _run_job
    ret = job.run()
  File "C:\Users\mhy54\anaconda3\lib\site-packages\schedule\__init__.py", line 661, in run
    ret = self.job_func()
TypeError: testing() missing 1 required positional argument: 'self'

2022-10-25 21:26:28,719 - auto_trading_logger - ERROR - Error while test stage......
Traceback (most recent call last):
  File "c:\Users\mhy54\binance-auto-trading\binance-auto-trading\scheduler.py", line 18, in _run_job
    super()._run_job(job)
  File "C:\Users\mhy54\anaconda3\lib\site-packages\schedule\__init__.py", line 172, in _run_job
    ret = job.run()
  File "C:\Users\mhy54\anaconda3\lib\site-packages\schedule\__init__.py", line 661, in run
    ret = self.job_func()
TypeError: testing() missing 1 required positional argument: 'self'

2022-10-25 21:26:29,732 - auto_trading_logger - ERROR - Error while test stage......
Traceback (most recent call last):
  File "c:\Users\mhy54\binance-auto-trading\binance-auto-trading\scheduler.py", line 18, in _run_job
    super()._run_job(job)
  File "C:\Users\mhy54\anaconda3\lib\site-packages\schedule\__init__.py", line 172, in _run_job
    ret = job.run()
  File "C:\Users\mhy54\anaconda3\lib\site-packages\schedule\__init__.py", line 661, in run
    ret = self.job_func()
TypeError: testing() missing 1 required positional argument: 'self'

2022-10-25 21:26:30,741 - auto_trading_logger - ERROR - Error while test stage......
Traceback (most recent call last):
  File "c:\Users\mhy54\binance-auto-trading\binance-auto-trading\scheduler.py", line 18, in _run_job
    super()._run_job(job)
  File "C:\Users\mhy54\anaconda3\lib\site-packages\schedule\__init__.py", line 172, in _run_job
    ret = job.run()
  File "C:\Users\mhy54\anaconda3\lib\site-packages\schedule\__init__.py", line 661, in run
    ret = self.job_func()
TypeError: testing() missing 1 required positional argument: 'self'

2022-10-25 21:26:31,745 - auto_trading_logger - ERROR - Error while test stage......
Traceback (most recent call last):
  File "c:\Users\mhy54\binance-auto-trading\binance-auto-trading\scheduler.py", line 18, in _run_job
    super()._run_job(job)
  File "C:\Users\mhy54\anaconda3\lib\site-packages\schedule\__init__.py", line 172, in _run_job
    ret = job.run()
  File "C:\Users\mhy54\anaconda3\lib\site-packages\schedule\__init__.py", line 661, in run
    ret = self.job_func()
TypeError: testing() missing 1 required positional argument: 'self'

2022-10-25 21:26:32,754 - auto_trading_logger - ERROR - Error while test stage......
Traceback (most recent call last):
  File "c:\Users\mhy54\binance-auto-trading\binance-auto-trading\scheduler.py", line 18, in _run_job
    super()._run_job(job)
  File "C:\Users\mhy54\anaconda3\lib\site-packages\schedule\__init__.py", line 172, in _run_job
    ret = job.run()
  File "C:\Users\mhy54\anaconda3\lib\site-packages\schedule\__init__.py", line 661, in run
    ret = self.job_func()
TypeError: testing() missing 1 required positional argument: 'self'

2022-10-25 21:26:33,758 - auto_trading_logger - ERROR - Error while test stage......
Traceback (most recent call last):
  File "c:\Users\mhy54\binance-auto-trading\binance-auto-trading\scheduler.py", line 18, in _run_job
    super()._run_job(job)
  File "C:\Users\mhy54\anaconda3\lib\site-packages\schedule\__init__.py", line 172, in _run_job
    ret = job.run()
  File "C:\Users\mhy54\anaconda3\lib\site-packages\schedule\__init__.py", line 661, in run
    ret = self.job_func()
TypeError: testing() missing 1 required positional argument: 'self'

2022-10-25 21:26:34,760 - auto_trading_logger - ERROR - Error while test stage......
Traceback (most recent call last):
  File "c:\Users\mhy54\binance-auto-trading\binance-auto-trading\scheduler.py", line 18, in _run_job
    super()._run_job(job)
  File "C:\Users\mhy54\anaconda3\lib\site-packages\schedule\__init__.py", line 172, in _run_job
    ret = job.run()
  File "C:\Users\mhy54\anaconda3\lib\site-packages\schedule\__init__.py", line 661, in run
    ret = self.job_func()
TypeError: testing() missing 1 required positional argument: 'self'

2022-10-25 21:26:35,764 - auto_trading_logger - ERROR - Error while test stage......
Traceback (most recent call last):
  File "c:\Users\mhy54\binance-auto-trading\binance-auto-trading\scheduler.py", line 18, in _run_job
    super()._run_job(job)
  File "C:\Users\mhy54\anaconda3\lib\site-packages\schedule\__init__.py", line 172, in _run_job
    ret = job.run()
  File "C:\Users\mhy54\anaconda3\lib\site-packages\schedule\__init__.py", line 661, in run
    ret = self.job_func()
TypeError: testing() missing 1 required positional argument: 'self'

2022-10-25 21:26:36,770 - auto_trading_logger - ERROR - Error while test stage......
Traceback (most recent call last):
  File "c:\Users\mhy54\binance-auto-trading\binance-auto-trading\scheduler.py", line 18, in _run_job
    super()._run_job(job)
  File "C:\Users\mhy54\anaconda3\lib\site-packages\schedule\__init__.py", line 172, in _run_job
    ret = job.run()
  File "C:\Users\mhy54\anaconda3\lib\site-packages\schedule\__init__.py", line 661, in run
    ret = self.job_func()
TypeError: testing() missing 1 required positional argument: 'self'

2022-10-25 21:26:37,780 - auto_trading_logger - ERROR - Error while test stage......
Traceback (most recent call last):
  File "c:\Users\mhy54\binance-auto-trading\binance-auto-trading\scheduler.py", line 18, in _run_job
    super()._run_job(job)
  File "C:\Users\mhy54\anaconda3\lib\site-packages\schedule\__init__.py", line 172, in _run_job
    ret = job.run()
  File "C:\Users\mhy54\anaconda3\lib\site-packages\schedule\__init__.py", line 661, in run
    ret = self.job_func()
TypeError: testing() missing 1 required positional argument: 'self'

2022-10-25 21:26:38,793 - auto_trading_logger - ERROR - Error while test stage......
Traceback (most recent call last):
  File "c:\Users\mhy54\binance-auto-trading\binance-auto-trading\scheduler.py", line 18, in _run_job
    super()._run_job(job)
  File "C:\Users\mhy54\anaconda3\lib\site-packages\schedule\__init__.py", line 172, in _run_job
    ret = job.run()
  File "C:\Users\mhy54\anaconda3\lib\site-packages\schedule\__init__.py", line 661, in run
    ret = self.job_func()
TypeError: testing() missing 1 required positional argument: 'self'

2022-10-25 21:26:39,807 - auto_trading_logger - ERROR - Error while test stage......
Traceback (most recent call last):
  File "c:\Users\mhy54\binance-auto-trading\binance-auto-trading\scheduler.py", line 18, in _run_job
    super()._run_job(job)
  File "C:\Users\mhy54\anaconda3\lib\site-packages\schedule\__init__.py", line 172, in _run_job
    ret = job.run()
  File "C:\Users\mhy54\anaconda3\lib\site-packages\schedule\__init__.py", line 661, in run
    ret = self.job_func()
TypeError: testing() missing 1 required positional argument: 'self'

2022-10-25 21:26:40,824 - auto_trading_logger - ERROR - Error while test stage......
Traceback (most recent call last):
  File "c:\Users\mhy54\binance-auto-trading\binance-auto-trading\scheduler.py", line 18, in _run_job
    super()._run_job(job)
  File "C:\Users\mhy54\anaconda3\lib\site-packages\schedule\__init__.py", line 172, in _run_job
    ret = job.run()
  File "C:\Users\mhy54\anaconda3\lib\site-packages\schedule\__init__.py", line 661, in run
    ret = self.job_func()
TypeError: testing() missing 1 required positional argument: 'self'

2022-10-25 21:26:41,840 - auto_trading_logger - ERROR - Error while test stage......
Traceback (most recent call last):
  File "c:\Users\mhy54\binance-auto-trading\binance-auto-trading\scheduler.py", line 18, in _run_job
    super()._run_job(job)
  File "C:\Users\mhy54\anaconda3\lib\site-packages\schedule\__init__.py", line 172, in _run_job
    ret = job.run()
  File "C:\Users\mhy54\anaconda3\lib\site-packages\schedule\__init__.py", line 661, in run
    ret = self.job_func()
TypeError: testing() missing 1 required positional argument: 'self'

2022-10-25 21:26:42,852 - auto_trading_logger - ERROR - Error while test stage......
Traceback (most recent call last):
  File "c:\Users\mhy54\binance-auto-trading\binance-auto-trading\scheduler.py", line 18, in _run_job
    super()._run_job(job)
  File "C:\Users\mhy54\anaconda3\lib\site-packages\schedule\__init__.py", line 172, in _run_job
    ret = job.run()
  File "C:\Users\mhy54\anaconda3\lib\site-packages\schedule\__init__.py", line 661, in run
    ret = self.job_func()
TypeError: testing() missing 1 required positional argument: 'self'

2022-10-25 21:26:43,866 - auto_trading_logger - ERROR - Error while test stage......
Traceback (most recent call last):
  File "c:\Users\mhy54\binance-auto-trading\binance-auto-trading\scheduler.py", line 18, in _run_job
    super()._run_job(job)
  File "C:\Users\mhy54\anaconda3\lib\site-packages\schedule\__init__.py", line 172, in _run_job
    ret = job.run()
  File "C:\Users\mhy54\anaconda3\lib\site-packages\schedule\__init__.py", line 661, in run
    ret = self.job_func()
TypeError: testing() missing 1 required positional argument: 'self'

2022-10-25 21:26:44,888 - auto_trading_logger - ERROR - Error while test stage......
Traceback (most recent call last):
  File "c:\Users\mhy54\binance-auto-trading\binance-auto-trading\scheduler.py", line 18, in _run_job
    super()._run_job(job)
  File "C:\Users\mhy54\anaconda3\lib\site-packages\schedule\__init__.py", line 172, in _run_job
    ret = job.run()
  File "C:\Users\mhy54\anaconda3\lib\site-packages\schedule\__init__.py", line 661, in run
    ret = self.job_func()
TypeError: testing() missing 1 required positional argument: 'self'

2022-10-25 21:26:45,893 - auto_trading_logger - ERROR - Error while test stage......
Traceback (most recent call last):
  File "c:\Users\mhy54\binance-auto-trading\binance-auto-trading\scheduler.py", line 18, in _run_job
    super()._run_job(job)
  File "C:\Users\mhy54\anaconda3\lib\site-packages\schedule\__init__.py", line 172, in _run_job
    ret = job.run()
  File "C:\Users\mhy54\anaconda3\lib\site-packages\schedule\__init__.py", line 661, in run
    ret = self.job_func()
TypeError: testing() missing 1 required positional argument: 'self'

2022-10-25 21:26:46,899 - auto_trading_logger - ERROR - Error while test stage......
Traceback (most recent call last):
  File "c:\Users\mhy54\binance-auto-trading\binance-auto-trading\scheduler.py", line 18, in _run_job
    super()._run_job(job)
  File "C:\Users\mhy54\anaconda3\lib\site-packages\schedule\__init__.py", line 172, in _run_job
    ret = job.run()
  File "C:\Users\mhy54\anaconda3\lib\site-packages\schedule\__init__.py", line 661, in run
    ret = self.job_func()
TypeError: testing() missing 1 required positional argument: 'self'

2022-10-25 21:26:47,913 - auto_trading_logger - ERROR - Error while test stage......
Traceback (most recent call last):
  File "c:\Users\mhy54\binance-auto-trading\binance-auto-trading\scheduler.py", line 18, in _run_job
    super()._run_job(job)
  File "C:\Users\mhy54\anaconda3\lib\site-packages\schedule\__init__.py", line 172, in _run_job
    ret = job.run()
  File "C:\Users\mhy54\anaconda3\lib\site-packages\schedule\__init__.py", line 661, in run
    ret = self.job_func()
TypeError: testing() missing 1 required positional argument: 'self'

2022-10-25 21:26:48,915 - auto_trading_logger - ERROR - Error while test stage......
Traceback (most recent call last):
  File "c:\Users\mhy54\binance-auto-trading\binance-auto-trading\scheduler.py", line 18, in _run_job
    super()._run_job(job)
  File "C:\Users\mhy54\anaconda3\lib\site-packages\schedule\__init__.py", line 172, in _run_job
    ret = job.run()
  File "C:\Users\mhy54\anaconda3\lib\site-packages\schedule\__init__.py", line 661, in run
    ret = self.job_func()
TypeError: testing() missing 1 required positional argument: 'self'

2022-10-25 21:26:49,933 - auto_trading_logger - ERROR - Error while test stage......
Traceback (most recent call last):
  File "c:\Users\mhy54\binance-auto-trading\binance-auto-trading\scheduler.py", line 18, in _run_job
    super()._run_job(job)
  File "C:\Users\mhy54\anaconda3\lib\site-packages\schedule\__init__.py", line 172, in _run_job
    ret = job.run()
  File "C:\Users\mhy54\anaconda3\lib\site-packages\schedule\__init__.py", line 661, in run
    ret = self.job_func()
TypeError: testing() missing 1 required positional argument: 'self'

2022-10-25 21:26:50,945 - auto_trading_logger - ERROR - Error while test stage......
Traceback (most recent call last):
  File "c:\Users\mhy54\binance-auto-trading\binance-auto-trading\scheduler.py", line 18, in _run_job
    super()._run_job(job)
  File "C:\Users\mhy54\anaconda3\lib\site-packages\schedule\__init__.py", line 172, in _run_job
    ret = job.run()
  File "C:\Users\mhy54\anaconda3\lib\site-packages\schedule\__init__.py", line 661, in run
    ret = self.job_func()
TypeError: testing() missing 1 required positional argument: 'self'

2022-10-25 21:26:51,956 - auto_trading_logger - ERROR - Error while test stage......
Traceback (most recent call last):
  File "c:\Users\mhy54\binance-auto-trading\binance-auto-trading\scheduler.py", line 18, in _run_job
    super()._run_job(job)
  File "C:\Users\mhy54\anaconda3\lib\site-packages\schedule\__init__.py", line 172, in _run_job
    ret = job.run()
  File "C:\Users\mhy54\anaconda3\lib\site-packages\schedule\__init__.py", line 661, in run
    ret = self.job_func()
TypeError: testing() missing 1 required positional argument: 'self'

2022-10-25 21:26:52,959 - auto_trading_logger - ERROR - Error while test stage......
Traceback (most recent call last):
  File "c:\Users\mhy54\binance-auto-trading\binance-auto-trading\scheduler.py", line 18, in _run_job
    super()._run_job(job)
  File "C:\Users\mhy54\anaconda3\lib\site-packages\schedule\__init__.py", line 172, in _run_job
    ret = job.run()
  File "C:\Users\mhy54\anaconda3\lib\site-packages\schedule\__init__.py", line 661, in run
    ret = self.job_func()
TypeError: testing() missing 1 required positional argument: 'self'

2022-10-25 21:26:53,966 - auto_trading_logger - ERROR - Error while test stage......
Traceback (most recent call last):
  File "c:\Users\mhy54\binance-auto-trading\binance-auto-trading\scheduler.py", line 18, in _run_job
    super()._run_job(job)
  File "C:\Users\mhy54\anaconda3\lib\site-packages\schedule\__init__.py", line 172, in _run_job
    ret = job.run()
  File "C:\Users\mhy54\anaconda3\lib\site-packages\schedule\__init__.py", line 661, in run
    ret = self.job_func()
TypeError: testing() missing 1 required positional argument: 'self'

2022-10-25 21:26:54,975 - auto_trading_logger - ERROR - Error while test stage......
Traceback (most recent call last):
  File "c:\Users\mhy54\binance-auto-trading\binance-auto-trading\scheduler.py", line 18, in _run_job
    super()._run_job(job)
  File "C:\Users\mhy54\anaconda3\lib\site-packages\schedule\__init__.py", line 172, in _run_job
    ret = job.run()
  File "C:\Users\mhy54\anaconda3\lib\site-packages\schedule\__init__.py", line 661, in run
    ret = self.job_func()
TypeError: testing() missing 1 required positional argument: 'self'

2022-10-25 21:26:55,989 - auto_trading_logger - ERROR - Error while test stage......
Traceback (most recent call last):
  File "c:\Users\mhy54\binance-auto-trading\binance-auto-trading\scheduler.py", line 18, in _run_job
    super()._run_job(job)
  File "C:\Users\mhy54\anaconda3\lib\site-packages\schedule\__init__.py", line 172, in _run_job
    ret = job.run()
  File "C:\Users\mhy54\anaconda3\lib\site-packages\schedule\__init__.py", line 661, in run
    ret = self.job_func()
TypeError: testing() missing 1 required positional argument: 'self'

2022-10-25 21:26:56,999 - auto_trading_logger - ERROR - Error while test stage......
Traceback (most recent call last):
  File "c:\Users\mhy54\binance-auto-trading\binance-auto-trading\scheduler.py", line 18, in _run_job
    super()._run_job(job)
  File "C:\Users\mhy54\anaconda3\lib\site-packages\schedule\__init__.py", line 172, in _run_job
    ret = job.run()
  File "C:\Users\mhy54\anaconda3\lib\site-packages\schedule\__init__.py", line 661, in run
    ret = self.job_func()
TypeError: testing() missing 1 required positional argument: 'self'

2022-10-25 21:26:58,013 - auto_trading_logger - ERROR - Error while test stage......
Traceback (most recent call last):
  File "c:\Users\mhy54\binance-auto-trading\binance-auto-trading\scheduler.py", line 18, in _run_job
    super()._run_job(job)
  File "C:\Users\mhy54\anaconda3\lib\site-packages\schedule\__init__.py", line 172, in _run_job
    ret = job.run()
  File "C:\Users\mhy54\anaconda3\lib\site-packages\schedule\__init__.py", line 661, in run
    ret = self.job_func()
TypeError: testing() missing 1 required positional argument: 'self'

2022-10-25 21:26:59,019 - auto_trading_logger - ERROR - Error while test stage......
Traceback (most recent call last):
  File "c:\Users\mhy54\binance-auto-trading\binance-auto-trading\scheduler.py", line 18, in _run_job
    super()._run_job(job)
  File "C:\Users\mhy54\anaconda3\lib\site-packages\schedule\__init__.py", line 172, in _run_job
    ret = job.run()
  File "C:\Users\mhy54\anaconda3\lib\site-packages\schedule\__init__.py", line 661, in run
    ret = self.job_func()
TypeError: testing() missing 1 required positional argument: 'self'

2022-10-25 21:27:00,027 - auto_trading_logger - ERROR - Error while test stage......
Traceback (most recent call last):
  File "c:\Users\mhy54\binance-auto-trading\binance-auto-trading\scheduler.py", line 18, in _run_job
    super()._run_job(job)
  File "C:\Users\mhy54\anaconda3\lib\site-packages\schedule\__init__.py", line 172, in _run_job
    ret = job.run()
  File "C:\Users\mhy54\anaconda3\lib\site-packages\schedule\__init__.py", line 661, in run
    ret = self.job_func()
TypeError: testing() missing 1 required positional argument: 'self'

2022-10-25 21:27:01,037 - auto_trading_logger - ERROR - Error while test stage......
Traceback (most recent call last):
  File "c:\Users\mhy54\binance-auto-trading\binance-auto-trading\scheduler.py", line 18, in _run_job
    super()._run_job(job)
  File "C:\Users\mhy54\anaconda3\lib\site-packages\schedule\__init__.py", line 172, in _run_job
    ret = job.run()
  File "C:\Users\mhy54\anaconda3\lib\site-packages\schedule\__init__.py", line 661, in run
    ret = self.job_func()
TypeError: testing() missing 1 required positional argument: 'self'

2022-10-25 21:27:02,049 - auto_trading_logger - ERROR - Error while test stage......
Traceback (most recent call last):
  File "c:\Users\mhy54\binance-auto-trading\binance-auto-trading\scheduler.py", line 18, in _run_job
    super()._run_job(job)
  File "C:\Users\mhy54\anaconda3\lib\site-packages\schedule\__init__.py", line 172, in _run_job
    ret = job.run()
  File "C:\Users\mhy54\anaconda3\lib\site-packages\schedule\__init__.py", line 661, in run
    ret = self.job_func()
TypeError: testing() missing 1 required positional argument: 'self'

2022-10-25 21:27:03,060 - auto_trading_logger - ERROR - Error while test stage......
Traceback (most recent call last):
  File "c:\Users\mhy54\binance-auto-trading\binance-auto-trading\scheduler.py", line 18, in _run_job
    super()._run_job(job)
  File "C:\Users\mhy54\anaconda3\lib\site-packages\schedule\__init__.py", line 172, in _run_job
    ret = job.run()
  File "C:\Users\mhy54\anaconda3\lib\site-packages\schedule\__init__.py", line 661, in run
    ret = self.job_func()
TypeError: testing() missing 1 required positional argument: 'self'

2022-10-25 21:27:04,074 - auto_trading_logger - ERROR - Error while test stage......
Traceback (most recent call last):
  File "c:\Users\mhy54\binance-auto-trading\binance-auto-trading\scheduler.py", line 18, in _run_job
    super()._run_job(job)
  File "C:\Users\mhy54\anaconda3\lib\site-packages\schedule\__init__.py", line 172, in _run_job
    ret = job.run()
  File "C:\Users\mhy54\anaconda3\lib\site-packages\schedule\__init__.py", line 661, in run
    ret = self.job_func()
TypeError: testing() missing 1 required positional argument: 'self'

2022-10-25 21:27:05,081 - auto_trading_logger - ERROR - Error while test stage......
Traceback (most recent call last):
  File "c:\Users\mhy54\binance-auto-trading\binance-auto-trading\scheduler.py", line 18, in _run_job
    super()._run_job(job)
  File "C:\Users\mhy54\anaconda3\lib\site-packages\schedule\__init__.py", line 172, in _run_job
    ret = job.run()
  File "C:\Users\mhy54\anaconda3\lib\site-packages\schedule\__init__.py", line 661, in run
    ret = self.job_func()
TypeError: testing() missing 1 required positional argument: 'self'

2022-10-25 21:27:06,097 - auto_trading_logger - ERROR - Error while test stage......
Traceback (most recent call last):
  File "c:\Users\mhy54\binance-auto-trading\binance-auto-trading\scheduler.py", line 18, in _run_job
    super()._run_job(job)
  File "C:\Users\mhy54\anaconda3\lib\site-packages\schedule\__init__.py", line 172, in _run_job
    ret = job.run()
  File "C:\Users\mhy54\anaconda3\lib\site-packages\schedule\__init__.py", line 661, in run
    ret = self.job_func()
TypeError: testing() missing 1 required positional argument: 'self'

2022-10-25 21:27:07,110 - auto_trading_logger - ERROR - Error while test stage......
Traceback (most recent call last):
  File "c:\Users\mhy54\binance-auto-trading\binance-auto-trading\scheduler.py", line 18, in _run_job
    super()._run_job(job)
  File "C:\Users\mhy54\anaconda3\lib\site-packages\schedule\__init__.py", line 172, in _run_job
    ret = job.run()
  File "C:\Users\mhy54\anaconda3\lib\site-packages\schedule\__init__.py", line 661, in run
    ret = self.job_func()
TypeError: testing() missing 1 required positional argument: 'self'

2022-10-25 21:27:08,115 - auto_trading_logger - ERROR - Error while test stage......
Traceback (most recent call last):
  File "c:\Users\mhy54\binance-auto-trading\binance-auto-trading\scheduler.py", line 18, in _run_job
    super()._run_job(job)
  File "C:\Users\mhy54\anaconda3\lib\site-packages\schedule\__init__.py", line 172, in _run_job
    ret = job.run()
  File "C:\Users\mhy54\anaconda3\lib\site-packages\schedule\__init__.py", line 661, in run
    ret = self.job_func()
TypeError: testing() missing 1 required positional argument: 'self'

2022-10-25 21:27:09,127 - auto_trading_logger - ERROR - Error while test stage......
Traceback (most recent call last):
  File "c:\Users\mhy54\binance-auto-trading\binance-auto-trading\scheduler.py", line 18, in _run_job
    super()._run_job(job)
  File "C:\Users\mhy54\anaconda3\lib\site-packages\schedule\__init__.py", line 172, in _run_job
    ret = job.run()
  File "C:\Users\mhy54\anaconda3\lib\site-packages\schedule\__init__.py", line 661, in run
    ret = self.job_func()
TypeError: testing() missing 1 required positional argument: 'self'

2022-10-25 21:27:10,131 - auto_trading_logger - ERROR - Error while test stage......
Traceback (most recent call last):
  File "c:\Users\mhy54\binance-auto-trading\binance-auto-trading\scheduler.py", line 18, in _run_job
    super()._run_job(job)
  File "C:\Users\mhy54\anaconda3\lib\site-packages\schedule\__init__.py", line 172, in _run_job
    ret = job.run()
  File "C:\Users\mhy54\anaconda3\lib\site-packages\schedule\__init__.py", line 661, in run
    ret = self.job_func()
TypeError: testing() missing 1 required positional argument: 'self'

2022-10-25 21:27:11,140 - auto_trading_logger - ERROR - Error while test stage......
Traceback (most recent call last):
  File "c:\Users\mhy54\binance-auto-trading\binance-auto-trading\scheduler.py", line 18, in _run_job
    super()._run_job(job)
  File "C:\Users\mhy54\anaconda3\lib\site-packages\schedule\__init__.py", line 172, in _run_job
    ret = job.run()
  File "C:\Users\mhy54\anaconda3\lib\site-packages\schedule\__init__.py", line 661, in run
    ret = self.job_func()
TypeError: testing() missing 1 required positional argument: 'self'

2022-10-25 21:27:12,153 - auto_trading_logger - ERROR - Error while test stage......
Traceback (most recent call last):
  File "c:\Users\mhy54\binance-auto-trading\binance-auto-trading\scheduler.py", line 18, in _run_job
    super()._run_job(job)
  File "C:\Users\mhy54\anaconda3\lib\site-packages\schedule\__init__.py", line 172, in _run_job
    ret = job.run()
  File "C:\Users\mhy54\anaconda3\lib\site-packages\schedule\__init__.py", line 661, in run
    ret = self.job_func()
TypeError: testing() missing 1 required positional argument: 'self'

2022-10-25 21:27:13,167 - auto_trading_logger - ERROR - Error while test stage......
Traceback (most recent call last):
  File "c:\Users\mhy54\binance-auto-trading\binance-auto-trading\scheduler.py", line 18, in _run_job
    super()._run_job(job)
  File "C:\Users\mhy54\anaconda3\lib\site-packages\schedule\__init__.py", line 172, in _run_job
    ret = job.run()
  File "C:\Users\mhy54\anaconda3\lib\site-packages\schedule\__init__.py", line 661, in run
    ret = self.job_func()
TypeError: testing() missing 1 required positional argument: 'self'

2022-10-25 21:27:14,182 - auto_trading_logger - ERROR - Error while test stage......
Traceback (most recent call last):
  File "c:\Users\mhy54\binance-auto-trading\binance-auto-trading\scheduler.py", line 18, in _run_job
    super()._run_job(job)
  File "C:\Users\mhy54\anaconda3\lib\site-packages\schedule\__init__.py", line 172, in _run_job
    ret = job.run()
  File "C:\Users\mhy54\anaconda3\lib\site-packages\schedule\__init__.py", line 661, in run
    ret = self.job_func()
TypeError: testing() missing 1 required positional argument: 'self'

2022-10-25 21:27:15,187 - auto_trading_logger - ERROR - Error while test stage......
Traceback (most recent call last):
  File "c:\Users\mhy54\binance-auto-trading\binance-auto-trading\scheduler.py", line 18, in _run_job
    super()._run_job(job)
  File "C:\Users\mhy54\anaconda3\lib\site-packages\schedule\__init__.py", line 172, in _run_job
    ret = job.run()
  File "C:\Users\mhy54\anaconda3\lib\site-packages\schedule\__init__.py", line 661, in run
    ret = self.job_func()
TypeError: testing() missing 1 required positional argument: 'self'

2022-10-25 21:27:16,200 - auto_trading_logger - ERROR - Error while test stage......
Traceback (most recent call last):
  File "c:\Users\mhy54\binance-auto-trading\binance-auto-trading\scheduler.py", line 18, in _run_job
    super()._run_job(job)
  File "C:\Users\mhy54\anaconda3\lib\site-packages\schedule\__init__.py", line 172, in _run_job
    ret = job.run()
  File "C:\Users\mhy54\anaconda3\lib\site-packages\schedule\__init__.py", line 661, in run
    ret = self.job_func()
TypeError: testing() missing 1 required positional argument: 'self'

2022-10-25 21:27:17,206 - auto_trading_logger - ERROR - Error while test stage......
Traceback (most recent call last):
  File "c:\Users\mhy54\binance-auto-trading\binance-auto-trading\scheduler.py", line 18, in _run_job
    super()._run_job(job)
  File "C:\Users\mhy54\anaconda3\lib\site-packages\schedule\__init__.py", line 172, in _run_job
    ret = job.run()
  File "C:\Users\mhy54\anaconda3\lib\site-packages\schedule\__init__.py", line 661, in run
    ret = self.job_func()
TypeError: testing() missing 1 required positional argument: 'self'

2022-10-25 21:27:18,214 - auto_trading_logger - ERROR - Error while test stage......
Traceback (most recent call last):
  File "c:\Users\mhy54\binance-auto-trading\binance-auto-trading\scheduler.py", line 18, in _run_job
    super()._run_job(job)
  File "C:\Users\mhy54\anaconda3\lib\site-packages\schedule\__init__.py", line 172, in _run_job
    ret = job.run()
  File "C:\Users\mhy54\anaconda3\lib\site-packages\schedule\__init__.py", line 661, in run
    ret = self.job_func()
TypeError: testing() missing 1 required positional argument: 'self'

2022-10-25 21:27:19,222 - auto_trading_logger - ERROR - Error while test stage......
Traceback (most recent call last):
  File "c:\Users\mhy54\binance-auto-trading\binance-auto-trading\scheduler.py", line 18, in _run_job
    super()._run_job(job)
  File "C:\Users\mhy54\anaconda3\lib\site-packages\schedule\__init__.py", line 172, in _run_job
    ret = job.run()
  File "C:\Users\mhy54\anaconda3\lib\site-packages\schedule\__init__.py", line 661, in run
    ret = self.job_func()
TypeError: testing() missing 1 required positional argument: 'self'

2022-10-25 21:27:20,237 - auto_trading_logger - ERROR - Error while test stage......
Traceback (most recent call last):
  File "c:\Users\mhy54\binance-auto-trading\binance-auto-trading\scheduler.py", line 18, in _run_job
    super()._run_job(job)
  File "C:\Users\mhy54\anaconda3\lib\site-packages\schedule\__init__.py", line 172, in _run_job
    ret = job.run()
  File "C:\Users\mhy54\anaconda3\lib\site-packages\schedule\__init__.py", line 661, in run
    ret = self.job_func()
TypeError: testing() missing 1 required positional argument: 'self'

2022-10-25 21:27:21,243 - auto_trading_logger - ERROR - Error while test stage......
Traceback (most recent call last):
  File "c:\Users\mhy54\binance-auto-trading\binance-auto-trading\scheduler.py", line 18, in _run_job
    super()._run_job(job)
  File "C:\Users\mhy54\anaconda3\lib\site-packages\schedule\__init__.py", line 172, in _run_job
    ret = job.run()
  File "C:\Users\mhy54\anaconda3\lib\site-packages\schedule\__init__.py", line 661, in run
    ret = self.job_func()
TypeError: testing() missing 1 required positional argument: 'self'

2022-10-25 21:27:22,252 - auto_trading_logger - ERROR - Error while test stage......
Traceback (most recent call last):
  File "c:\Users\mhy54\binance-auto-trading\binance-auto-trading\scheduler.py", line 18, in _run_job
    super()._run_job(job)
  File "C:\Users\mhy54\anaconda3\lib\site-packages\schedule\__init__.py", line 172, in _run_job
    ret = job.run()
  File "C:\Users\mhy54\anaconda3\lib\site-packages\schedule\__init__.py", line 661, in run
    ret = self.job_func()
TypeError: testing() missing 1 required positional argument: 'self'

2022-10-25 21:27:23,264 - auto_trading_logger - ERROR - Error while test stage......
Traceback (most recent call last):
  File "c:\Users\mhy54\binance-auto-trading\binance-auto-trading\scheduler.py", line 18, in _run_job
    super()._run_job(job)
  File "C:\Users\mhy54\anaconda3\lib\site-packages\schedule\__init__.py", line 172, in _run_job
    ret = job.run()
  File "C:\Users\mhy54\anaconda3\lib\site-packages\schedule\__init__.py", line 661, in run
    ret = self.job_func()
TypeError: testing() missing 1 required positional argument: 'self'

2022-10-25 21:27:24,271 - auto_trading_logger - ERROR - Error while test stage......
Traceback (most recent call last):
  File "c:\Users\mhy54\binance-auto-trading\binance-auto-trading\scheduler.py", line 18, in _run_job
    super()._run_job(job)
  File "C:\Users\mhy54\anaconda3\lib\site-packages\schedule\__init__.py", line 172, in _run_job
    ret = job.run()
  File "C:\Users\mhy54\anaconda3\lib\site-packages\schedule\__init__.py", line 661, in run
    ret = self.job_func()
TypeError: testing() missing 1 required positional argument: 'self'

2022-10-25 21:27:25,283 - auto_trading_logger - ERROR - Error while test stage......
Traceback (most recent call last):
  File "c:\Users\mhy54\binance-auto-trading\binance-auto-trading\scheduler.py", line 18, in _run_job
    super()._run_job(job)
  File "C:\Users\mhy54\anaconda3\lib\site-packages\schedule\__init__.py", line 172, in _run_job
    ret = job.run()
  File "C:\Users\mhy54\anaconda3\lib\site-packages\schedule\__init__.py", line 661, in run
    ret = self.job_func()
TypeError: testing() missing 1 required positional argument: 'self'

2022-10-25 21:27:26,294 - auto_trading_logger - ERROR - Error while test stage......
Traceback (most recent call last):
  File "c:\Users\mhy54\binance-auto-trading\binance-auto-trading\scheduler.py", line 18, in _run_job
    super()._run_job(job)
  File "C:\Users\mhy54\anaconda3\lib\site-packages\schedule\__init__.py", line 172, in _run_job
    ret = job.run()
  File "C:\Users\mhy54\anaconda3\lib\site-packages\schedule\__init__.py", line 661, in run
    ret = self.job_func()
TypeError: testing() missing 1 required positional argument: 'self'

2022-10-25 21:27:27,310 - auto_trading_logger - ERROR - Error while test stage......
Traceback (most recent call last):
  File "c:\Users\mhy54\binance-auto-trading\binance-auto-trading\scheduler.py", line 18, in _run_job
    super()._run_job(job)
  File "C:\Users\mhy54\anaconda3\lib\site-packages\schedule\__init__.py", line 172, in _run_job
    ret = job.run()
  File "C:\Users\mhy54\anaconda3\lib\site-packages\schedule\__init__.py", line 661, in run
    ret = self.job_func()
TypeError: testing() missing 1 required positional argument: 'self'

2022-10-25 21:27:28,321 - auto_trading_logger - ERROR - Error while test stage......
Traceback (most recent call last):
  File "c:\Users\mhy54\binance-auto-trading\binance-auto-trading\scheduler.py", line 18, in _run_job
    super()._run_job(job)
  File "C:\Users\mhy54\anaconda3\lib\site-packages\schedule\__init__.py", line 172, in _run_job
    ret = job.run()
  File "C:\Users\mhy54\anaconda3\lib\site-packages\schedule\__init__.py", line 661, in run
    ret = self.job_func()
TypeError: testing() missing 1 required positional argument: 'self'

2022-10-25 21:27:29,331 - auto_trading_logger - ERROR - Error while test stage......
Traceback (most recent call last):
  File "c:\Users\mhy54\binance-auto-trading\binance-auto-trading\scheduler.py", line 18, in _run_job
    super()._run_job(job)
  File "C:\Users\mhy54\anaconda3\lib\site-packages\schedule\__init__.py", line 172, in _run_job
    ret = job.run()
  File "C:\Users\mhy54\anaconda3\lib\site-packages\schedule\__init__.py", line 661, in run
    ret = self.job_func()
TypeError: testing() missing 1 required positional argument: 'self'

2022-10-25 21:27:30,343 - auto_trading_logger - ERROR - Error while test stage......
Traceback (most recent call last):
  File "c:\Users\mhy54\binance-auto-trading\binance-auto-trading\scheduler.py", line 18, in _run_job
    super()._run_job(job)
  File "C:\Users\mhy54\anaconda3\lib\site-packages\schedule\__init__.py", line 172, in _run_job
    ret = job.run()
  File "C:\Users\mhy54\anaconda3\lib\site-packages\schedule\__init__.py", line 661, in run
    ret = self.job_func()
TypeError: testing() missing 1 required positional argument: 'self'

2022-10-25 21:27:31,354 - auto_trading_logger - ERROR - Error while test stage......
Traceback (most recent call last):
  File "c:\Users\mhy54\binance-auto-trading\binance-auto-trading\scheduler.py", line 18, in _run_job
    super()._run_job(job)
  File "C:\Users\mhy54\anaconda3\lib\site-packages\schedule\__init__.py", line 172, in _run_job
    ret = job.run()
  File "C:\Users\mhy54\anaconda3\lib\site-packages\schedule\__init__.py", line 661, in run
    ret = self.job_func()
TypeError: testing() missing 1 required positional argument: 'self'

2022-10-25 21:27:32,363 - auto_trading_logger - ERROR - Error while test stage......
Traceback (most recent call last):
  File "c:\Users\mhy54\binance-auto-trading\binance-auto-trading\scheduler.py", line 18, in _run_job
    super()._run_job(job)
  File "C:\Users\mhy54\anaconda3\lib\site-packages\schedule\__init__.py", line 172, in _run_job
    ret = job.run()
  File "C:\Users\mhy54\anaconda3\lib\site-packages\schedule\__init__.py", line 661, in run
    ret = self.job_func()
TypeError: testing() missing 1 required positional argument: 'self'

2022-10-25 21:27:33,375 - auto_trading_logger - ERROR - Error while test stage......
Traceback (most recent call last):
  File "c:\Users\mhy54\binance-auto-trading\binance-auto-trading\scheduler.py", line 18, in _run_job
    super()._run_job(job)
  File "C:\Users\mhy54\anaconda3\lib\site-packages\schedule\__init__.py", line 172, in _run_job
    ret = job.run()
  File "C:\Users\mhy54\anaconda3\lib\site-packages\schedule\__init__.py", line 661, in run
    ret = self.job_func()
TypeError: testing() missing 1 required positional argument: 'self'

2022-10-25 21:27:34,390 - auto_trading_logger - ERROR - Error while test stage......
Traceback (most recent call last):
  File "c:\Users\mhy54\binance-auto-trading\binance-auto-trading\scheduler.py", line 18, in _run_job
    super()._run_job(job)
  File "C:\Users\mhy54\anaconda3\lib\site-packages\schedule\__init__.py", line 172, in _run_job
    ret = job.run()
  File "C:\Users\mhy54\anaconda3\lib\site-packages\schedule\__init__.py", line 661, in run
    ret = self.job_func()
TypeError: testing() missing 1 required positional argument: 'self'

2022-10-25 21:27:35,408 - auto_trading_logger - ERROR - Error while test stage......
Traceback (most recent call last):
  File "c:\Users\mhy54\binance-auto-trading\binance-auto-trading\scheduler.py", line 18, in _run_job
    super()._run_job(job)
  File "C:\Users\mhy54\anaconda3\lib\site-packages\schedule\__init__.py", line 172, in _run_job
    ret = job.run()
  File "C:\Users\mhy54\anaconda3\lib\site-packages\schedule\__init__.py", line 661, in run
    ret = self.job_func()
TypeError: testing() missing 1 required positional argument: 'self'

2022-10-25 21:27:36,422 - auto_trading_logger - ERROR - Error while test stage......
Traceback (most recent call last):
  File "c:\Users\mhy54\binance-auto-trading\binance-auto-trading\scheduler.py", line 18, in _run_job
    super()._run_job(job)
  File "C:\Users\mhy54\anaconda3\lib\site-packages\schedule\__init__.py", line 172, in _run_job
    ret = job.run()
  File "C:\Users\mhy54\anaconda3\lib\site-packages\schedule\__init__.py", line 661, in run
    ret = self.job_func()
TypeError: testing() missing 1 required positional argument: 'self'

2022-10-25 21:27:37,434 - auto_trading_logger - ERROR - Error while test stage......
Traceback (most recent call last):
  File "c:\Users\mhy54\binance-auto-trading\binance-auto-trading\scheduler.py", line 18, in _run_job
    super()._run_job(job)
  File "C:\Users\mhy54\anaconda3\lib\site-packages\schedule\__init__.py", line 172, in _run_job
    ret = job.run()
  File "C:\Users\mhy54\anaconda3\lib\site-packages\schedule\__init__.py", line 661, in run
    ret = self.job_func()
TypeError: testing() missing 1 required positional argument: 'self'

2022-10-25 21:27:38,444 - auto_trading_logger - ERROR - Error while test stage......
Traceback (most recent call last):
  File "c:\Users\mhy54\binance-auto-trading\binance-auto-trading\scheduler.py", line 18, in _run_job
    super()._run_job(job)
  File "C:\Users\mhy54\anaconda3\lib\site-packages\schedule\__init__.py", line 172, in _run_job
    ret = job.run()
  File "C:\Users\mhy54\anaconda3\lib\site-packages\schedule\__init__.py", line 661, in run
    ret = self.job_func()
TypeError: testing() missing 1 required positional argument: 'self'

2022-10-25 21:27:39,461 - auto_trading_logger - ERROR - Error while test stage......
Traceback (most recent call last):
  File "c:\Users\mhy54\binance-auto-trading\binance-auto-trading\scheduler.py", line 18, in _run_job
    super()._run_job(job)
  File "C:\Users\mhy54\anaconda3\lib\site-packages\schedule\__init__.py", line 172, in _run_job
    ret = job.run()
  File "C:\Users\mhy54\anaconda3\lib\site-packages\schedule\__init__.py", line 661, in run
    ret = self.job_func()
TypeError: testing() missing 1 required positional argument: 'self'

2022-10-25 21:27:40,473 - auto_trading_logger - ERROR - Error while test stage......
Traceback (most recent call last):
  File "c:\Users\mhy54\binance-auto-trading\binance-auto-trading\scheduler.py", line 18, in _run_job
    super()._run_job(job)
  File "C:\Users\mhy54\anaconda3\lib\site-packages\schedule\__init__.py", line 172, in _run_job
    ret = job.run()
  File "C:\Users\mhy54\anaconda3\lib\site-packages\schedule\__init__.py", line 661, in run
    ret = self.job_func()
TypeError: testing() missing 1 required positional argument: 'self'

2022-10-25 21:27:41,485 - auto_trading_logger - ERROR - Error while test stage......
Traceback (most recent call last):
  File "c:\Users\mhy54\binance-auto-trading\binance-auto-trading\scheduler.py", line 18, in _run_job
    super()._run_job(job)
  File "C:\Users\mhy54\anaconda3\lib\site-packages\schedule\__init__.py", line 172, in _run_job
    ret = job.run()
  File "C:\Users\mhy54\anaconda3\lib\site-packages\schedule\__init__.py", line 661, in run
    ret = self.job_func()
TypeError: testing() missing 1 required positional argument: 'self'

2022-10-25 21:27:42,497 - auto_trading_logger - ERROR - Error while test stage......
Traceback (most recent call last):
  File "c:\Users\mhy54\binance-auto-trading\binance-auto-trading\scheduler.py", line 18, in _run_job
    super()._run_job(job)
  File "C:\Users\mhy54\anaconda3\lib\site-packages\schedule\__init__.py", line 172, in _run_job
    ret = job.run()
  File "C:\Users\mhy54\anaconda3\lib\site-packages\schedule\__init__.py", line 661, in run
    ret = self.job_func()
TypeError: testing() missing 1 required positional argument: 'self'

2022-10-25 21:27:43,506 - auto_trading_logger - ERROR - Error while test stage......
Traceback (most recent call last):
  File "c:\Users\mhy54\binance-auto-trading\binance-auto-trading\scheduler.py", line 18, in _run_job
    super()._run_job(job)
  File "C:\Users\mhy54\anaconda3\lib\site-packages\schedule\__init__.py", line 172, in _run_job
    ret = job.run()
  File "C:\Users\mhy54\anaconda3\lib\site-packages\schedule\__init__.py", line 661, in run
    ret = self.job_func()
TypeError: testing() missing 1 required positional argument: 'self'

2022-10-25 21:27:44,512 - auto_trading_logger - ERROR - Error while test stage......
Traceback (most recent call last):
  File "c:\Users\mhy54\binance-auto-trading\binance-auto-trading\scheduler.py", line 18, in _run_job
    super()._run_job(job)
  File "C:\Users\mhy54\anaconda3\lib\site-packages\schedule\__init__.py", line 172, in _run_job
    ret = job.run()
  File "C:\Users\mhy54\anaconda3\lib\site-packages\schedule\__init__.py", line 661, in run
    ret = self.job_func()
TypeError: testing() missing 1 required positional argument: 'self'

2022-10-25 21:27:45,526 - auto_trading_logger - ERROR - Error while test stage......
Traceback (most recent call last):
  File "c:\Users\mhy54\binance-auto-trading\binance-auto-trading\scheduler.py", line 18, in _run_job
    super()._run_job(job)
  File "C:\Users\mhy54\anaconda3\lib\site-packages\schedule\__init__.py", line 172, in _run_job
    ret = job.run()
  File "C:\Users\mhy54\anaconda3\lib\site-packages\schedule\__init__.py", line 661, in run
    ret = self.job_func()
TypeError: testing() missing 1 required positional argument: 'self'

2022-10-25 21:27:46,535 - auto_trading_logger - ERROR - Error while test stage......
Traceback (most recent call last):
  File "c:\Users\mhy54\binance-auto-trading\binance-auto-trading\scheduler.py", line 18, in _run_job
    super()._run_job(job)
  File "C:\Users\mhy54\anaconda3\lib\site-packages\schedule\__init__.py", line 172, in _run_job
    ret = job.run()
  File "C:\Users\mhy54\anaconda3\lib\site-packages\schedule\__init__.py", line 661, in run
    ret = self.job_func()
TypeError: testing() missing 1 required positional argument: 'self'

2022-10-25 21:27:47,553 - auto_trading_logger - ERROR - Error while test stage......
Traceback (most recent call last):
  File "c:\Users\mhy54\binance-auto-trading\binance-auto-trading\scheduler.py", line 18, in _run_job
    super()._run_job(job)
  File "C:\Users\mhy54\anaconda3\lib\site-packages\schedule\__init__.py", line 172, in _run_job
    ret = job.run()
  File "C:\Users\mhy54\anaconda3\lib\site-packages\schedule\__init__.py", line 661, in run
    ret = self.job_func()
TypeError: testing() missing 1 required positional argument: 'self'

2022-10-25 21:27:48,563 - auto_trading_logger - ERROR - Error while test stage......
Traceback (most recent call last):
  File "c:\Users\mhy54\binance-auto-trading\binance-auto-trading\scheduler.py", line 18, in _run_job
    super()._run_job(job)
  File "C:\Users\mhy54\anaconda3\lib\site-packages\schedule\__init__.py", line 172, in _run_job
    ret = job.run()
  File "C:\Users\mhy54\anaconda3\lib\site-packages\schedule\__init__.py", line 661, in run
    ret = self.job_func()
TypeError: testing() missing 1 required positional argument: 'self'

2022-10-25 21:27:49,573 - auto_trading_logger - ERROR - Error while test stage......
Traceback (most recent call last):
  File "c:\Users\mhy54\binance-auto-trading\binance-auto-trading\scheduler.py", line 18, in _run_job
    super()._run_job(job)
  File "C:\Users\mhy54\anaconda3\lib\site-packages\schedule\__init__.py", line 172, in _run_job
    ret = job.run()
  File "C:\Users\mhy54\anaconda3\lib\site-packages\schedule\__init__.py", line 661, in run
    ret = self.job_func()
TypeError: testing() missing 1 required positional argument: 'self'

2022-10-25 21:27:50,580 - auto_trading_logger - ERROR - Error while test stage......
Traceback (most recent call last):
  File "c:\Users\mhy54\binance-auto-trading\binance-auto-trading\scheduler.py", line 18, in _run_job
    super()._run_job(job)
  File "C:\Users\mhy54\anaconda3\lib\site-packages\schedule\__init__.py", line 172, in _run_job
    ret = job.run()
  File "C:\Users\mhy54\anaconda3\lib\site-packages\schedule\__init__.py", line 661, in run
    ret = self.job_func()
TypeError: testing() missing 1 required positional argument: 'self'

2022-10-25 21:27:51,597 - auto_trading_logger - ERROR - Error while test stage......
Traceback (most recent call last):
  File "c:\Users\mhy54\binance-auto-trading\binance-auto-trading\scheduler.py", line 18, in _run_job
    super()._run_job(job)
  File "C:\Users\mhy54\anaconda3\lib\site-packages\schedule\__init__.py", line 172, in _run_job
    ret = job.run()
  File "C:\Users\mhy54\anaconda3\lib\site-packages\schedule\__init__.py", line 661, in run
    ret = self.job_func()
TypeError: testing() missing 1 required positional argument: 'self'

2022-10-25 21:27:52,607 - auto_trading_logger - ERROR - Error while test stage......
Traceback (most recent call last):
  File "c:\Users\mhy54\binance-auto-trading\binance-auto-trading\scheduler.py", line 18, in _run_job
    super()._run_job(job)
  File "C:\Users\mhy54\anaconda3\lib\site-packages\schedule\__init__.py", line 172, in _run_job
    ret = job.run()
  File "C:\Users\mhy54\anaconda3\lib\site-packages\schedule\__init__.py", line 661, in run
    ret = self.job_func()
TypeError: testing() missing 1 required positional argument: 'self'

2022-10-25 21:27:53,618 - auto_trading_logger - ERROR - Error while test stage......
Traceback (most recent call last):
  File "c:\Users\mhy54\binance-auto-trading\binance-auto-trading\scheduler.py", line 18, in _run_job
    super()._run_job(job)
  File "C:\Users\mhy54\anaconda3\lib\site-packages\schedule\__init__.py", line 172, in _run_job
    ret = job.run()
  File "C:\Users\mhy54\anaconda3\lib\site-packages\schedule\__init__.py", line 661, in run
    ret = self.job_func()
TypeError: testing() missing 1 required positional argument: 'self'

2022-10-25 21:27:54,627 - auto_trading_logger - ERROR - Error while test stage......
Traceback (most recent call last):
  File "c:\Users\mhy54\binance-auto-trading\binance-auto-trading\scheduler.py", line 18, in _run_job
    super()._run_job(job)
  File "C:\Users\mhy54\anaconda3\lib\site-packages\schedule\__init__.py", line 172, in _run_job
    ret = job.run()
  File "C:\Users\mhy54\anaconda3\lib\site-packages\schedule\__init__.py", line 661, in run
    ret = self.job_func()
TypeError: testing() missing 1 required positional argument: 'self'

2022-10-25 21:27:55,633 - auto_trading_logger - ERROR - Error while test stage......
Traceback (most recent call last):
  File "c:\Users\mhy54\binance-auto-trading\binance-auto-trading\scheduler.py", line 18, in _run_job
    super()._run_job(job)
  File "C:\Users\mhy54\anaconda3\lib\site-packages\schedule\__init__.py", line 172, in _run_job
    ret = job.run()
  File "C:\Users\mhy54\anaconda3\lib\site-packages\schedule\__init__.py", line 661, in run
    ret = self.job_func()
TypeError: testing() missing 1 required positional argument: 'self'

2022-10-25 21:27:56,648 - auto_trading_logger - ERROR - Error while test stage......
Traceback (most recent call last):
  File "c:\Users\mhy54\binance-auto-trading\binance-auto-trading\scheduler.py", line 18, in _run_job
    super()._run_job(job)
  File "C:\Users\mhy54\anaconda3\lib\site-packages\schedule\__init__.py", line 172, in _run_job
    ret = job.run()
  File "C:\Users\mhy54\anaconda3\lib\site-packages\schedule\__init__.py", line 661, in run
    ret = self.job_func()
TypeError: testing() missing 1 required positional argument: 'self'

2022-10-25 21:27:57,661 - auto_trading_logger - ERROR - Error while test stage......
Traceback (most recent call last):
  File "c:\Users\mhy54\binance-auto-trading\binance-auto-trading\scheduler.py", line 18, in _run_job
    super()._run_job(job)
  File "C:\Users\mhy54\anaconda3\lib\site-packages\schedule\__init__.py", line 172, in _run_job
    ret = job.run()
  File "C:\Users\mhy54\anaconda3\lib\site-packages\schedule\__init__.py", line 661, in run
    ret = self.job_func()
TypeError: testing() missing 1 required positional argument: 'self'

2022-10-25 21:27:58,672 - auto_trading_logger - ERROR - Error while test stage......
Traceback (most recent call last):
  File "c:\Users\mhy54\binance-auto-trading\binance-auto-trading\scheduler.py", line 18, in _run_job
    super()._run_job(job)
  File "C:\Users\mhy54\anaconda3\lib\site-packages\schedule\__init__.py", line 172, in _run_job
    ret = job.run()
  File "C:\Users\mhy54\anaconda3\lib\site-packages\schedule\__init__.py", line 661, in run
    ret = self.job_func()
TypeError: testing() missing 1 required positional argument: 'self'

2022-10-25 21:27:59,686 - auto_trading_logger - ERROR - Error while test stage......
Traceback (most recent call last):
  File "c:\Users\mhy54\binance-auto-trading\binance-auto-trading\scheduler.py", line 18, in _run_job
    super()._run_job(job)
  File "C:\Users\mhy54\anaconda3\lib\site-packages\schedule\__init__.py", line 172, in _run_job
    ret = job.run()
  File "C:\Users\mhy54\anaconda3\lib\site-packages\schedule\__init__.py", line 661, in run
    ret = self.job_func()
TypeError: testing() missing 1 required positional argument: 'self'

2022-10-25 21:28:00,698 - auto_trading_logger - ERROR - Error while test stage......
Traceback (most recent call last):
  File "c:\Users\mhy54\binance-auto-trading\binance-auto-trading\scheduler.py", line 18, in _run_job
    super()._run_job(job)
  File "C:\Users\mhy54\anaconda3\lib\site-packages\schedule\__init__.py", line 172, in _run_job
    ret = job.run()
  File "C:\Users\mhy54\anaconda3\lib\site-packages\schedule\__init__.py", line 661, in run
    ret = self.job_func()
TypeError: testing() missing 1 required positional argument: 'self'

2022-10-25 21:28:01,712 - auto_trading_logger - ERROR - Error while test stage......
Traceback (most recent call last):
  File "c:\Users\mhy54\binance-auto-trading\binance-auto-trading\scheduler.py", line 18, in _run_job
    super()._run_job(job)
  File "C:\Users\mhy54\anaconda3\lib\site-packages\schedule\__init__.py", line 172, in _run_job
    ret = job.run()
  File "C:\Users\mhy54\anaconda3\lib\site-packages\schedule\__init__.py", line 661, in run
    ret = self.job_func()
TypeError: testing() missing 1 required positional argument: 'self'

2022-10-25 21:28:02,718 - auto_trading_logger - ERROR - Error while test stage......
Traceback (most recent call last):
  File "c:\Users\mhy54\binance-auto-trading\binance-auto-trading\scheduler.py", line 18, in _run_job
    super()._run_job(job)
  File "C:\Users\mhy54\anaconda3\lib\site-packages\schedule\__init__.py", line 172, in _run_job
    ret = job.run()
  File "C:\Users\mhy54\anaconda3\lib\site-packages\schedule\__init__.py", line 661, in run
    ret = self.job_func()
TypeError: testing() missing 1 required positional argument: 'self'

2022-10-25 21:28:03,725 - auto_trading_logger - ERROR - Error while test stage......
Traceback (most recent call last):
  File "c:\Users\mhy54\binance-auto-trading\binance-auto-trading\scheduler.py", line 18, in _run_job
    super()._run_job(job)
  File "C:\Users\mhy54\anaconda3\lib\site-packages\schedule\__init__.py", line 172, in _run_job
    ret = job.run()
  File "C:\Users\mhy54\anaconda3\lib\site-packages\schedule\__init__.py", line 661, in run
    ret = self.job_func()
TypeError: testing() missing 1 required positional argument: 'self'

2022-10-25 21:28:04,729 - auto_trading_logger - ERROR - Error while test stage......
Traceback (most recent call last):
  File "c:\Users\mhy54\binance-auto-trading\binance-auto-trading\scheduler.py", line 18, in _run_job
    super()._run_job(job)
  File "C:\Users\mhy54\anaconda3\lib\site-packages\schedule\__init__.py", line 172, in _run_job
    ret = job.run()
  File "C:\Users\mhy54\anaconda3\lib\site-packages\schedule\__init__.py", line 661, in run
    ret = self.job_func()
TypeError: testing() missing 1 required positional argument: 'self'

2022-10-25 21:28:05,746 - auto_trading_logger - ERROR - Error while test stage......
Traceback (most recent call last):
  File "c:\Users\mhy54\binance-auto-trading\binance-auto-trading\scheduler.py", line 18, in _run_job
    super()._run_job(job)
  File "C:\Users\mhy54\anaconda3\lib\site-packages\schedule\__init__.py", line 172, in _run_job
    ret = job.run()
  File "C:\Users\mhy54\anaconda3\lib\site-packages\schedule\__init__.py", line 661, in run
    ret = self.job_func()
TypeError: testing() missing 1 required positional argument: 'self'

2022-10-25 21:28:06,750 - auto_trading_logger - ERROR - Error while test stage......
Traceback (most recent call last):
  File "c:\Users\mhy54\binance-auto-trading\binance-auto-trading\scheduler.py", line 18, in _run_job
    super()._run_job(job)
  File "C:\Users\mhy54\anaconda3\lib\site-packages\schedule\__init__.py", line 172, in _run_job
    ret = job.run()
  File "C:\Users\mhy54\anaconda3\lib\site-packages\schedule\__init__.py", line 661, in run
    ret = self.job_func()
TypeError: testing() missing 1 required positional argument: 'self'

2022-10-25 21:28:07,762 - auto_trading_logger - ERROR - Error while test stage......
Traceback (most recent call last):
  File "c:\Users\mhy54\binance-auto-trading\binance-auto-trading\scheduler.py", line 18, in _run_job
    super()._run_job(job)
  File "C:\Users\mhy54\anaconda3\lib\site-packages\schedule\__init__.py", line 172, in _run_job
    ret = job.run()
  File "C:\Users\mhy54\anaconda3\lib\site-packages\schedule\__init__.py", line 661, in run
    ret = self.job_func()
TypeError: testing() missing 1 required positional argument: 'self'

2022-10-25 21:28:08,779 - auto_trading_logger - ERROR - Error while test stage......
Traceback (most recent call last):
  File "c:\Users\mhy54\binance-auto-trading\binance-auto-trading\scheduler.py", line 18, in _run_job
    super()._run_job(job)
  File "C:\Users\mhy54\anaconda3\lib\site-packages\schedule\__init__.py", line 172, in _run_job
    ret = job.run()
  File "C:\Users\mhy54\anaconda3\lib\site-packages\schedule\__init__.py", line 661, in run
    ret = self.job_func()
TypeError: testing() missing 1 required positional argument: 'self'

2022-10-25 21:28:09,795 - auto_trading_logger - ERROR - Error while test stage......
Traceback (most recent call last):
  File "c:\Users\mhy54\binance-auto-trading\binance-auto-trading\scheduler.py", line 18, in _run_job
    super()._run_job(job)
  File "C:\Users\mhy54\anaconda3\lib\site-packages\schedule\__init__.py", line 172, in _run_job
    ret = job.run()
  File "C:\Users\mhy54\anaconda3\lib\site-packages\schedule\__init__.py", line 661, in run
    ret = self.job_func()
TypeError: testing() missing 1 required positional argument: 'self'

2022-10-25 21:28:10,807 - auto_trading_logger - ERROR - Error while test stage......
Traceback (most recent call last):
  File "c:\Users\mhy54\binance-auto-trading\binance-auto-trading\scheduler.py", line 18, in _run_job
    super()._run_job(job)
  File "C:\Users\mhy54\anaconda3\lib\site-packages\schedule\__init__.py", line 172, in _run_job
    ret = job.run()
  File "C:\Users\mhy54\anaconda3\lib\site-packages\schedule\__init__.py", line 661, in run
    ret = self.job_func()
TypeError: testing() missing 1 required positional argument: 'self'

2022-10-25 21:28:11,821 - auto_trading_logger - ERROR - Error while test stage......
Traceback (most recent call last):
  File "c:\Users\mhy54\binance-auto-trading\binance-auto-trading\scheduler.py", line 18, in _run_job
    super()._run_job(job)
  File "C:\Users\mhy54\anaconda3\lib\site-packages\schedule\__init__.py", line 172, in _run_job
    ret = job.run()
  File "C:\Users\mhy54\anaconda3\lib\site-packages\schedule\__init__.py", line 661, in run
    ret = self.job_func()
TypeError: testing() missing 1 required positional argument: 'self'

2022-10-25 21:28:12,823 - auto_trading_logger - ERROR - Error while test stage......
Traceback (most recent call last):
  File "c:\Users\mhy54\binance-auto-trading\binance-auto-trading\scheduler.py", line 18, in _run_job
    super()._run_job(job)
  File "C:\Users\mhy54\anaconda3\lib\site-packages\schedule\__init__.py", line 172, in _run_job
    ret = job.run()
  File "C:\Users\mhy54\anaconda3\lib\site-packages\schedule\__init__.py", line 661, in run
    ret = self.job_func()
TypeError: testing() missing 1 required positional argument: 'self'

2022-10-25 21:28:13,837 - auto_trading_logger - ERROR - Error while test stage......
Traceback (most recent call last):
  File "c:\Users\mhy54\binance-auto-trading\binance-auto-trading\scheduler.py", line 18, in _run_job
    super()._run_job(job)
  File "C:\Users\mhy54\anaconda3\lib\site-packages\schedule\__init__.py", line 172, in _run_job
    ret = job.run()
  File "C:\Users\mhy54\anaconda3\lib\site-packages\schedule\__init__.py", line 661, in run
    ret = self.job_func()
TypeError: testing() missing 1 required positional argument: 'self'

2022-10-25 21:28:14,844 - auto_trading_logger - ERROR - Error while test stage......
Traceback (most recent call last):
  File "c:\Users\mhy54\binance-auto-trading\binance-auto-trading\scheduler.py", line 18, in _run_job
    super()._run_job(job)
  File "C:\Users\mhy54\anaconda3\lib\site-packages\schedule\__init__.py", line 172, in _run_job
    ret = job.run()
  File "C:\Users\mhy54\anaconda3\lib\site-packages\schedule\__init__.py", line 661, in run
    ret = self.job_func()
TypeError: testing() missing 1 required positional argument: 'self'

2022-10-25 21:28:15,859 - auto_trading_logger - ERROR - Error while test stage......
Traceback (most recent call last):
  File "c:\Users\mhy54\binance-auto-trading\binance-auto-trading\scheduler.py", line 18, in _run_job
    super()._run_job(job)
  File "C:\Users\mhy54\anaconda3\lib\site-packages\schedule\__init__.py", line 172, in _run_job
    ret = job.run()
  File "C:\Users\mhy54\anaconda3\lib\site-packages\schedule\__init__.py", line 661, in run
    ret = self.job_func()
TypeError: testing() missing 1 required positional argument: 'self'

2022-10-25 21:28:16,873 - auto_trading_logger - ERROR - Error while test stage......
Traceback (most recent call last):
  File "c:\Users\mhy54\binance-auto-trading\binance-auto-trading\scheduler.py", line 18, in _run_job
    super()._run_job(job)
  File "C:\Users\mhy54\anaconda3\lib\site-packages\schedule\__init__.py", line 172, in _run_job
    ret = job.run()
  File "C:\Users\mhy54\anaconda3\lib\site-packages\schedule\__init__.py", line 661, in run
    ret = self.job_func()
TypeError: testing() missing 1 required positional argument: 'self'

2022-10-25 21:28:17,888 - auto_trading_logger - ERROR - Error while test stage......
Traceback (most recent call last):
  File "c:\Users\mhy54\binance-auto-trading\binance-auto-trading\scheduler.py", line 18, in _run_job
    super()._run_job(job)
  File "C:\Users\mhy54\anaconda3\lib\site-packages\schedule\__init__.py", line 172, in _run_job
    ret = job.run()
  File "C:\Users\mhy54\anaconda3\lib\site-packages\schedule\__init__.py", line 661, in run
    ret = self.job_func()
TypeError: testing() missing 1 required positional argument: 'self'

2022-10-25 21:28:18,893 - auto_trading_logger - ERROR - Error while test stage......
Traceback (most recent call last):
  File "c:\Users\mhy54\binance-auto-trading\binance-auto-trading\scheduler.py", line 18, in _run_job
    super()._run_job(job)
  File "C:\Users\mhy54\anaconda3\lib\site-packages\schedule\__init__.py", line 172, in _run_job
    ret = job.run()
  File "C:\Users\mhy54\anaconda3\lib\site-packages\schedule\__init__.py", line 661, in run
    ret = self.job_func()
TypeError: testing() missing 1 required positional argument: 'self'

2022-10-25 21:28:19,901 - auto_trading_logger - ERROR - Error while test stage......
Traceback (most recent call last):
  File "c:\Users\mhy54\binance-auto-trading\binance-auto-trading\scheduler.py", line 18, in _run_job
    super()._run_job(job)
  File "C:\Users\mhy54\anaconda3\lib\site-packages\schedule\__init__.py", line 172, in _run_job
    ret = job.run()
  File "C:\Users\mhy54\anaconda3\lib\site-packages\schedule\__init__.py", line 661, in run
    ret = self.job_func()
TypeError: testing() missing 1 required positional argument: 'self'

2022-10-25 21:28:20,903 - auto_trading_logger - ERROR - Error while test stage......
Traceback (most recent call last):
  File "c:\Users\mhy54\binance-auto-trading\binance-auto-trading\scheduler.py", line 18, in _run_job
    super()._run_job(job)
  File "C:\Users\mhy54\anaconda3\lib\site-packages\schedule\__init__.py", line 172, in _run_job
    ret = job.run()
  File "C:\Users\mhy54\anaconda3\lib\site-packages\schedule\__init__.py", line 661, in run
    ret = self.job_func()
TypeError: testing() missing 1 required positional argument: 'self'

2022-10-25 21:28:21,917 - auto_trading_logger - ERROR - Error while test stage......
Traceback (most recent call last):
  File "c:\Users\mhy54\binance-auto-trading\binance-auto-trading\scheduler.py", line 18, in _run_job
    super()._run_job(job)
  File "C:\Users\mhy54\anaconda3\lib\site-packages\schedule\__init__.py", line 172, in _run_job
    ret = job.run()
  File "C:\Users\mhy54\anaconda3\lib\site-packages\schedule\__init__.py", line 661, in run
    ret = self.job_func()
TypeError: testing() missing 1 required positional argument: 'self'

2022-10-25 21:28:22,929 - auto_trading_logger - ERROR - Error while test stage......
Traceback (most recent call last):
  File "c:\Users\mhy54\binance-auto-trading\binance-auto-trading\scheduler.py", line 18, in _run_job
    super()._run_job(job)
  File "C:\Users\mhy54\anaconda3\lib\site-packages\schedule\__init__.py", line 172, in _run_job
    ret = job.run()
  File "C:\Users\mhy54\anaconda3\lib\site-packages\schedule\__init__.py", line 661, in run
    ret = self.job_func()
TypeError: testing() missing 1 required positional argument: 'self'

2022-10-25 21:28:23,944 - auto_trading_logger - ERROR - Error while test stage......
Traceback (most recent call last):
  File "c:\Users\mhy54\binance-auto-trading\binance-auto-trading\scheduler.py", line 18, in _run_job
    super()._run_job(job)
  File "C:\Users\mhy54\anaconda3\lib\site-packages\schedule\__init__.py", line 172, in _run_job
    ret = job.run()
  File "C:\Users\mhy54\anaconda3\lib\site-packages\schedule\__init__.py", line 661, in run
    ret = self.job_func()
TypeError: testing() missing 1 required positional argument: 'self'

2022-10-25 21:28:24,948 - auto_trading_logger - ERROR - Error while test stage......
Traceback (most recent call last):
  File "c:\Users\mhy54\binance-auto-trading\binance-auto-trading\scheduler.py", line 18, in _run_job
    super()._run_job(job)
  File "C:\Users\mhy54\anaconda3\lib\site-packages\schedule\__init__.py", line 172, in _run_job
    ret = job.run()
  File "C:\Users\mhy54\anaconda3\lib\site-packages\schedule\__init__.py", line 661, in run
    ret = self.job_func()
TypeError: testing() missing 1 required positional argument: 'self'

2022-10-25 21:28:25,963 - auto_trading_logger - ERROR - Error while test stage......
Traceback (most recent call last):
  File "c:\Users\mhy54\binance-auto-trading\binance-auto-trading\scheduler.py", line 18, in _run_job
    super()._run_job(job)
  File "C:\Users\mhy54\anaconda3\lib\site-packages\schedule\__init__.py", line 172, in _run_job
    ret = job.run()
  File "C:\Users\mhy54\anaconda3\lib\site-packages\schedule\__init__.py", line 661, in run
    ret = self.job_func()
TypeError: testing() missing 1 required positional argument: 'self'

2022-10-25 21:28:26,978 - auto_trading_logger - ERROR - Error while test stage......
Traceback (most recent call last):
  File "c:\Users\mhy54\binance-auto-trading\binance-auto-trading\scheduler.py", line 18, in _run_job
    super()._run_job(job)
  File "C:\Users\mhy54\anaconda3\lib\site-packages\schedule\__init__.py", line 172, in _run_job
    ret = job.run()
  File "C:\Users\mhy54\anaconda3\lib\site-packages\schedule\__init__.py", line 661, in run
    ret = self.job_func()
TypeError: testing() missing 1 required positional argument: 'self'

2022-10-25 21:28:27,993 - auto_trading_logger - ERROR - Error while test stage......
Traceback (most recent call last):
  File "c:\Users\mhy54\binance-auto-trading\binance-auto-trading\scheduler.py", line 18, in _run_job
    super()._run_job(job)
  File "C:\Users\mhy54\anaconda3\lib\site-packages\schedule\__init__.py", line 172, in _run_job
    ret = job.run()
  File "C:\Users\mhy54\anaconda3\lib\site-packages\schedule\__init__.py", line 661, in run
    ret = self.job_func()
TypeError: testing() missing 1 required positional argument: 'self'

2022-10-25 21:28:29,007 - auto_trading_logger - ERROR - Error while test stage......
Traceback (most recent call last):
  File "c:\Users\mhy54\binance-auto-trading\binance-auto-trading\scheduler.py", line 18, in _run_job
    super()._run_job(job)
  File "C:\Users\mhy54\anaconda3\lib\site-packages\schedule\__init__.py", line 172, in _run_job
    ret = job.run()
  File "C:\Users\mhy54\anaconda3\lib\site-packages\schedule\__init__.py", line 661, in run
    ret = self.job_func()
TypeError: testing() missing 1 required positional argument: 'self'

2022-10-25 21:28:30,021 - auto_trading_logger - ERROR - Error while test stage......
Traceback (most recent call last):
  File "c:\Users\mhy54\binance-auto-trading\binance-auto-trading\scheduler.py", line 18, in _run_job
    super()._run_job(job)
  File "C:\Users\mhy54\anaconda3\lib\site-packages\schedule\__init__.py", line 172, in _run_job
    ret = job.run()
  File "C:\Users\mhy54\anaconda3\lib\site-packages\schedule\__init__.py", line 661, in run
    ret = self.job_func()
TypeError: testing() missing 1 required positional argument: 'self'

2022-10-25 21:28:31,027 - auto_trading_logger - ERROR - Error while test stage......
Traceback (most recent call last):
  File "c:\Users\mhy54\binance-auto-trading\binance-auto-trading\scheduler.py", line 18, in _run_job
    super()._run_job(job)
  File "C:\Users\mhy54\anaconda3\lib\site-packages\schedule\__init__.py", line 172, in _run_job
    ret = job.run()
  File "C:\Users\mhy54\anaconda3\lib\site-packages\schedule\__init__.py", line 661, in run
    ret = self.job_func()
TypeError: testing() missing 1 required positional argument: 'self'

2022-10-25 21:28:32,031 - auto_trading_logger - ERROR - Error while test stage......
Traceback (most recent call last):
  File "c:\Users\mhy54\binance-auto-trading\binance-auto-trading\scheduler.py", line 18, in _run_job
    super()._run_job(job)
  File "C:\Users\mhy54\anaconda3\lib\site-packages\schedule\__init__.py", line 172, in _run_job
    ret = job.run()
  File "C:\Users\mhy54\anaconda3\lib\site-packages\schedule\__init__.py", line 661, in run
    ret = self.job_func()
TypeError: testing() missing 1 required positional argument: 'self'

2022-10-25 21:28:33,041 - auto_trading_logger - ERROR - Error while test stage......
Traceback (most recent call last):
  File "c:\Users\mhy54\binance-auto-trading\binance-auto-trading\scheduler.py", line 18, in _run_job
    super()._run_job(job)
  File "C:\Users\mhy54\anaconda3\lib\site-packages\schedule\__init__.py", line 172, in _run_job
    ret = job.run()
  File "C:\Users\mhy54\anaconda3\lib\site-packages\schedule\__init__.py", line 661, in run
    ret = self.job_func()
TypeError: testing() missing 1 required positional argument: 'self'

2022-10-25 21:28:34,056 - auto_trading_logger - ERROR - Error while test stage......
Traceback (most recent call last):
  File "c:\Users\mhy54\binance-auto-trading\binance-auto-trading\scheduler.py", line 18, in _run_job
    super()._run_job(job)
  File "C:\Users\mhy54\anaconda3\lib\site-packages\schedule\__init__.py", line 172, in _run_job
    ret = job.run()
  File "C:\Users\mhy54\anaconda3\lib\site-packages\schedule\__init__.py", line 661, in run
    ret = self.job_func()
TypeError: testing() missing 1 required positional argument: 'self'

2022-10-25 21:28:35,068 - auto_trading_logger - ERROR - Error while test stage......
Traceback (most recent call last):
  File "c:\Users\mhy54\binance-auto-trading\binance-auto-trading\scheduler.py", line 18, in _run_job
    super()._run_job(job)
  File "C:\Users\mhy54\anaconda3\lib\site-packages\schedule\__init__.py", line 172, in _run_job
    ret = job.run()
  File "C:\Users\mhy54\anaconda3\lib\site-packages\schedule\__init__.py", line 661, in run
    ret = self.job_func()
TypeError: testing() missing 1 required positional argument: 'self'

2022-10-25 21:28:36,076 - auto_trading_logger - ERROR - Error while test stage......
Traceback (most recent call last):
  File "c:\Users\mhy54\binance-auto-trading\binance-auto-trading\scheduler.py", line 18, in _run_job
    super()._run_job(job)
  File "C:\Users\mhy54\anaconda3\lib\site-packages\schedule\__init__.py", line 172, in _run_job
    ret = job.run()
  File "C:\Users\mhy54\anaconda3\lib\site-packages\schedule\__init__.py", line 661, in run
    ret = self.job_func()
TypeError: testing() missing 1 required positional argument: 'self'

2022-10-25 21:28:37,091 - auto_trading_logger - ERROR - Error while test stage......
Traceback (most recent call last):
  File "c:\Users\mhy54\binance-auto-trading\binance-auto-trading\scheduler.py", line 18, in _run_job
    super()._run_job(job)
  File "C:\Users\mhy54\anaconda3\lib\site-packages\schedule\__init__.py", line 172, in _run_job
    ret = job.run()
  File "C:\Users\mhy54\anaconda3\lib\site-packages\schedule\__init__.py", line 661, in run
    ret = self.job_func()
TypeError: testing() missing 1 required positional argument: 'self'

2022-10-25 21:28:38,096 - auto_trading_logger - ERROR - Error while test stage......
Traceback (most recent call last):
  File "c:\Users\mhy54\binance-auto-trading\binance-auto-trading\scheduler.py", line 18, in _run_job
    super()._run_job(job)
  File "C:\Users\mhy54\anaconda3\lib\site-packages\schedule\__init__.py", line 172, in _run_job
    ret = job.run()
  File "C:\Users\mhy54\anaconda3\lib\site-packages\schedule\__init__.py", line 661, in run
    ret = self.job_func()
TypeError: testing() missing 1 required positional argument: 'self'

2022-10-25 21:28:39,098 - auto_trading_logger - ERROR - Error while test stage......
Traceback (most recent call last):
  File "c:\Users\mhy54\binance-auto-trading\binance-auto-trading\scheduler.py", line 18, in _run_job
    super()._run_job(job)
  File "C:\Users\mhy54\anaconda3\lib\site-packages\schedule\__init__.py", line 172, in _run_job
    ret = job.run()
  File "C:\Users\mhy54\anaconda3\lib\site-packages\schedule\__init__.py", line 661, in run
    ret = self.job_func()
TypeError: testing() missing 1 required positional argument: 'self'

2022-10-25 21:28:40,111 - auto_trading_logger - ERROR - Error while test stage......
Traceback (most recent call last):
  File "c:\Users\mhy54\binance-auto-trading\binance-auto-trading\scheduler.py", line 18, in _run_job
    super()._run_job(job)
  File "C:\Users\mhy54\anaconda3\lib\site-packages\schedule\__init__.py", line 172, in _run_job
    ret = job.run()
  File "C:\Users\mhy54\anaconda3\lib\site-packages\schedule\__init__.py", line 661, in run
    ret = self.job_func()
TypeError: testing() missing 1 required positional argument: 'self'

2022-10-25 21:28:41,114 - auto_trading_logger - ERROR - Error while test stage......
Traceback (most recent call last):
  File "c:\Users\mhy54\binance-auto-trading\binance-auto-trading\scheduler.py", line 18, in _run_job
    super()._run_job(job)
  File "C:\Users\mhy54\anaconda3\lib\site-packages\schedule\__init__.py", line 172, in _run_job
    ret = job.run()
  File "C:\Users\mhy54\anaconda3\lib\site-packages\schedule\__init__.py", line 661, in run
    ret = self.job_func()
TypeError: testing() missing 1 required positional argument: 'self'

2022-10-25 21:28:42,128 - auto_trading_logger - ERROR - Error while test stage......
Traceback (most recent call last):
  File "c:\Users\mhy54\binance-auto-trading\binance-auto-trading\scheduler.py", line 18, in _run_job
    super()._run_job(job)
  File "C:\Users\mhy54\anaconda3\lib\site-packages\schedule\__init__.py", line 172, in _run_job
    ret = job.run()
  File "C:\Users\mhy54\anaconda3\lib\site-packages\schedule\__init__.py", line 661, in run
    ret = self.job_func()
TypeError: testing() missing 1 required positional argument: 'self'

2022-10-25 21:28:43,146 - auto_trading_logger - ERROR - Error while test stage......
Traceback (most recent call last):
  File "c:\Users\mhy54\binance-auto-trading\binance-auto-trading\scheduler.py", line 18, in _run_job
    super()._run_job(job)
  File "C:\Users\mhy54\anaconda3\lib\site-packages\schedule\__init__.py", line 172, in _run_job
    ret = job.run()
  File "C:\Users\mhy54\anaconda3\lib\site-packages\schedule\__init__.py", line 661, in run
    ret = self.job_func()
TypeError: testing() missing 1 required positional argument: 'self'

2022-10-25 21:28:44,149 - auto_trading_logger - ERROR - Error while test stage......
Traceback (most recent call last):
  File "c:\Users\mhy54\binance-auto-trading\binance-auto-trading\scheduler.py", line 18, in _run_job
    super()._run_job(job)
  File "C:\Users\mhy54\anaconda3\lib\site-packages\schedule\__init__.py", line 172, in _run_job
    ret = job.run()
  File "C:\Users\mhy54\anaconda3\lib\site-packages\schedule\__init__.py", line 661, in run
    ret = self.job_func()
TypeError: testing() missing 1 required positional argument: 'self'

2022-10-25 21:28:45,165 - auto_trading_logger - ERROR - Error while test stage......
Traceback (most recent call last):
  File "c:\Users\mhy54\binance-auto-trading\binance-auto-trading\scheduler.py", line 18, in _run_job
    super()._run_job(job)
  File "C:\Users\mhy54\anaconda3\lib\site-packages\schedule\__init__.py", line 172, in _run_job
    ret = job.run()
  File "C:\Users\mhy54\anaconda3\lib\site-packages\schedule\__init__.py", line 661, in run
    ret = self.job_func()
TypeError: testing() missing 1 required positional argument: 'self'

2022-10-25 21:28:46,169 - auto_trading_logger - ERROR - Error while test stage......
Traceback (most recent call last):
  File "c:\Users\mhy54\binance-auto-trading\binance-auto-trading\scheduler.py", line 18, in _run_job
    super()._run_job(job)
  File "C:\Users\mhy54\anaconda3\lib\site-packages\schedule\__init__.py", line 172, in _run_job
    ret = job.run()
  File "C:\Users\mhy54\anaconda3\lib\site-packages\schedule\__init__.py", line 661, in run
    ret = self.job_func()
TypeError: testing() missing 1 required positional argument: 'self'

2022-10-25 21:28:47,186 - auto_trading_logger - ERROR - Error while test stage......
Traceback (most recent call last):
  File "c:\Users\mhy54\binance-auto-trading\binance-auto-trading\scheduler.py", line 18, in _run_job
    super()._run_job(job)
  File "C:\Users\mhy54\anaconda3\lib\site-packages\schedule\__init__.py", line 172, in _run_job
    ret = job.run()
  File "C:\Users\mhy54\anaconda3\lib\site-packages\schedule\__init__.py", line 661, in run
    ret = self.job_func()
TypeError: testing() missing 1 required positional argument: 'self'

2022-10-25 21:28:48,191 - auto_trading_logger - ERROR - Error while test stage......
Traceback (most recent call last):
  File "c:\Users\mhy54\binance-auto-trading\binance-auto-trading\scheduler.py", line 18, in _run_job
    super()._run_job(job)
  File "C:\Users\mhy54\anaconda3\lib\site-packages\schedule\__init__.py", line 172, in _run_job
    ret = job.run()
  File "C:\Users\mhy54\anaconda3\lib\site-packages\schedule\__init__.py", line 661, in run
    ret = self.job_func()
TypeError: testing() missing 1 required positional argument: 'self'

2022-10-25 21:28:49,196 - auto_trading_logger - ERROR - Error while test stage......
Traceback (most recent call last):
  File "c:\Users\mhy54\binance-auto-trading\binance-auto-trading\scheduler.py", line 18, in _run_job
    super()._run_job(job)
  File "C:\Users\mhy54\anaconda3\lib\site-packages\schedule\__init__.py", line 172, in _run_job
    ret = job.run()
  File "C:\Users\mhy54\anaconda3\lib\site-packages\schedule\__init__.py", line 661, in run
    ret = self.job_func()
TypeError: testing() missing 1 required positional argument: 'self'

2022-10-25 21:28:50,198 - auto_trading_logger - ERROR - Error while test stage......
Traceback (most recent call last):
  File "c:\Users\mhy54\binance-auto-trading\binance-auto-trading\scheduler.py", line 18, in _run_job
    super()._run_job(job)
  File "C:\Users\mhy54\anaconda3\lib\site-packages\schedule\__init__.py", line 172, in _run_job
    ret = job.run()
  File "C:\Users\mhy54\anaconda3\lib\site-packages\schedule\__init__.py", line 661, in run
    ret = self.job_func()
TypeError: testing() missing 1 required positional argument: 'self'

2022-10-25 21:28:51,204 - auto_trading_logger - ERROR - Error while test stage......
Traceback (most recent call last):
  File "c:\Users\mhy54\binance-auto-trading\binance-auto-trading\scheduler.py", line 18, in _run_job
    super()._run_job(job)
  File "C:\Users\mhy54\anaconda3\lib\site-packages\schedule\__init__.py", line 172, in _run_job
    ret = job.run()
  File "C:\Users\mhy54\anaconda3\lib\site-packages\schedule\__init__.py", line 661, in run
    ret = self.job_func()
TypeError: testing() missing 1 required positional argument: 'self'

2022-10-25 21:28:52,209 - auto_trading_logger - ERROR - Error while test stage......
Traceback (most recent call last):
  File "c:\Users\mhy54\binance-auto-trading\binance-auto-trading\scheduler.py", line 18, in _run_job
    super()._run_job(job)
  File "C:\Users\mhy54\anaconda3\lib\site-packages\schedule\__init__.py", line 172, in _run_job
    ret = job.run()
  File "C:\Users\mhy54\anaconda3\lib\site-packages\schedule\__init__.py", line 661, in run
    ret = self.job_func()
TypeError: testing() missing 1 required positional argument: 'self'

2022-10-25 21:28:53,214 - auto_trading_logger - ERROR - Error while test stage......
Traceback (most recent call last):
  File "c:\Users\mhy54\binance-auto-trading\binance-auto-trading\scheduler.py", line 18, in _run_job
    super()._run_job(job)
  File "C:\Users\mhy54\anaconda3\lib\site-packages\schedule\__init__.py", line 172, in _run_job
    ret = job.run()
  File "C:\Users\mhy54\anaconda3\lib\site-packages\schedule\__init__.py", line 661, in run
    ret = self.job_func()
TypeError: testing() missing 1 required positional argument: 'self'

2022-10-25 21:28:54,230 - auto_trading_logger - ERROR - Error while test stage......
Traceback (most recent call last):
  File "c:\Users\mhy54\binance-auto-trading\binance-auto-trading\scheduler.py", line 18, in _run_job
    super()._run_job(job)
  File "C:\Users\mhy54\anaconda3\lib\site-packages\schedule\__init__.py", line 172, in _run_job
    ret = job.run()
  File "C:\Users\mhy54\anaconda3\lib\site-packages\schedule\__init__.py", line 661, in run
    ret = self.job_func()
TypeError: testing() missing 1 required positional argument: 'self'

2022-10-25 21:28:55,245 - auto_trading_logger - ERROR - Error while test stage......
Traceback (most recent call last):
  File "c:\Users\mhy54\binance-auto-trading\binance-auto-trading\scheduler.py", line 18, in _run_job
    super()._run_job(job)
  File "C:\Users\mhy54\anaconda3\lib\site-packages\schedule\__init__.py", line 172, in _run_job
    ret = job.run()
  File "C:\Users\mhy54\anaconda3\lib\site-packages\schedule\__init__.py", line 661, in run
    ret = self.job_func()
TypeError: testing() missing 1 required positional argument: 'self'

2022-10-25 21:28:56,258 - auto_trading_logger - ERROR - Error while test stage......
Traceback (most recent call last):
  File "c:\Users\mhy54\binance-auto-trading\binance-auto-trading\scheduler.py", line 18, in _run_job
    super()._run_job(job)
  File "C:\Users\mhy54\anaconda3\lib\site-packages\schedule\__init__.py", line 172, in _run_job
    ret = job.run()
  File "C:\Users\mhy54\anaconda3\lib\site-packages\schedule\__init__.py", line 661, in run
    ret = self.job_func()
TypeError: testing() missing 1 required positional argument: 'self'

2022-10-25 21:28:57,260 - auto_trading_logger - ERROR - Error while test stage......
Traceback (most recent call last):
  File "c:\Users\mhy54\binance-auto-trading\binance-auto-trading\scheduler.py", line 18, in _run_job
    super()._run_job(job)
  File "C:\Users\mhy54\anaconda3\lib\site-packages\schedule\__init__.py", line 172, in _run_job
    ret = job.run()
  File "C:\Users\mhy54\anaconda3\lib\site-packages\schedule\__init__.py", line 661, in run
    ret = self.job_func()
TypeError: testing() missing 1 required positional argument: 'self'

2022-10-25 21:28:58,277 - auto_trading_logger - ERROR - Error while test stage......
Traceback (most recent call last):
  File "c:\Users\mhy54\binance-auto-trading\binance-auto-trading\scheduler.py", line 18, in _run_job
    super()._run_job(job)
  File "C:\Users\mhy54\anaconda3\lib\site-packages\schedule\__init__.py", line 172, in _run_job
    ret = job.run()
  File "C:\Users\mhy54\anaconda3\lib\site-packages\schedule\__init__.py", line 661, in run
    ret = self.job_func()
TypeError: testing() missing 1 required positional argument: 'self'

2022-10-25 21:28:59,286 - auto_trading_logger - ERROR - Error while test stage......
Traceback (most recent call last):
  File "c:\Users\mhy54\binance-auto-trading\binance-auto-trading\scheduler.py", line 18, in _run_job
    super()._run_job(job)
  File "C:\Users\mhy54\anaconda3\lib\site-packages\schedule\__init__.py", line 172, in _run_job
    ret = job.run()
  File "C:\Users\mhy54\anaconda3\lib\site-packages\schedule\__init__.py", line 661, in run
    ret = self.job_func()
TypeError: testing() missing 1 required positional argument: 'self'

2022-10-25 21:29:00,302 - auto_trading_logger - ERROR - Error while test stage......
Traceback (most recent call last):
  File "c:\Users\mhy54\binance-auto-trading\binance-auto-trading\scheduler.py", line 18, in _run_job
    super()._run_job(job)
  File "C:\Users\mhy54\anaconda3\lib\site-packages\schedule\__init__.py", line 172, in _run_job
    ret = job.run()
  File "C:\Users\mhy54\anaconda3\lib\site-packages\schedule\__init__.py", line 661, in run
    ret = self.job_func()
TypeError: testing() missing 1 required positional argument: 'self'

2022-10-25 21:29:01,312 - auto_trading_logger - ERROR - Error while test stage......
Traceback (most recent call last):
  File "c:\Users\mhy54\binance-auto-trading\binance-auto-trading\scheduler.py", line 18, in _run_job
    super()._run_job(job)
  File "C:\Users\mhy54\anaconda3\lib\site-packages\schedule\__init__.py", line 172, in _run_job
    ret = job.run()
  File "C:\Users\mhy54\anaconda3\lib\site-packages\schedule\__init__.py", line 661, in run
    ret = self.job_func()
TypeError: testing() missing 1 required positional argument: 'self'

2022-10-25 21:29:02,328 - auto_trading_logger - ERROR - Error while test stage......
Traceback (most recent call last):
  File "c:\Users\mhy54\binance-auto-trading\binance-auto-trading\scheduler.py", line 18, in _run_job
    super()._run_job(job)
  File "C:\Users\mhy54\anaconda3\lib\site-packages\schedule\__init__.py", line 172, in _run_job
    ret = job.run()
  File "C:\Users\mhy54\anaconda3\lib\site-packages\schedule\__init__.py", line 661, in run
    ret = self.job_func()
TypeError: testing() missing 1 required positional argument: 'self'

2022-10-25 21:29:03,339 - auto_trading_logger - ERROR - Error while test stage......
Traceback (most recent call last):
  File "c:\Users\mhy54\binance-auto-trading\binance-auto-trading\scheduler.py", line 18, in _run_job
    super()._run_job(job)
  File "C:\Users\mhy54\anaconda3\lib\site-packages\schedule\__init__.py", line 172, in _run_job
    ret = job.run()
  File "C:\Users\mhy54\anaconda3\lib\site-packages\schedule\__init__.py", line 661, in run
    ret = self.job_func()
TypeError: testing() missing 1 required positional argument: 'self'

2022-10-25 21:29:04,353 - auto_trading_logger - ERROR - Error while test stage......
Traceback (most recent call last):
  File "c:\Users\mhy54\binance-auto-trading\binance-auto-trading\scheduler.py", line 18, in _run_job
    super()._run_job(job)
  File "C:\Users\mhy54\anaconda3\lib\site-packages\schedule\__init__.py", line 172, in _run_job
    ret = job.run()
  File "C:\Users\mhy54\anaconda3\lib\site-packages\schedule\__init__.py", line 661, in run
    ret = self.job_func()
TypeError: testing() missing 1 required positional argument: 'self'

2022-10-25 21:29:05,370 - auto_trading_logger - ERROR - Error while test stage......
Traceback (most recent call last):
  File "c:\Users\mhy54\binance-auto-trading\binance-auto-trading\scheduler.py", line 18, in _run_job
    super()._run_job(job)
  File "C:\Users\mhy54\anaconda3\lib\site-packages\schedule\__init__.py", line 172, in _run_job
    ret = job.run()
  File "C:\Users\mhy54\anaconda3\lib\site-packages\schedule\__init__.py", line 661, in run
    ret = self.job_func()
TypeError: testing() missing 1 required positional argument: 'self'

2022-10-25 21:29:06,384 - auto_trading_logger - ERROR - Error while test stage......
Traceback (most recent call last):
  File "c:\Users\mhy54\binance-auto-trading\binance-auto-trading\scheduler.py", line 18, in _run_job
    super()._run_job(job)
  File "C:\Users\mhy54\anaconda3\lib\site-packages\schedule\__init__.py", line 172, in _run_job
    ret = job.run()
  File "C:\Users\mhy54\anaconda3\lib\site-packages\schedule\__init__.py", line 661, in run
    ret = self.job_func()
TypeError: testing() missing 1 required positional argument: 'self'

2022-10-25 21:29:07,398 - auto_trading_logger - ERROR - Error while test stage......
Traceback (most recent call last):
  File "c:\Users\mhy54\binance-auto-trading\binance-auto-trading\scheduler.py", line 18, in _run_job
    super()._run_job(job)
  File "C:\Users\mhy54\anaconda3\lib\site-packages\schedule\__init__.py", line 172, in _run_job
    ret = job.run()
  File "C:\Users\mhy54\anaconda3\lib\site-packages\schedule\__init__.py", line 661, in run
    ret = self.job_func()
TypeError: testing() missing 1 required positional argument: 'self'

2022-10-25 21:29:08,410 - auto_trading_logger - ERROR - Error while test stage......
Traceback (most recent call last):
  File "c:\Users\mhy54\binance-auto-trading\binance-auto-trading\scheduler.py", line 18, in _run_job
    super()._run_job(job)
  File "C:\Users\mhy54\anaconda3\lib\site-packages\schedule\__init__.py", line 172, in _run_job
    ret = job.run()
  File "C:\Users\mhy54\anaconda3\lib\site-packages\schedule\__init__.py", line 661, in run
    ret = self.job_func()
TypeError: testing() missing 1 required positional argument: 'self'

2022-10-25 21:29:09,420 - auto_trading_logger - ERROR - Error while test stage......
Traceback (most recent call last):
  File "c:\Users\mhy54\binance-auto-trading\binance-auto-trading\scheduler.py", line 18, in _run_job
    super()._run_job(job)
  File "C:\Users\mhy54\anaconda3\lib\site-packages\schedule\__init__.py", line 172, in _run_job
    ret = job.run()
  File "C:\Users\mhy54\anaconda3\lib\site-packages\schedule\__init__.py", line 661, in run
    ret = self.job_func()
TypeError: testing() missing 1 required positional argument: 'self'

2022-10-25 21:29:10,428 - auto_trading_logger - ERROR - Error while test stage......
Traceback (most recent call last):
  File "c:\Users\mhy54\binance-auto-trading\binance-auto-trading\scheduler.py", line 18, in _run_job
    super()._run_job(job)
  File "C:\Users\mhy54\anaconda3\lib\site-packages\schedule\__init__.py", line 172, in _run_job
    ret = job.run()
  File "C:\Users\mhy54\anaconda3\lib\site-packages\schedule\__init__.py", line 661, in run
    ret = self.job_func()
TypeError: testing() missing 1 required positional argument: 'self'

2022-10-25 21:29:11,432 - auto_trading_logger - ERROR - Error while test stage......
Traceback (most recent call last):
  File "c:\Users\mhy54\binance-auto-trading\binance-auto-trading\scheduler.py", line 18, in _run_job
    super()._run_job(job)
  File "C:\Users\mhy54\anaconda3\lib\site-packages\schedule\__init__.py", line 172, in _run_job
    ret = job.run()
  File "C:\Users\mhy54\anaconda3\lib\site-packages\schedule\__init__.py", line 661, in run
    ret = self.job_func()
TypeError: testing() missing 1 required positional argument: 'self'

2022-10-25 21:29:12,435 - auto_trading_logger - ERROR - Error while test stage......
Traceback (most recent call last):
  File "c:\Users\mhy54\binance-auto-trading\binance-auto-trading\scheduler.py", line 18, in _run_job
    super()._run_job(job)
  File "C:\Users\mhy54\anaconda3\lib\site-packages\schedule\__init__.py", line 172, in _run_job
    ret = job.run()
  File "C:\Users\mhy54\anaconda3\lib\site-packages\schedule\__init__.py", line 661, in run
    ret = self.job_func()
TypeError: testing() missing 1 required positional argument: 'self'

2022-10-25 21:29:13,444 - auto_trading_logger - ERROR - Error while test stage......
Traceback (most recent call last):
  File "c:\Users\mhy54\binance-auto-trading\binance-auto-trading\scheduler.py", line 18, in _run_job
    super()._run_job(job)
  File "C:\Users\mhy54\anaconda3\lib\site-packages\schedule\__init__.py", line 172, in _run_job
    ret = job.run()
  File "C:\Users\mhy54\anaconda3\lib\site-packages\schedule\__init__.py", line 661, in run
    ret = self.job_func()
TypeError: testing() missing 1 required positional argument: 'self'

2022-10-25 21:29:14,459 - auto_trading_logger - ERROR - Error while test stage......
Traceback (most recent call last):
  File "c:\Users\mhy54\binance-auto-trading\binance-auto-trading\scheduler.py", line 18, in _run_job
    super()._run_job(job)
  File "C:\Users\mhy54\anaconda3\lib\site-packages\schedule\__init__.py", line 172, in _run_job
    ret = job.run()
  File "C:\Users\mhy54\anaconda3\lib\site-packages\schedule\__init__.py", line 661, in run
    ret = self.job_func()
TypeError: testing() missing 1 required positional argument: 'self'

2022-10-25 21:29:15,473 - auto_trading_logger - ERROR - Error while test stage......
Traceback (most recent call last):
  File "c:\Users\mhy54\binance-auto-trading\binance-auto-trading\scheduler.py", line 18, in _run_job
    super()._run_job(job)
  File "C:\Users\mhy54\anaconda3\lib\site-packages\schedule\__init__.py", line 172, in _run_job
    ret = job.run()
  File "C:\Users\mhy54\anaconda3\lib\site-packages\schedule\__init__.py", line 661, in run
    ret = self.job_func()
TypeError: testing() missing 1 required positional argument: 'self'

2022-10-25 21:29:16,488 - auto_trading_logger - ERROR - Error while test stage......
Traceback (most recent call last):
  File "c:\Users\mhy54\binance-auto-trading\binance-auto-trading\scheduler.py", line 18, in _run_job
    super()._run_job(job)
  File "C:\Users\mhy54\anaconda3\lib\site-packages\schedule\__init__.py", line 172, in _run_job
    ret = job.run()
  File "C:\Users\mhy54\anaconda3\lib\site-packages\schedule\__init__.py", line 661, in run
    ret = self.job_func()
TypeError: testing() missing 1 required positional argument: 'self'

2022-10-25 21:29:17,500 - auto_trading_logger - ERROR - Error while test stage......
Traceback (most recent call last):
  File "c:\Users\mhy54\binance-auto-trading\binance-auto-trading\scheduler.py", line 18, in _run_job
    super()._run_job(job)
  File "C:\Users\mhy54\anaconda3\lib\site-packages\schedule\__init__.py", line 172, in _run_job
    ret = job.run()
  File "C:\Users\mhy54\anaconda3\lib\site-packages\schedule\__init__.py", line 661, in run
    ret = self.job_func()
TypeError: testing() missing 1 required positional argument: 'self'

2022-10-25 21:29:18,503 - auto_trading_logger - ERROR - Error while test stage......
Traceback (most recent call last):
  File "c:\Users\mhy54\binance-auto-trading\binance-auto-trading\scheduler.py", line 18, in _run_job
    super()._run_job(job)
  File "C:\Users\mhy54\anaconda3\lib\site-packages\schedule\__init__.py", line 172, in _run_job
    ret = job.run()
  File "C:\Users\mhy54\anaconda3\lib\site-packages\schedule\__init__.py", line 661, in run
    ret = self.job_func()
TypeError: testing() missing 1 required positional argument: 'self'

2022-10-25 21:29:19,515 - auto_trading_logger - ERROR - Error while test stage......
Traceback (most recent call last):
  File "c:\Users\mhy54\binance-auto-trading\binance-auto-trading\scheduler.py", line 18, in _run_job
    super()._run_job(job)
  File "C:\Users\mhy54\anaconda3\lib\site-packages\schedule\__init__.py", line 172, in _run_job
    ret = job.run()
  File "C:\Users\mhy54\anaconda3\lib\site-packages\schedule\__init__.py", line 661, in run
    ret = self.job_func()
TypeError: testing() missing 1 required positional argument: 'self'

2022-10-25 21:29:20,518 - auto_trading_logger - ERROR - Error while test stage......
Traceback (most recent call last):
  File "c:\Users\mhy54\binance-auto-trading\binance-auto-trading\scheduler.py", line 18, in _run_job
    super()._run_job(job)
  File "C:\Users\mhy54\anaconda3\lib\site-packages\schedule\__init__.py", line 172, in _run_job
    ret = job.run()
  File "C:\Users\mhy54\anaconda3\lib\site-packages\schedule\__init__.py", line 661, in run
    ret = self.job_func()
TypeError: testing() missing 1 required positional argument: 'self'

2022-10-25 21:29:21,524 - auto_trading_logger - ERROR - Error while test stage......
Traceback (most recent call last):
  File "c:\Users\mhy54\binance-auto-trading\binance-auto-trading\scheduler.py", line 18, in _run_job
    super()._run_job(job)
  File "C:\Users\mhy54\anaconda3\lib\site-packages\schedule\__init__.py", line 172, in _run_job
    ret = job.run()
  File "C:\Users\mhy54\anaconda3\lib\site-packages\schedule\__init__.py", line 661, in run
    ret = self.job_func()
TypeError: testing() missing 1 required positional argument: 'self'

2022-10-25 21:29:22,541 - auto_trading_logger - ERROR - Error while test stage......
Traceback (most recent call last):
  File "c:\Users\mhy54\binance-auto-trading\binance-auto-trading\scheduler.py", line 18, in _run_job
    super()._run_job(job)
  File "C:\Users\mhy54\anaconda3\lib\site-packages\schedule\__init__.py", line 172, in _run_job
    ret = job.run()
  File "C:\Users\mhy54\anaconda3\lib\site-packages\schedule\__init__.py", line 661, in run
    ret = self.job_func()
TypeError: testing() missing 1 required positional argument: 'self'

2022-10-25 21:29:23,556 - auto_trading_logger - ERROR - Error while test stage......
Traceback (most recent call last):
  File "c:\Users\mhy54\binance-auto-trading\binance-auto-trading\scheduler.py", line 18, in _run_job
    super()._run_job(job)
  File "C:\Users\mhy54\anaconda3\lib\site-packages\schedule\__init__.py", line 172, in _run_job
    ret = job.run()
  File "C:\Users\mhy54\anaconda3\lib\site-packages\schedule\__init__.py", line 661, in run
    ret = self.job_func()
TypeError: testing() missing 1 required positional argument: 'self'

2022-10-25 21:29:24,561 - auto_trading_logger - ERROR - Error while test stage......
Traceback (most recent call last):
  File "c:\Users\mhy54\binance-auto-trading\binance-auto-trading\scheduler.py", line 18, in _run_job
    super()._run_job(job)
  File "C:\Users\mhy54\anaconda3\lib\site-packages\schedule\__init__.py", line 172, in _run_job
    ret = job.run()
  File "C:\Users\mhy54\anaconda3\lib\site-packages\schedule\__init__.py", line 661, in run
    ret = self.job_func()
TypeError: testing() missing 1 required positional argument: 'self'

2022-10-25 21:29:25,578 - auto_trading_logger - ERROR - Error while test stage......
Traceback (most recent call last):
  File "c:\Users\mhy54\binance-auto-trading\binance-auto-trading\scheduler.py", line 18, in _run_job
    super()._run_job(job)
  File "C:\Users\mhy54\anaconda3\lib\site-packages\schedule\__init__.py", line 172, in _run_job
    ret = job.run()
  File "C:\Users\mhy54\anaconda3\lib\site-packages\schedule\__init__.py", line 661, in run
    ret = self.job_func()
TypeError: testing() missing 1 required positional argument: 'self'

2022-10-25 21:29:26,590 - auto_trading_logger - ERROR - Error while test stage......
Traceback (most recent call last):
  File "c:\Users\mhy54\binance-auto-trading\binance-auto-trading\scheduler.py", line 18, in _run_job
    super()._run_job(job)
  File "C:\Users\mhy54\anaconda3\lib\site-packages\schedule\__init__.py", line 172, in _run_job
    ret = job.run()
  File "C:\Users\mhy54\anaconda3\lib\site-packages\schedule\__init__.py", line 661, in run
    ret = self.job_func()
TypeError: testing() missing 1 required positional argument: 'self'

2022-10-25 21:29:27,602 - auto_trading_logger - ERROR - Error while test stage......
Traceback (most recent call last):
  File "c:\Users\mhy54\binance-auto-trading\binance-auto-trading\scheduler.py", line 18, in _run_job
    super()._run_job(job)
  File "C:\Users\mhy54\anaconda3\lib\site-packages\schedule\__init__.py", line 172, in _run_job
    ret = job.run()
  File "C:\Users\mhy54\anaconda3\lib\site-packages\schedule\__init__.py", line 661, in run
    ret = self.job_func()
TypeError: testing() missing 1 required positional argument: 'self'

2022-10-25 21:29:28,606 - auto_trading_logger - ERROR - Error while test stage......
Traceback (most recent call last):
  File "c:\Users\mhy54\binance-auto-trading\binance-auto-trading\scheduler.py", line 18, in _run_job
    super()._run_job(job)
  File "C:\Users\mhy54\anaconda3\lib\site-packages\schedule\__init__.py", line 172, in _run_job
    ret = job.run()
  File "C:\Users\mhy54\anaconda3\lib\site-packages\schedule\__init__.py", line 661, in run
    ret = self.job_func()
TypeError: testing() missing 1 required positional argument: 'self'

2022-10-25 21:29:29,619 - auto_trading_logger - ERROR - Error while test stage......
Traceback (most recent call last):
  File "c:\Users\mhy54\binance-auto-trading\binance-auto-trading\scheduler.py", line 18, in _run_job
    super()._run_job(job)
  File "C:\Users\mhy54\anaconda3\lib\site-packages\schedule\__init__.py", line 172, in _run_job
    ret = job.run()
  File "C:\Users\mhy54\anaconda3\lib\site-packages\schedule\__init__.py", line 661, in run
    ret = self.job_func()
TypeError: testing() missing 1 required positional argument: 'self'

2022-10-25 21:29:30,628 - auto_trading_logger - ERROR - Error while test stage......
Traceback (most recent call last):
  File "c:\Users\mhy54\binance-auto-trading\binance-auto-trading\scheduler.py", line 18, in _run_job
    super()._run_job(job)
  File "C:\Users\mhy54\anaconda3\lib\site-packages\schedule\__init__.py", line 172, in _run_job
    ret = job.run()
  File "C:\Users\mhy54\anaconda3\lib\site-packages\schedule\__init__.py", line 661, in run
    ret = self.job_func()
TypeError: testing() missing 1 required positional argument: 'self'

2022-10-25 21:29:31,641 - auto_trading_logger - ERROR - Error while test stage......
Traceback (most recent call last):
  File "c:\Users\mhy54\binance-auto-trading\binance-auto-trading\scheduler.py", line 18, in _run_job
    super()._run_job(job)
  File "C:\Users\mhy54\anaconda3\lib\site-packages\schedule\__init__.py", line 172, in _run_job
    ret = job.run()
  File "C:\Users\mhy54\anaconda3\lib\site-packages\schedule\__init__.py", line 661, in run
    ret = self.job_func()
TypeError: testing() missing 1 required positional argument: 'self'

2022-10-25 21:29:32,660 - auto_trading_logger - ERROR - Error while test stage......
Traceback (most recent call last):
  File "c:\Users\mhy54\binance-auto-trading\binance-auto-trading\scheduler.py", line 18, in _run_job
    super()._run_job(job)
  File "C:\Users\mhy54\anaconda3\lib\site-packages\schedule\__init__.py", line 172, in _run_job
    ret = job.run()
  File "C:\Users\mhy54\anaconda3\lib\site-packages\schedule\__init__.py", line 661, in run
    ret = self.job_func()
TypeError: testing() missing 1 required positional argument: 'self'

2022-10-25 21:29:33,678 - auto_trading_logger - ERROR - Error while test stage......
Traceback (most recent call last):
  File "c:\Users\mhy54\binance-auto-trading\binance-auto-trading\scheduler.py", line 18, in _run_job
    super()._run_job(job)
  File "C:\Users\mhy54\anaconda3\lib\site-packages\schedule\__init__.py", line 172, in _run_job
    ret = job.run()
  File "C:\Users\mhy54\anaconda3\lib\site-packages\schedule\__init__.py", line 661, in run
    ret = self.job_func()
TypeError: testing() missing 1 required positional argument: 'self'

2022-10-25 21:29:34,683 - auto_trading_logger - ERROR - Error while test stage......
Traceback (most recent call last):
  File "c:\Users\mhy54\binance-auto-trading\binance-auto-trading\scheduler.py", line 18, in _run_job
    super()._run_job(job)
  File "C:\Users\mhy54\anaconda3\lib\site-packages\schedule\__init__.py", line 172, in _run_job
    ret = job.run()
  File "C:\Users\mhy54\anaconda3\lib\site-packages\schedule\__init__.py", line 661, in run
    ret = self.job_func()
TypeError: testing() missing 1 required positional argument: 'self'

2022-10-25 21:29:35,698 - auto_trading_logger - ERROR - Error while test stage......
Traceback (most recent call last):
  File "c:\Users\mhy54\binance-auto-trading\binance-auto-trading\scheduler.py", line 18, in _run_job
    super()._run_job(job)
  File "C:\Users\mhy54\anaconda3\lib\site-packages\schedule\__init__.py", line 172, in _run_job
    ret = job.run()
  File "C:\Users\mhy54\anaconda3\lib\site-packages\schedule\__init__.py", line 661, in run
    ret = self.job_func()
TypeError: testing() missing 1 required positional argument: 'self'

2022-10-25 21:29:36,714 - auto_trading_logger - ERROR - Error while test stage......
Traceback (most recent call last):
  File "c:\Users\mhy54\binance-auto-trading\binance-auto-trading\scheduler.py", line 18, in _run_job
    super()._run_job(job)
  File "C:\Users\mhy54\anaconda3\lib\site-packages\schedule\__init__.py", line 172, in _run_job
    ret = job.run()
  File "C:\Users\mhy54\anaconda3\lib\site-packages\schedule\__init__.py", line 661, in run
    ret = self.job_func()
TypeError: testing() missing 1 required positional argument: 'self'

2022-10-25 21:29:37,717 - auto_trading_logger - ERROR - Error while test stage......
Traceback (most recent call last):
  File "c:\Users\mhy54\binance-auto-trading\binance-auto-trading\scheduler.py", line 18, in _run_job
    super()._run_job(job)
  File "C:\Users\mhy54\anaconda3\lib\site-packages\schedule\__init__.py", line 172, in _run_job
    ret = job.run()
  File "C:\Users\mhy54\anaconda3\lib\site-packages\schedule\__init__.py", line 661, in run
    ret = self.job_func()
TypeError: testing() missing 1 required positional argument: 'self'

2022-10-25 21:29:38,722 - auto_trading_logger - ERROR - Error while test stage......
Traceback (most recent call last):
  File "c:\Users\mhy54\binance-auto-trading\binance-auto-trading\scheduler.py", line 18, in _run_job
    super()._run_job(job)
  File "C:\Users\mhy54\anaconda3\lib\site-packages\schedule\__init__.py", line 172, in _run_job
    ret = job.run()
  File "C:\Users\mhy54\anaconda3\lib\site-packages\schedule\__init__.py", line 661, in run
    ret = self.job_func()
TypeError: testing() missing 1 required positional argument: 'self'

2022-10-25 21:29:39,739 - auto_trading_logger - ERROR - Error while test stage......
Traceback (most recent call last):
  File "c:\Users\mhy54\binance-auto-trading\binance-auto-trading\scheduler.py", line 18, in _run_job
    super()._run_job(job)
  File "C:\Users\mhy54\anaconda3\lib\site-packages\schedule\__init__.py", line 172, in _run_job
    ret = job.run()
  File "C:\Users\mhy54\anaconda3\lib\site-packages\schedule\__init__.py", line 661, in run
    ret = self.job_func()
TypeError: testing() missing 1 required positional argument: 'self'

2022-10-25 21:29:40,756 - auto_trading_logger - ERROR - Error while test stage......
Traceback (most recent call last):
  File "c:\Users\mhy54\binance-auto-trading\binance-auto-trading\scheduler.py", line 18, in _run_job
    super()._run_job(job)
  File "C:\Users\mhy54\anaconda3\lib\site-packages\schedule\__init__.py", line 172, in _run_job
    ret = job.run()
  File "C:\Users\mhy54\anaconda3\lib\site-packages\schedule\__init__.py", line 661, in run
    ret = self.job_func()
TypeError: testing() missing 1 required positional argument: 'self'

2022-10-25 21:29:41,770 - auto_trading_logger - ERROR - Error while test stage......
Traceback (most recent call last):
  File "c:\Users\mhy54\binance-auto-trading\binance-auto-trading\scheduler.py", line 18, in _run_job
    super()._run_job(job)
  File "C:\Users\mhy54\anaconda3\lib\site-packages\schedule\__init__.py", line 172, in _run_job
    ret = job.run()
  File "C:\Users\mhy54\anaconda3\lib\site-packages\schedule\__init__.py", line 661, in run
    ret = self.job_func()
TypeError: testing() missing 1 required positional argument: 'self'

2022-10-25 21:29:42,776 - auto_trading_logger - ERROR - Error while test stage......
Traceback (most recent call last):
  File "c:\Users\mhy54\binance-auto-trading\binance-auto-trading\scheduler.py", line 18, in _run_job
    super()._run_job(job)
  File "C:\Users\mhy54\anaconda3\lib\site-packages\schedule\__init__.py", line 172, in _run_job
    ret = job.run()
  File "C:\Users\mhy54\anaconda3\lib\site-packages\schedule\__init__.py", line 661, in run
    ret = self.job_func()
TypeError: testing() missing 1 required positional argument: 'self'

2022-10-25 21:29:43,782 - auto_trading_logger - ERROR - Error while test stage......
Traceback (most recent call last):
  File "c:\Users\mhy54\binance-auto-trading\binance-auto-trading\scheduler.py", line 18, in _run_job
    super()._run_job(job)
  File "C:\Users\mhy54\anaconda3\lib\site-packages\schedule\__init__.py", line 172, in _run_job
    ret = job.run()
  File "C:\Users\mhy54\anaconda3\lib\site-packages\schedule\__init__.py", line 661, in run
    ret = self.job_func()
TypeError: testing() missing 1 required positional argument: 'self'

2022-10-25 21:29:44,799 - auto_trading_logger - ERROR - Error while test stage......
Traceback (most recent call last):
  File "c:\Users\mhy54\binance-auto-trading\binance-auto-trading\scheduler.py", line 18, in _run_job
    super()._run_job(job)
  File "C:\Users\mhy54\anaconda3\lib\site-packages\schedule\__init__.py", line 172, in _run_job
    ret = job.run()
  File "C:\Users\mhy54\anaconda3\lib\site-packages\schedule\__init__.py", line 661, in run
    ret = self.job_func()
TypeError: testing() missing 1 required positional argument: 'self'

2022-10-25 21:29:45,814 - auto_trading_logger - ERROR - Error while test stage......
Traceback (most recent call last):
  File "c:\Users\mhy54\binance-auto-trading\binance-auto-trading\scheduler.py", line 18, in _run_job
    super()._run_job(job)
  File "C:\Users\mhy54\anaconda3\lib\site-packages\schedule\__init__.py", line 172, in _run_job
    ret = job.run()
  File "C:\Users\mhy54\anaconda3\lib\site-packages\schedule\__init__.py", line 661, in run
    ret = self.job_func()
TypeError: testing() missing 1 required positional argument: 'self'

2022-10-25 21:29:46,817 - auto_trading_logger - ERROR - Error while test stage......
Traceback (most recent call last):
  File "c:\Users\mhy54\binance-auto-trading\binance-auto-trading\scheduler.py", line 18, in _run_job
    super()._run_job(job)
  File "C:\Users\mhy54\anaconda3\lib\site-packages\schedule\__init__.py", line 172, in _run_job
    ret = job.run()
  File "C:\Users\mhy54\anaconda3\lib\site-packages\schedule\__init__.py", line 661, in run
    ret = self.job_func()
TypeError: testing() missing 1 required positional argument: 'self'

2022-10-25 21:29:47,826 - auto_trading_logger - ERROR - Error while test stage......
Traceback (most recent call last):
  File "c:\Users\mhy54\binance-auto-trading\binance-auto-trading\scheduler.py", line 18, in _run_job
    super()._run_job(job)
  File "C:\Users\mhy54\anaconda3\lib\site-packages\schedule\__init__.py", line 172, in _run_job
    ret = job.run()
  File "C:\Users\mhy54\anaconda3\lib\site-packages\schedule\__init__.py", line 661, in run
    ret = self.job_func()
TypeError: testing() missing 1 required positional argument: 'self'

2022-10-25 21:29:48,840 - auto_trading_logger - ERROR - Error while test stage......
Traceback (most recent call last):
  File "c:\Users\mhy54\binance-auto-trading\binance-auto-trading\scheduler.py", line 18, in _run_job
    super()._run_job(job)
  File "C:\Users\mhy54\anaconda3\lib\site-packages\schedule\__init__.py", line 172, in _run_job
    ret = job.run()
  File "C:\Users\mhy54\anaconda3\lib\site-packages\schedule\__init__.py", line 661, in run
    ret = self.job_func()
TypeError: testing() missing 1 required positional argument: 'self'

2022-10-25 21:29:49,854 - auto_trading_logger - ERROR - Error while test stage......
Traceback (most recent call last):
  File "c:\Users\mhy54\binance-auto-trading\binance-auto-trading\scheduler.py", line 18, in _run_job
    super()._run_job(job)
  File "C:\Users\mhy54\anaconda3\lib\site-packages\schedule\__init__.py", line 172, in _run_job
    ret = job.run()
  File "C:\Users\mhy54\anaconda3\lib\site-packages\schedule\__init__.py", line 661, in run
    ret = self.job_func()
TypeError: testing() missing 1 required positional argument: 'self'

2022-10-25 21:29:50,857 - auto_trading_logger - ERROR - Error while test stage......
Traceback (most recent call last):
  File "c:\Users\mhy54\binance-auto-trading\binance-auto-trading\scheduler.py", line 18, in _run_job
    super()._run_job(job)
  File "C:\Users\mhy54\anaconda3\lib\site-packages\schedule\__init__.py", line 172, in _run_job
    ret = job.run()
  File "C:\Users\mhy54\anaconda3\lib\site-packages\schedule\__init__.py", line 661, in run
    ret = self.job_func()
TypeError: testing() missing 1 required positional argument: 'self'

2022-10-25 21:29:51,863 - auto_trading_logger - ERROR - Error while test stage......
Traceback (most recent call last):
  File "c:\Users\mhy54\binance-auto-trading\binance-auto-trading\scheduler.py", line 18, in _run_job
    super()._run_job(job)
  File "C:\Users\mhy54\anaconda3\lib\site-packages\schedule\__init__.py", line 172, in _run_job
    ret = job.run()
  File "C:\Users\mhy54\anaconda3\lib\site-packages\schedule\__init__.py", line 661, in run
    ret = self.job_func()
TypeError: testing() missing 1 required positional argument: 'self'

2022-10-25 21:29:52,877 - auto_trading_logger - ERROR - Error while test stage......
Traceback (most recent call last):
  File "c:\Users\mhy54\binance-auto-trading\binance-auto-trading\scheduler.py", line 18, in _run_job
    super()._run_job(job)
  File "C:\Users\mhy54\anaconda3\lib\site-packages\schedule\__init__.py", line 172, in _run_job
    ret = job.run()
  File "C:\Users\mhy54\anaconda3\lib\site-packages\schedule\__init__.py", line 661, in run
    ret = self.job_func()
TypeError: testing() missing 1 required positional argument: 'self'

2022-10-25 21:29:53,884 - auto_trading_logger - ERROR - Error while test stage......
Traceback (most recent call last):
  File "c:\Users\mhy54\binance-auto-trading\binance-auto-trading\scheduler.py", line 18, in _run_job
    super()._run_job(job)
  File "C:\Users\mhy54\anaconda3\lib\site-packages\schedule\__init__.py", line 172, in _run_job
    ret = job.run()
  File "C:\Users\mhy54\anaconda3\lib\site-packages\schedule\__init__.py", line 661, in run
    ret = self.job_func()
TypeError: testing() missing 1 required positional argument: 'self'

2022-10-25 21:29:54,899 - auto_trading_logger - ERROR - Error while test stage......
Traceback (most recent call last):
  File "c:\Users\mhy54\binance-auto-trading\binance-auto-trading\scheduler.py", line 18, in _run_job
    super()._run_job(job)
  File "C:\Users\mhy54\anaconda3\lib\site-packages\schedule\__init__.py", line 172, in _run_job
    ret = job.run()
  File "C:\Users\mhy54\anaconda3\lib\site-packages\schedule\__init__.py", line 661, in run
    ret = self.job_func()
TypeError: testing() missing 1 required positional argument: 'self'

2022-10-25 21:29:55,903 - auto_trading_logger - ERROR - Error while test stage......
Traceback (most recent call last):
  File "c:\Users\mhy54\binance-auto-trading\binance-auto-trading\scheduler.py", line 18, in _run_job
    super()._run_job(job)
  File "C:\Users\mhy54\anaconda3\lib\site-packages\schedule\__init__.py", line 172, in _run_job
    ret = job.run()
  File "C:\Users\mhy54\anaconda3\lib\site-packages\schedule\__init__.py", line 661, in run
    ret = self.job_func()
TypeError: testing() missing 1 required positional argument: 'self'

2022-10-25 21:29:56,907 - auto_trading_logger - ERROR - Error while test stage......
Traceback (most recent call last):
  File "c:\Users\mhy54\binance-auto-trading\binance-auto-trading\scheduler.py", line 18, in _run_job
    super()._run_job(job)
  File "C:\Users\mhy54\anaconda3\lib\site-packages\schedule\__init__.py", line 172, in _run_job
    ret = job.run()
  File "C:\Users\mhy54\anaconda3\lib\site-packages\schedule\__init__.py", line 661, in run
    ret = self.job_func()
TypeError: testing() missing 1 required positional argument: 'self'

2022-10-25 21:29:57,917 - auto_trading_logger - ERROR - Error while test stage......
Traceback (most recent call last):
  File "c:\Users\mhy54\binance-auto-trading\binance-auto-trading\scheduler.py", line 18, in _run_job
    super()._run_job(job)
  File "C:\Users\mhy54\anaconda3\lib\site-packages\schedule\__init__.py", line 172, in _run_job
    ret = job.run()
  File "C:\Users\mhy54\anaconda3\lib\site-packages\schedule\__init__.py", line 661, in run
    ret = self.job_func()
TypeError: testing() missing 1 required positional argument: 'self'

2022-10-25 21:29:58,930 - auto_trading_logger - ERROR - Error while test stage......
Traceback (most recent call last):
  File "c:\Users\mhy54\binance-auto-trading\binance-auto-trading\scheduler.py", line 18, in _run_job
    super()._run_job(job)
  File "C:\Users\mhy54\anaconda3\lib\site-packages\schedule\__init__.py", line 172, in _run_job
    ret = job.run()
  File "C:\Users\mhy54\anaconda3\lib\site-packages\schedule\__init__.py", line 661, in run
    ret = self.job_func()
TypeError: testing() missing 1 required positional argument: 'self'

2022-10-25 21:29:59,934 - auto_trading_logger - ERROR - Error while test stage......
Traceback (most recent call last):
  File "c:\Users\mhy54\binance-auto-trading\binance-auto-trading\scheduler.py", line 18, in _run_job
    super()._run_job(job)
  File "C:\Users\mhy54\anaconda3\lib\site-packages\schedule\__init__.py", line 172, in _run_job
    ret = job.run()
  File "C:\Users\mhy54\anaconda3\lib\site-packages\schedule\__init__.py", line 661, in run
    ret = self.job_func()
TypeError: testing() missing 1 required positional argument: 'self'

2022-10-25 21:30:00,945 - auto_trading_logger - ERROR - Error while test stage......
Traceback (most recent call last):
  File "c:\Users\mhy54\binance-auto-trading\binance-auto-trading\scheduler.py", line 18, in _run_job
    super()._run_job(job)
  File "C:\Users\mhy54\anaconda3\lib\site-packages\schedule\__init__.py", line 172, in _run_job
    ret = job.run()
  File "C:\Users\mhy54\anaconda3\lib\site-packages\schedule\__init__.py", line 661, in run
    ret = self.job_func()
TypeError: testing() missing 1 required positional argument: 'self'

2022-10-25 21:30:01,948 - auto_trading_logger - ERROR - Error while test stage......
Traceback (most recent call last):
  File "c:\Users\mhy54\binance-auto-trading\binance-auto-trading\scheduler.py", line 18, in _run_job
    super()._run_job(job)
  File "C:\Users\mhy54\anaconda3\lib\site-packages\schedule\__init__.py", line 172, in _run_job
    ret = job.run()
  File "C:\Users\mhy54\anaconda3\lib\site-packages\schedule\__init__.py", line 661, in run
    ret = self.job_func()
TypeError: testing() missing 1 required positional argument: 'self'

2022-10-25 21:30:02,950 - auto_trading_logger - ERROR - Error while test stage......
Traceback (most recent call last):
  File "c:\Users\mhy54\binance-auto-trading\binance-auto-trading\scheduler.py", line 18, in _run_job
    super()._run_job(job)
  File "C:\Users\mhy54\anaconda3\lib\site-packages\schedule\__init__.py", line 172, in _run_job
    ret = job.run()
  File "C:\Users\mhy54\anaconda3\lib\site-packages\schedule\__init__.py", line 661, in run
    ret = self.job_func()
TypeError: testing() missing 1 required positional argument: 'self'

2022-10-25 21:30:03,964 - auto_trading_logger - ERROR - Error while test stage......
Traceback (most recent call last):
  File "c:\Users\mhy54\binance-auto-trading\binance-auto-trading\scheduler.py", line 18, in _run_job
    super()._run_job(job)
  File "C:\Users\mhy54\anaconda3\lib\site-packages\schedule\__init__.py", line 172, in _run_job
    ret = job.run()
  File "C:\Users\mhy54\anaconda3\lib\site-packages\schedule\__init__.py", line 661, in run
    ret = self.job_func()
TypeError: testing() missing 1 required positional argument: 'self'

2022-10-25 21:30:04,977 - auto_trading_logger - ERROR - Error while test stage......
Traceback (most recent call last):
  File "c:\Users\mhy54\binance-auto-trading\binance-auto-trading\scheduler.py", line 18, in _run_job
    super()._run_job(job)
  File "C:\Users\mhy54\anaconda3\lib\site-packages\schedule\__init__.py", line 172, in _run_job
    ret = job.run()
  File "C:\Users\mhy54\anaconda3\lib\site-packages\schedule\__init__.py", line 661, in run
    ret = self.job_func()
TypeError: testing() missing 1 required positional argument: 'self'

2022-10-25 21:30:05,980 - auto_trading_logger - ERROR - Error while test stage......
Traceback (most recent call last):
  File "c:\Users\mhy54\binance-auto-trading\binance-auto-trading\scheduler.py", line 18, in _run_job
    super()._run_job(job)
  File "C:\Users\mhy54\anaconda3\lib\site-packages\schedule\__init__.py", line 172, in _run_job
    ret = job.run()
  File "C:\Users\mhy54\anaconda3\lib\site-packages\schedule\__init__.py", line 661, in run
    ret = self.job_func()
TypeError: testing() missing 1 required positional argument: 'self'

2022-10-25 21:30:06,996 - auto_trading_logger - ERROR - Error while test stage......
Traceback (most recent call last):
  File "c:\Users\mhy54\binance-auto-trading\binance-auto-trading\scheduler.py", line 18, in _run_job
    super()._run_job(job)
  File "C:\Users\mhy54\anaconda3\lib\site-packages\schedule\__init__.py", line 172, in _run_job
    ret = job.run()
  File "C:\Users\mhy54\anaconda3\lib\site-packages\schedule\__init__.py", line 661, in run
    ret = self.job_func()
TypeError: testing() missing 1 required positional argument: 'self'

2022-10-25 21:30:08,008 - auto_trading_logger - ERROR - Error while test stage......
Traceback (most recent call last):
  File "c:\Users\mhy54\binance-auto-trading\binance-auto-trading\scheduler.py", line 18, in _run_job
    super()._run_job(job)
  File "C:\Users\mhy54\anaconda3\lib\site-packages\schedule\__init__.py", line 172, in _run_job
    ret = job.run()
  File "C:\Users\mhy54\anaconda3\lib\site-packages\schedule\__init__.py", line 661, in run
    ret = self.job_func()
TypeError: testing() missing 1 required positional argument: 'self'

2022-10-25 21:30:09,022 - auto_trading_logger - ERROR - Error while test stage......
Traceback (most recent call last):
  File "c:\Users\mhy54\binance-auto-trading\binance-auto-trading\scheduler.py", line 18, in _run_job
    super()._run_job(job)
  File "C:\Users\mhy54\anaconda3\lib\site-packages\schedule\__init__.py", line 172, in _run_job
    ret = job.run()
  File "C:\Users\mhy54\anaconda3\lib\site-packages\schedule\__init__.py", line 661, in run
    ret = self.job_func()
TypeError: testing() missing 1 required positional argument: 'self'

2022-10-25 21:30:10,038 - auto_trading_logger - ERROR - Error while test stage......
Traceback (most recent call last):
  File "c:\Users\mhy54\binance-auto-trading\binance-auto-trading\scheduler.py", line 18, in _run_job
    super()._run_job(job)
  File "C:\Users\mhy54\anaconda3\lib\site-packages\schedule\__init__.py", line 172, in _run_job
    ret = job.run()
  File "C:\Users\mhy54\anaconda3\lib\site-packages\schedule\__init__.py", line 661, in run
    ret = self.job_func()
TypeError: testing() missing 1 required positional argument: 'self'

2022-10-25 21:30:11,053 - auto_trading_logger - ERROR - Error while test stage......
Traceback (most recent call last):
  File "c:\Users\mhy54\binance-auto-trading\binance-auto-trading\scheduler.py", line 18, in _run_job
    super()._run_job(job)
  File "C:\Users\mhy54\anaconda3\lib\site-packages\schedule\__init__.py", line 172, in _run_job
    ret = job.run()
  File "C:\Users\mhy54\anaconda3\lib\site-packages\schedule\__init__.py", line 661, in run
    ret = self.job_func()
TypeError: testing() missing 1 required positional argument: 'self'

2022-10-25 21:30:12,055 - auto_trading_logger - ERROR - Error while test stage......
Traceback (most recent call last):
  File "c:\Users\mhy54\binance-auto-trading\binance-auto-trading\scheduler.py", line 18, in _run_job
    super()._run_job(job)
  File "C:\Users\mhy54\anaconda3\lib\site-packages\schedule\__init__.py", line 172, in _run_job
    ret = job.run()
  File "C:\Users\mhy54\anaconda3\lib\site-packages\schedule\__init__.py", line 661, in run
    ret = self.job_func()
TypeError: testing() missing 1 required positional argument: 'self'

2022-10-25 21:30:13,072 - auto_trading_logger - ERROR - Error while test stage......
Traceback (most recent call last):
  File "c:\Users\mhy54\binance-auto-trading\binance-auto-trading\scheduler.py", line 18, in _run_job
    super()._run_job(job)
  File "C:\Users\mhy54\anaconda3\lib\site-packages\schedule\__init__.py", line 172, in _run_job
    ret = job.run()
  File "C:\Users\mhy54\anaconda3\lib\site-packages\schedule\__init__.py", line 661, in run
    ret = self.job_func()
TypeError: testing() missing 1 required positional argument: 'self'

2022-10-25 21:30:14,086 - auto_trading_logger - ERROR - Error while test stage......
Traceback (most recent call last):
  File "c:\Users\mhy54\binance-auto-trading\binance-auto-trading\scheduler.py", line 18, in _run_job
    super()._run_job(job)
  File "C:\Users\mhy54\anaconda3\lib\site-packages\schedule\__init__.py", line 172, in _run_job
    ret = job.run()
  File "C:\Users\mhy54\anaconda3\lib\site-packages\schedule\__init__.py", line 661, in run
    ret = self.job_func()
TypeError: testing() missing 1 required positional argument: 'self'

2022-10-25 21:30:15,098 - auto_trading_logger - ERROR - Error while test stage......
Traceback (most recent call last):
  File "c:\Users\mhy54\binance-auto-trading\binance-auto-trading\scheduler.py", line 18, in _run_job
    super()._run_job(job)
  File "C:\Users\mhy54\anaconda3\lib\site-packages\schedule\__init__.py", line 172, in _run_job
    ret = job.run()
  File "C:\Users\mhy54\anaconda3\lib\site-packages\schedule\__init__.py", line 661, in run
    ret = self.job_func()
TypeError: testing() missing 1 required positional argument: 'self'

2022-10-25 21:30:16,102 - auto_trading_logger - ERROR - Error while test stage......
Traceback (most recent call last):
  File "c:\Users\mhy54\binance-auto-trading\binance-auto-trading\scheduler.py", line 18, in _run_job
    super()._run_job(job)
  File "C:\Users\mhy54\anaconda3\lib\site-packages\schedule\__init__.py", line 172, in _run_job
    ret = job.run()
  File "C:\Users\mhy54\anaconda3\lib\site-packages\schedule\__init__.py", line 661, in run
    ret = self.job_func()
TypeError: testing() missing 1 required positional argument: 'self'

2022-10-25 21:30:17,113 - auto_trading_logger - ERROR - Error while test stage......
Traceback (most recent call last):
  File "c:\Users\mhy54\binance-auto-trading\binance-auto-trading\scheduler.py", line 18, in _run_job
    super()._run_job(job)
  File "C:\Users\mhy54\anaconda3\lib\site-packages\schedule\__init__.py", line 172, in _run_job
    ret = job.run()
  File "C:\Users\mhy54\anaconda3\lib\site-packages\schedule\__init__.py", line 661, in run
    ret = self.job_func()
TypeError: testing() missing 1 required positional argument: 'self'

2022-10-25 21:30:18,117 - auto_trading_logger - ERROR - Error while test stage......
Traceback (most recent call last):
  File "c:\Users\mhy54\binance-auto-trading\binance-auto-trading\scheduler.py", line 18, in _run_job
    super()._run_job(job)
  File "C:\Users\mhy54\anaconda3\lib\site-packages\schedule\__init__.py", line 172, in _run_job
    ret = job.run()
  File "C:\Users\mhy54\anaconda3\lib\site-packages\schedule\__init__.py", line 661, in run
    ret = self.job_func()
TypeError: testing() missing 1 required positional argument: 'self'

2022-10-25 21:30:19,128 - auto_trading_logger - ERROR - Error while test stage......
Traceback (most recent call last):
  File "c:\Users\mhy54\binance-auto-trading\binance-auto-trading\scheduler.py", line 18, in _run_job
    super()._run_job(job)
  File "C:\Users\mhy54\anaconda3\lib\site-packages\schedule\__init__.py", line 172, in _run_job
    ret = job.run()
  File "C:\Users\mhy54\anaconda3\lib\site-packages\schedule\__init__.py", line 661, in run
    ret = self.job_func()
TypeError: testing() missing 1 required positional argument: 'self'

2022-10-25 21:30:20,141 - auto_trading_logger - ERROR - Error while test stage......
Traceback (most recent call last):
  File "c:\Users\mhy54\binance-auto-trading\binance-auto-trading\scheduler.py", line 18, in _run_job
    super()._run_job(job)
  File "C:\Users\mhy54\anaconda3\lib\site-packages\schedule\__init__.py", line 172, in _run_job
    ret = job.run()
  File "C:\Users\mhy54\anaconda3\lib\site-packages\schedule\__init__.py", line 661, in run
    ret = self.job_func()
TypeError: testing() missing 1 required positional argument: 'self'

2022-10-25 21:30:21,146 - auto_trading_logger - ERROR - Error while test stage......
Traceback (most recent call last):
  File "c:\Users\mhy54\binance-auto-trading\binance-auto-trading\scheduler.py", line 18, in _run_job
    super()._run_job(job)
  File "C:\Users\mhy54\anaconda3\lib\site-packages\schedule\__init__.py", line 172, in _run_job
    ret = job.run()
  File "C:\Users\mhy54\anaconda3\lib\site-packages\schedule\__init__.py", line 661, in run
    ret = self.job_func()
TypeError: testing() missing 1 required positional argument: 'self'

2022-10-25 21:30:22,150 - auto_trading_logger - ERROR - Error while test stage......
Traceback (most recent call last):
  File "c:\Users\mhy54\binance-auto-trading\binance-auto-trading\scheduler.py", line 18, in _run_job
    super()._run_job(job)
  File "C:\Users\mhy54\anaconda3\lib\site-packages\schedule\__init__.py", line 172, in _run_job
    ret = job.run()
  File "C:\Users\mhy54\anaconda3\lib\site-packages\schedule\__init__.py", line 661, in run
    ret = self.job_func()
TypeError: testing() missing 1 required positional argument: 'self'

2022-10-25 21:30:23,164 - auto_trading_logger - ERROR - Error while test stage......
Traceback (most recent call last):
  File "c:\Users\mhy54\binance-auto-trading\binance-auto-trading\scheduler.py", line 18, in _run_job
    super()._run_job(job)
  File "C:\Users\mhy54\anaconda3\lib\site-packages\schedule\__init__.py", line 172, in _run_job
    ret = job.run()
  File "C:\Users\mhy54\anaconda3\lib\site-packages\schedule\__init__.py", line 661, in run
    ret = self.job_func()
TypeError: testing() missing 1 required positional argument: 'self'

2022-10-25 21:30:24,168 - auto_trading_logger - ERROR - Error while test stage......
Traceback (most recent call last):
  File "c:\Users\mhy54\binance-auto-trading\binance-auto-trading\scheduler.py", line 18, in _run_job
    super()._run_job(job)
  File "C:\Users\mhy54\anaconda3\lib\site-packages\schedule\__init__.py", line 172, in _run_job
    ret = job.run()
  File "C:\Users\mhy54\anaconda3\lib\site-packages\schedule\__init__.py", line 661, in run
    ret = self.job_func()
TypeError: testing() missing 1 required positional argument: 'self'

2022-10-25 21:30:25,182 - auto_trading_logger - ERROR - Error while test stage......
Traceback (most recent call last):
  File "c:\Users\mhy54\binance-auto-trading\binance-auto-trading\scheduler.py", line 18, in _run_job
    super()._run_job(job)
  File "C:\Users\mhy54\anaconda3\lib\site-packages\schedule\__init__.py", line 172, in _run_job
    ret = job.run()
  File "C:\Users\mhy54\anaconda3\lib\site-packages\schedule\__init__.py", line 661, in run
    ret = self.job_func()
TypeError: testing() missing 1 required positional argument: 'self'

2022-10-25 21:30:26,198 - auto_trading_logger - ERROR - Error while test stage......
Traceback (most recent call last):
  File "c:\Users\mhy54\binance-auto-trading\binance-auto-trading\scheduler.py", line 18, in _run_job
    super()._run_job(job)
  File "C:\Users\mhy54\anaconda3\lib\site-packages\schedule\__init__.py", line 172, in _run_job
    ret = job.run()
  File "C:\Users\mhy54\anaconda3\lib\site-packages\schedule\__init__.py", line 661, in run
    ret = self.job_func()
TypeError: testing() missing 1 required positional argument: 'self'

2022-10-25 21:30:27,204 - auto_trading_logger - ERROR - Error while test stage......
Traceback (most recent call last):
  File "c:\Users\mhy54\binance-auto-trading\binance-auto-trading\scheduler.py", line 18, in _run_job
    super()._run_job(job)
  File "C:\Users\mhy54\anaconda3\lib\site-packages\schedule\__init__.py", line 172, in _run_job
    ret = job.run()
  File "C:\Users\mhy54\anaconda3\lib\site-packages\schedule\__init__.py", line 661, in run
    ret = self.job_func()
TypeError: testing() missing 1 required positional argument: 'self'

2022-10-25 21:30:28,218 - auto_trading_logger - ERROR - Error while test stage......
Traceback (most recent call last):
  File "c:\Users\mhy54\binance-auto-trading\binance-auto-trading\scheduler.py", line 18, in _run_job
    super()._run_job(job)
  File "C:\Users\mhy54\anaconda3\lib\site-packages\schedule\__init__.py", line 172, in _run_job
    ret = job.run()
  File "C:\Users\mhy54\anaconda3\lib\site-packages\schedule\__init__.py", line 661, in run
    ret = self.job_func()
TypeError: testing() missing 1 required positional argument: 'self'

2022-10-25 21:30:29,222 - auto_trading_logger - ERROR - Error while test stage......
Traceback (most recent call last):
  File "c:\Users\mhy54\binance-auto-trading\binance-auto-trading\scheduler.py", line 18, in _run_job
    super()._run_job(job)
  File "C:\Users\mhy54\anaconda3\lib\site-packages\schedule\__init__.py", line 172, in _run_job
    ret = job.run()
  File "C:\Users\mhy54\anaconda3\lib\site-packages\schedule\__init__.py", line 661, in run
    ret = self.job_func()
TypeError: testing() missing 1 required positional argument: 'self'

2022-10-25 21:30:30,236 - auto_trading_logger - ERROR - Error while test stage......
Traceback (most recent call last):
  File "c:\Users\mhy54\binance-auto-trading\binance-auto-trading\scheduler.py", line 18, in _run_job
    super()._run_job(job)
  File "C:\Users\mhy54\anaconda3\lib\site-packages\schedule\__init__.py", line 172, in _run_job
    ret = job.run()
  File "C:\Users\mhy54\anaconda3\lib\site-packages\schedule\__init__.py", line 661, in run
    ret = self.job_func()
TypeError: testing() missing 1 required positional argument: 'self'

2022-10-25 21:30:31,249 - auto_trading_logger - ERROR - Error while test stage......
Traceback (most recent call last):
  File "c:\Users\mhy54\binance-auto-trading\binance-auto-trading\scheduler.py", line 18, in _run_job
    super()._run_job(job)
  File "C:\Users\mhy54\anaconda3\lib\site-packages\schedule\__init__.py", line 172, in _run_job
    ret = job.run()
  File "C:\Users\mhy54\anaconda3\lib\site-packages\schedule\__init__.py", line 661, in run
    ret = self.job_func()
TypeError: testing() missing 1 required positional argument: 'self'

2022-10-25 21:30:32,261 - auto_trading_logger - ERROR - Error while test stage......
Traceback (most recent call last):
  File "c:\Users\mhy54\binance-auto-trading\binance-auto-trading\scheduler.py", line 18, in _run_job
    super()._run_job(job)
  File "C:\Users\mhy54\anaconda3\lib\site-packages\schedule\__init__.py", line 172, in _run_job
    ret = job.run()
  File "C:\Users\mhy54\anaconda3\lib\site-packages\schedule\__init__.py", line 661, in run
    ret = self.job_func()
TypeError: testing() missing 1 required positional argument: 'self'

2022-10-25 21:30:33,264 - auto_trading_logger - ERROR - Error while test stage......
Traceback (most recent call last):
  File "c:\Users\mhy54\binance-auto-trading\binance-auto-trading\scheduler.py", line 18, in _run_job
    super()._run_job(job)
  File "C:\Users\mhy54\anaconda3\lib\site-packages\schedule\__init__.py", line 172, in _run_job
    ret = job.run()
  File "C:\Users\mhy54\anaconda3\lib\site-packages\schedule\__init__.py", line 661, in run
    ret = self.job_func()
TypeError: testing() missing 1 required positional argument: 'self'

2022-10-25 21:30:34,267 - auto_trading_logger - ERROR - Error while test stage......
Traceback (most recent call last):
  File "c:\Users\mhy54\binance-auto-trading\binance-auto-trading\scheduler.py", line 18, in _run_job
    super()._run_job(job)
  File "C:\Users\mhy54\anaconda3\lib\site-packages\schedule\__init__.py", line 172, in _run_job
    ret = job.run()
  File "C:\Users\mhy54\anaconda3\lib\site-packages\schedule\__init__.py", line 661, in run
    ret = self.job_func()
TypeError: testing() missing 1 required positional argument: 'self'

2022-10-25 21:30:35,283 - auto_trading_logger - ERROR - Error while test stage......
Traceback (most recent call last):
  File "c:\Users\mhy54\binance-auto-trading\binance-auto-trading\scheduler.py", line 18, in _run_job
    super()._run_job(job)
  File "C:\Users\mhy54\anaconda3\lib\site-packages\schedule\__init__.py", line 172, in _run_job
    ret = job.run()
  File "C:\Users\mhy54\anaconda3\lib\site-packages\schedule\__init__.py", line 661, in run
    ret = self.job_func()
TypeError: testing() missing 1 required positional argument: 'self'

2022-10-25 21:30:36,295 - auto_trading_logger - ERROR - Error while test stage......
Traceback (most recent call last):
  File "c:\Users\mhy54\binance-auto-trading\binance-auto-trading\scheduler.py", line 18, in _run_job
    super()._run_job(job)
  File "C:\Users\mhy54\anaconda3\lib\site-packages\schedule\__init__.py", line 172, in _run_job
    ret = job.run()
  File "C:\Users\mhy54\anaconda3\lib\site-packages\schedule\__init__.py", line 661, in run
    ret = self.job_func()
TypeError: testing() missing 1 required positional argument: 'self'

2022-10-25 21:30:37,312 - auto_trading_logger - ERROR - Error while test stage......
Traceback (most recent call last):
  File "c:\Users\mhy54\binance-auto-trading\binance-auto-trading\scheduler.py", line 18, in _run_job
    super()._run_job(job)
  File "C:\Users\mhy54\anaconda3\lib\site-packages\schedule\__init__.py", line 172, in _run_job
    ret = job.run()
  File "C:\Users\mhy54\anaconda3\lib\site-packages\schedule\__init__.py", line 661, in run
    ret = self.job_func()
TypeError: testing() missing 1 required positional argument: 'self'

2022-10-25 21:30:38,326 - auto_trading_logger - ERROR - Error while test stage......
Traceback (most recent call last):
  File "c:\Users\mhy54\binance-auto-trading\binance-auto-trading\scheduler.py", line 18, in _run_job
    super()._run_job(job)
  File "C:\Users\mhy54\anaconda3\lib\site-packages\schedule\__init__.py", line 172, in _run_job
    ret = job.run()
  File "C:\Users\mhy54\anaconda3\lib\site-packages\schedule\__init__.py", line 661, in run
    ret = self.job_func()
TypeError: testing() missing 1 required positional argument: 'self'

2022-10-25 21:30:39,339 - auto_trading_logger - ERROR - Error while test stage......
Traceback (most recent call last):
  File "c:\Users\mhy54\binance-auto-trading\binance-auto-trading\scheduler.py", line 18, in _run_job
    super()._run_job(job)
  File "C:\Users\mhy54\anaconda3\lib\site-packages\schedule\__init__.py", line 172, in _run_job
    ret = job.run()
  File "C:\Users\mhy54\anaconda3\lib\site-packages\schedule\__init__.py", line 661, in run
    ret = self.job_func()
TypeError: testing() missing 1 required positional argument: 'self'

2022-10-25 21:30:40,343 - auto_trading_logger - ERROR - Error while test stage......
Traceback (most recent call last):
  File "c:\Users\mhy54\binance-auto-trading\binance-auto-trading\scheduler.py", line 18, in _run_job
    super()._run_job(job)
  File "C:\Users\mhy54\anaconda3\lib\site-packages\schedule\__init__.py", line 172, in _run_job
    ret = job.run()
  File "C:\Users\mhy54\anaconda3\lib\site-packages\schedule\__init__.py", line 661, in run
    ret = self.job_func()
TypeError: testing() missing 1 required positional argument: 'self'

2022-10-25 21:30:41,356 - auto_trading_logger - ERROR - Error while test stage......
Traceback (most recent call last):
  File "c:\Users\mhy54\binance-auto-trading\binance-auto-trading\scheduler.py", line 18, in _run_job
    super()._run_job(job)
  File "C:\Users\mhy54\anaconda3\lib\site-packages\schedule\__init__.py", line 172, in _run_job
    ret = job.run()
  File "C:\Users\mhy54\anaconda3\lib\site-packages\schedule\__init__.py", line 661, in run
    ret = self.job_func()
TypeError: testing() missing 1 required positional argument: 'self'

2022-10-25 21:30:42,371 - auto_trading_logger - ERROR - Error while test stage......
Traceback (most recent call last):
  File "c:\Users\mhy54\binance-auto-trading\binance-auto-trading\scheduler.py", line 18, in _run_job
    super()._run_job(job)
  File "C:\Users\mhy54\anaconda3\lib\site-packages\schedule\__init__.py", line 172, in _run_job
    ret = job.run()
  File "C:\Users\mhy54\anaconda3\lib\site-packages\schedule\__init__.py", line 661, in run
    ret = self.job_func()
TypeError: testing() missing 1 required positional argument: 'self'

2022-10-25 21:30:43,383 - auto_trading_logger - ERROR - Error while test stage......
Traceback (most recent call last):
  File "c:\Users\mhy54\binance-auto-trading\binance-auto-trading\scheduler.py", line 18, in _run_job
    super()._run_job(job)
  File "C:\Users\mhy54\anaconda3\lib\site-packages\schedule\__init__.py", line 172, in _run_job
    ret = job.run()
  File "C:\Users\mhy54\anaconda3\lib\site-packages\schedule\__init__.py", line 661, in run
    ret = self.job_func()
TypeError: testing() missing 1 required positional argument: 'self'

2022-10-25 21:30:44,389 - auto_trading_logger - ERROR - Error while test stage......
Traceback (most recent call last):
  File "c:\Users\mhy54\binance-auto-trading\binance-auto-trading\scheduler.py", line 18, in _run_job
    super()._run_job(job)
  File "C:\Users\mhy54\anaconda3\lib\site-packages\schedule\__init__.py", line 172, in _run_job
    ret = job.run()
  File "C:\Users\mhy54\anaconda3\lib\site-packages\schedule\__init__.py", line 661, in run
    ret = self.job_func()
TypeError: testing() missing 1 required positional argument: 'self'

2022-10-25 21:30:45,407 - auto_trading_logger - ERROR - Error while test stage......
Traceback (most recent call last):
  File "c:\Users\mhy54\binance-auto-trading\binance-auto-trading\scheduler.py", line 18, in _run_job
    super()._run_job(job)
  File "C:\Users\mhy54\anaconda3\lib\site-packages\schedule\__init__.py", line 172, in _run_job
    ret = job.run()
  File "C:\Users\mhy54\anaconda3\lib\site-packages\schedule\__init__.py", line 661, in run
    ret = self.job_func()
TypeError: testing() missing 1 required positional argument: 'self'

2022-10-25 21:30:46,411 - auto_trading_logger - ERROR - Error while test stage......
Traceback (most recent call last):
  File "c:\Users\mhy54\binance-auto-trading\binance-auto-trading\scheduler.py", line 18, in _run_job
    super()._run_job(job)
  File "C:\Users\mhy54\anaconda3\lib\site-packages\schedule\__init__.py", line 172, in _run_job
    ret = job.run()
  File "C:\Users\mhy54\anaconda3\lib\site-packages\schedule\__init__.py", line 661, in run
    ret = self.job_func()
TypeError: testing() missing 1 required positional argument: 'self'

2022-10-25 21:30:47,421 - auto_trading_logger - ERROR - Error while test stage......
Traceback (most recent call last):
  File "c:\Users\mhy54\binance-auto-trading\binance-auto-trading\scheduler.py", line 18, in _run_job
    super()._run_job(job)
  File "C:\Users\mhy54\anaconda3\lib\site-packages\schedule\__init__.py", line 172, in _run_job
    ret = job.run()
  File "C:\Users\mhy54\anaconda3\lib\site-packages\schedule\__init__.py", line 661, in run
    ret = self.job_func()
TypeError: testing() missing 1 required positional argument: 'self'

2022-10-25 21:30:48,436 - auto_trading_logger - ERROR - Error while test stage......
Traceback (most recent call last):
  File "c:\Users\mhy54\binance-auto-trading\binance-auto-trading\scheduler.py", line 18, in _run_job
    super()._run_job(job)
  File "C:\Users\mhy54\anaconda3\lib\site-packages\schedule\__init__.py", line 172, in _run_job
    ret = job.run()
  File "C:\Users\mhy54\anaconda3\lib\site-packages\schedule\__init__.py", line 661, in run
    ret = self.job_func()
TypeError: testing() missing 1 required positional argument: 'self'

2022-10-25 21:30:49,453 - auto_trading_logger - ERROR - Error while test stage......
Traceback (most recent call last):
  File "c:\Users\mhy54\binance-auto-trading\binance-auto-trading\scheduler.py", line 18, in _run_job
    super()._run_job(job)
  File "C:\Users\mhy54\anaconda3\lib\site-packages\schedule\__init__.py", line 172, in _run_job
    ret = job.run()
  File "C:\Users\mhy54\anaconda3\lib\site-packages\schedule\__init__.py", line 661, in run
    ret = self.job_func()
TypeError: testing() missing 1 required positional argument: 'self'

2022-10-25 21:30:50,462 - auto_trading_logger - ERROR - Error while test stage......
Traceback (most recent call last):
  File "c:\Users\mhy54\binance-auto-trading\binance-auto-trading\scheduler.py", line 18, in _run_job
    super()._run_job(job)
  File "C:\Users\mhy54\anaconda3\lib\site-packages\schedule\__init__.py", line 172, in _run_job
    ret = job.run()
  File "C:\Users\mhy54\anaconda3\lib\site-packages\schedule\__init__.py", line 661, in run
    ret = self.job_func()
TypeError: testing() missing 1 required positional argument: 'self'

